[2022-05-25T10:31:45+08:00][sql] CONNECT:[ UseTime:0.000666s ] mysql:host=127.0.0.1;port=3306;dbname=jzapp_qingyunjia;charset=utf8
[2022-05-25T10:31:45+08:00][sql] SHOW FULL COLUMNS FROM `jz_user` [ RunTime:0.000831s ]
[2022-05-25T10:31:45+08:00][sql] SELECT * FROM `jz_user` WHERE  `username` = '111' LIMIT 1 [ RunTime:0.000264s ]
[2022-05-25T10:31:56+08:00][sql] CONNECT:[ UseTime:0.000393s ] mysql:host=127.0.0.1;port=3306;dbname=jzapp_qingyunjia;charset=utf8
[2022-05-25T10:31:56+08:00][sql] SHOW FULL COLUMNS FROM `jz_user` [ RunTime:0.002120s ]
[2022-05-25T10:31:56+08:00][sql] SELECT * FROM `jz_user` WHERE  `username` = '蛋炒饭' LIMIT 1 [ RunTime:0.000412s ]
[2022-05-25T10:31:56+08:00][sql] CONNECT:[ UseTime:0.000358s ] mysql:host=127.0.0.1;port=3306;dbname=jzapp_qingyunjia;charset=utf8
[2022-05-25T10:31:56+08:00][sql] SHOW FULL COLUMNS FROM `jz_record` [ RunTime:0.000889s ]
[2022-05-25T10:31:56+08:00][sql] SELECT SUM(`money`) AS think_sum FROM `jz_record` WHERE  `userid` = '001001'  AND `CreatTime` BETWEEN '2022-01-01 00:00:00' AND '2022-12-31 23:59:59' LIMIT 1 [ RunTime:0.000346s ]
[2022-05-25T10:31:56+08:00][sql] SELECT SUM(`money`) AS think_sum FROM `jz_record` WHERE  `userid` = '001001'  AND `CreatTime` BETWEEN '2022-05-01 00:00:00' AND '2022-05-31 23:59:59' LIMIT 1 [ RunTime:0.000217s ]
[2022-05-25T10:31:56+08:00][sql] SELECT SUM(`money`) AS think_sum FROM `jz_record` WHERE  `userid` = '001001'  AND `CreatTime` BETWEEN '2022-05-23 00:00:00' AND '2022-05-29 23:59:59' LIMIT 1 [ RunTime:0.000288s ]
[2022-05-25T10:31:56+08:00][sql] SELECT SUM(`money`) AS think_sum FROM `jz_record` WHERE  `userid` = '001001'  AND `CreatTime` BETWEEN '2022-05-25 00:00:00' AND '2022-05-25 23:59:59' LIMIT 1 [ RunTime:0.000208s ]
[2022-05-25T10:31:56+08:00][sql] SELECT * FROM `jz_record` WHERE  `userid` = '001001' ORDER BY `time` DESC LIMIT 6 [ RunTime:0.000269s ]
[2022-05-25T10:31:57+08:00][error] [2]file_get_contents(https://api.vvhan.com/api/rand.music?type=json&amp;sort=热歌榜): failed to open stream: HTTP request failed! HTTP/1.1 502 Bad Gateway
[/www/wwwroot/jzapp.qingyunjian.cn/app/api/controller/Index.php:29]
[2022-05-25T10:38:26+08:00][error] [2]file_get_contents(https://api.vvhan.com/api/rand.music?type=json&amp;sort=热歌榜): failed to open stream: HTTP request failed! HTTP/1.1 502 Bad Gateway
[/www/wwwroot/jzapp.qingyunjian.cn/app/api/controller/Index.php:29]
[2022-05-25T10:38:26+08:00][sql] CONNECT:[ UseTime:0.000383s ] mysql:host=127.0.0.1;port=3306;dbname=jzapp_qingyunjia;charset=utf8
[2022-05-25T10:38:26+08:00][sql] SHOW FULL COLUMNS FROM `jz_record` [ RunTime:0.000705s ]
[2022-05-25T10:38:26+08:00][sql] SELECT SUM(`money`) AS think_sum FROM `jz_record` WHERE  `userid` = '001001'  AND `CreatTime` BETWEEN '2022-01-01 00:00:00' AND '2022-12-31 23:59:59' LIMIT 1 [ RunTime:0.000300s ]
[2022-05-25T10:38:26+08:00][sql] SELECT SUM(`money`) AS think_sum FROM `jz_record` WHERE  `userid` = '001001'  AND `CreatTime` BETWEEN '2022-05-01 00:00:00' AND '2022-05-31 23:59:59' LIMIT 1 [ RunTime:0.000250s ]
[2022-05-25T10:38:26+08:00][sql] SELECT SUM(`money`) AS think_sum FROM `jz_record` WHERE  `userid` = '001001'  AND `CreatTime` BETWEEN '2022-05-23 00:00:00' AND '2022-05-29 23:59:59' LIMIT 1 [ RunTime:0.000283s ]
[2022-05-25T10:38:26+08:00][sql] SELECT SUM(`money`) AS think_sum FROM `jz_record` WHERE  `userid` = '001001'  AND `CreatTime` BETWEEN '2022-05-25 00:00:00' AND '2022-05-25 23:59:59' LIMIT 1 [ RunTime:0.000226s ]
[2022-05-25T10:38:26+08:00][sql] SELECT * FROM `jz_record` WHERE  `userid` = '001001' ORDER BY `time` DESC LIMIT 6 [ RunTime:0.000292s ]
[2022-05-25T10:39:19+08:00][sql] CONNECT:[ UseTime:0.000471s ] mysql:host=127.0.0.1;port=3306;dbname=jzapp_qingyunjia;charset=utf8
[2022-05-25T10:39:19+08:00][sql] SHOW FULL COLUMNS FROM `jz_record` [ RunTime:0.002203s ]
[2022-05-25T10:39:19+08:00][sql] SELECT SUM(`money`) AS think_sum FROM `jz_record` WHERE  `userid` = '001001'  AND `CreatTime` BETWEEN '2022-01-01 00:00:00' AND '2022-12-31 23:59:59' LIMIT 1 [ RunTime:0.000289s ]
[2022-05-25T10:39:19+08:00][sql] SELECT SUM(`money`) AS think_sum FROM `jz_record` WHERE  `userid` = '001001'  AND `CreatTime` BETWEEN '2022-05-01 00:00:00' AND '2022-05-31 23:59:59' LIMIT 1 [ RunTime:0.000286s ]
[2022-05-25T10:39:19+08:00][sql] SELECT SUM(`money`) AS think_sum FROM `jz_record` WHERE  `userid` = '001001'  AND `CreatTime` BETWEEN '2022-05-23 00:00:00' AND '2022-05-29 23:59:59' LIMIT 1 [ RunTime:0.000222s ]
[2022-05-25T10:39:19+08:00][sql] SELECT SUM(`money`) AS think_sum FROM `jz_record` WHERE  `userid` = '001001'  AND `CreatTime` BETWEEN '2022-05-25 00:00:00' AND '2022-05-25 23:59:59' LIMIT 1 [ RunTime:0.000283s ]
[2022-05-25T10:39:19+08:00][sql] SELECT * FROM `jz_record` WHERE  `userid` = '001001' ORDER BY `time` DESC LIMIT 6 [ RunTime:0.000303s ]
[2022-05-25T10:39:19+08:00][error] [2]file_get_contents(https://api.vvhan.com/api/rand.music?type=json&amp;sort=热歌榜): failed to open stream: HTTP request failed! HTTP/1.1 502 Bad Gateway
[/www/wwwroot/jzapp.qingyunjian.cn/app/api/controller/Index.php:29]
[2022-05-25T10:39:26+08:00][sql] CONNECT:[ UseTime:0.000375s ] mysql:host=127.0.0.1;port=3306;dbname=jzapp_qingyunjia;charset=utf8
[2022-05-25T10:39:26+08:00][sql] SHOW FULL COLUMNS FROM `jz_record` [ RunTime:0.001012s ]
[2022-05-25T10:39:26+08:00][sql] SELECT SUM(`money`) AS think_sum FROM `jz_record` WHERE  `userid` = '001001'  AND `CreatTime` BETWEEN '2022-01-01 00:00:00' AND '2022-12-31 23:59:59' LIMIT 1 [ RunTime:0.000402s ]
[2022-05-25T10:39:26+08:00][sql] SELECT SUM(`money`) AS think_sum FROM `jz_record` WHERE  `userid` = '001001'  AND `CreatTime` BETWEEN '2022-05-01 00:00:00' AND '2022-05-31 23:59:59' LIMIT 1 [ RunTime:0.000334s ]
[2022-05-25T10:39:26+08:00][sql] SELECT SUM(`money`) AS think_sum FROM `jz_record` WHERE  `userid` = '001001'  AND `CreatTime` BETWEEN '2022-05-23 00:00:00' AND '2022-05-29 23:59:59' LIMIT 1 [ RunTime:0.000325s ]
[2022-05-25T10:39:26+08:00][sql] SELECT SUM(`money`) AS think_sum FROM `jz_record` WHERE  `userid` = '001001'  AND `CreatTime` BETWEEN '2022-05-25 00:00:00' AND '2022-05-25 23:59:59' LIMIT 1 [ RunTime:0.000334s ]
[2022-05-25T10:39:26+08:00][sql] SELECT * FROM `jz_record` WHERE  `userid` = '001001' ORDER BY `time` DESC LIMIT 6 [ RunTime:0.000324s ]
[2022-05-25T10:39:27+08:00][error] [2]file_get_contents(https://api.vvhan.com/api/rand.music?type=json&amp;sort=热歌榜): failed to open stream: HTTP request failed! HTTP/1.1 502 Bad Gateway
[/www/wwwroot/jzapp.qingyunjian.cn/app/api/controller/Index.php:29]
[2022-05-25T10:42:17+08:00][sql] CONNECT:[ UseTime:0.000338s ] mysql:host=127.0.0.1;port=3306;dbname=jzapp_qingyunjia;charset=utf8
[2022-05-25T10:42:17+08:00][sql] SHOW FULL COLUMNS FROM `jz_record` [ RunTime:0.000749s ]
[2022-05-25T10:42:17+08:00][sql] SELECT SUM(`money`) AS think_sum FROM `jz_record` WHERE  `userid` = '001001'  AND `CreatTime` BETWEEN '2022-01-01 00:00:00' AND '2022-12-31 23:59:59' LIMIT 1 [ RunTime:0.000345s ]
[2022-05-25T10:42:17+08:00][sql] SELECT SUM(`money`) AS think_sum FROM `jz_record` WHERE  `userid` = '001001'  AND `CreatTime` BETWEEN '2022-05-01 00:00:00' AND '2022-05-31 23:59:59' LIMIT 1 [ RunTime:0.000267s ]
[2022-05-25T10:42:17+08:00][sql] SELECT SUM(`money`) AS think_sum FROM `jz_record` WHERE  `userid` = '001001'  AND `CreatTime` BETWEEN '2022-05-23 00:00:00' AND '2022-05-29 23:59:59' LIMIT 1 [ RunTime:0.000266s ]
[2022-05-25T10:42:17+08:00][sql] SELECT SUM(`money`) AS think_sum FROM `jz_record` WHERE  `userid` = '001001'  AND `CreatTime` BETWEEN '2022-05-25 00:00:00' AND '2022-05-25 23:59:59' LIMIT 1 [ RunTime:0.000291s ]
[2022-05-25T10:42:17+08:00][sql] SELECT * FROM `jz_record` WHERE  `userid` = '001001' ORDER BY `time` DESC LIMIT 6 [ RunTime:0.000326s ]
[2022-05-25T10:42:17+08:00][error] [0]Call to undefined function app\api\controller\http_get()[/www/wwwroot/jzapp.qingyunjian.cn/app/api/controller/Index.php:29]
[2022-05-25T10:42:56+08:00][error] [0]Call to undefined function app\api\controller\http_get()[/www/wwwroot/jzapp.qingyunjian.cn/app/api/controller/Index.php:29]
[2022-05-25T10:42:56+08:00][sql] CONNECT:[ UseTime:0.000438s ] mysql:host=127.0.0.1;port=3306;dbname=jzapp_qingyunjia;charset=utf8
[2022-05-25T10:42:56+08:00][sql] SHOW FULL COLUMNS FROM `jz_record` [ RunTime:0.000731s ]
[2022-05-25T10:42:56+08:00][sql] SELECT SUM(`money`) AS think_sum FROM `jz_record` WHERE  `userid` = '001001'  AND `CreatTime` BETWEEN '2022-01-01 00:00:00' AND '2022-12-31 23:59:59' LIMIT 1 [ RunTime:0.000314s ]
[2022-05-25T10:42:56+08:00][sql] SELECT SUM(`money`) AS think_sum FROM `jz_record` WHERE  `userid` = '001001'  AND `CreatTime` BETWEEN '2022-05-01 00:00:00' AND '2022-05-31 23:59:59' LIMIT 1 [ RunTime:0.000209s ]
[2022-05-25T10:42:56+08:00][sql] SELECT SUM(`money`) AS think_sum FROM `jz_record` WHERE  `userid` = '001001'  AND `CreatTime` BETWEEN '2022-05-23 00:00:00' AND '2022-05-29 23:59:59' LIMIT 1 [ RunTime:0.000233s ]
[2022-05-25T10:42:56+08:00][sql] SELECT SUM(`money`) AS think_sum FROM `jz_record` WHERE  `userid` = '001001'  AND `CreatTime` BETWEEN '2022-05-25 00:00:00' AND '2022-05-25 23:59:59' LIMIT 1 [ RunTime:0.000226s ]
[2022-05-25T10:42:56+08:00][sql] SELECT * FROM `jz_record` WHERE  `userid` = '001001' ORDER BY `time` DESC LIMIT 6 [ RunTime:0.000325s ]
[2022-05-25T10:43:11+08:00][error] [0]Call to undefined function app\api\controller\http_get()[/www/wwwroot/jzapp.qingyunjian.cn/app/api/controller/Index.php:29]
[2022-05-25T10:43:11+08:00][sql] CONNECT:[ UseTime:0.000389s ] mysql:host=127.0.0.1;port=3306;dbname=jzapp_qingyunjia;charset=utf8
[2022-05-25T10:43:11+08:00][sql] SHOW FULL COLUMNS FROM `jz_record` [ RunTime:0.000674s ]
[2022-05-25T10:43:11+08:00][sql] SELECT SUM(`money`) AS think_sum FROM `jz_record` WHERE  `userid` = '001001'  AND `CreatTime` BETWEEN '2022-01-01 00:00:00' AND '2022-12-31 23:59:59' LIMIT 1 [ RunTime:0.000298s ]
[2022-05-25T10:43:11+08:00][sql] SELECT SUM(`money`) AS think_sum FROM `jz_record` WHERE  `userid` = '001001'  AND `CreatTime` BETWEEN '2022-05-01 00:00:00' AND '2022-05-31 23:59:59' LIMIT 1 [ RunTime:0.000225s ]
[2022-05-25T10:43:11+08:00][sql] SELECT SUM(`money`) AS think_sum FROM `jz_record` WHERE  `userid` = '001001'  AND `CreatTime` BETWEEN '2022-05-23 00:00:00' AND '2022-05-29 23:59:59' LIMIT 1 [ RunTime:0.000225s ]
[2022-05-25T10:43:11+08:00][sql] SELECT SUM(`money`) AS think_sum FROM `jz_record` WHERE  `userid` = '001001'  AND `CreatTime` BETWEEN '2022-05-25 00:00:00' AND '2022-05-25 23:59:59' LIMIT 1 [ RunTime:0.000205s ]
[2022-05-25T10:43:11+08:00][sql] SELECT * FROM `jz_record` WHERE  `userid` = '001001' ORDER BY `time` DESC LIMIT 6 [ RunTime:0.000249s ]
[2022-05-25T10:44:35+08:00][error] [0]Call to undefined function app\api\controller\http_get()[/www/wwwroot/jzapp.qingyunjian.cn/app/api/controller/Index.php:29]
[2022-05-25T10:44:35+08:00][sql] CONNECT:[ UseTime:0.000335s ] mysql:host=127.0.0.1;port=3306;dbname=jzapp_qingyunjia;charset=utf8
[2022-05-25T10:44:35+08:00][sql] SHOW FULL COLUMNS FROM `jz_record` [ RunTime:0.000750s ]
[2022-05-25T10:44:35+08:00][sql] SELECT SUM(`money`) AS think_sum FROM `jz_record` WHERE  `userid` = '001001'  AND `CreatTime` BETWEEN '2022-01-01 00:00:00' AND '2022-12-31 23:59:59' LIMIT 1 [ RunTime:0.000325s ]
[2022-05-25T10:44:35+08:00][sql] SELECT SUM(`money`) AS think_sum FROM `jz_record` WHERE  `userid` = '001001'  AND `CreatTime` BETWEEN '2022-05-01 00:00:00' AND '2022-05-31 23:59:59' LIMIT 1 [ RunTime:0.000260s ]
[2022-05-25T10:44:35+08:00][sql] SELECT SUM(`money`) AS think_sum FROM `jz_record` WHERE  `userid` = '001001'  AND `CreatTime` BETWEEN '2022-05-23 00:00:00' AND '2022-05-29 23:59:59' LIMIT 1 [ RunTime:0.000255s ]
[2022-05-25T10:44:35+08:00][sql] SELECT SUM(`money`) AS think_sum FROM `jz_record` WHERE  `userid` = '001001'  AND `CreatTime` BETWEEN '2022-05-25 00:00:00' AND '2022-05-25 23:59:59' LIMIT 1 [ RunTime:0.000219s ]
[2022-05-25T10:44:35+08:00][sql] SELECT * FROM `jz_record` WHERE  `userid` = '001001' ORDER BY `time` DESC LIMIT 6 [ RunTime:0.000268s ]
[2022-05-25T10:44:56+08:00][error] [0]Call to undefined function app\api\controller\http_get()[/www/wwwroot/jzapp.qingyunjian.cn/app/api/controller/Index.php:29]
[2022-05-25T10:44:56+08:00][sql] CONNECT:[ UseTime:0.000406s ] mysql:host=127.0.0.1;port=3306;dbname=jzapp_qingyunjia;charset=utf8
[2022-05-25T10:44:56+08:00][sql] SHOW FULL COLUMNS FROM `jz_record` [ RunTime:0.000706s ]
[2022-05-25T10:44:56+08:00][sql] SELECT SUM(`money`) AS think_sum FROM `jz_record` WHERE  `userid` = '001001'  AND `CreatTime` BETWEEN '2022-01-01 00:00:00' AND '2022-12-31 23:59:59' LIMIT 1 [ RunTime:0.000320s ]
[2022-05-25T10:44:56+08:00][sql] SELECT SUM(`money`) AS think_sum FROM `jz_record` WHERE  `userid` = '001001'  AND `CreatTime` BETWEEN '2022-05-01 00:00:00' AND '2022-05-31 23:59:59' LIMIT 1 [ RunTime:0.000227s ]
[2022-05-25T10:44:56+08:00][sql] SELECT SUM(`money`) AS think_sum FROM `jz_record` WHERE  `userid` = '001001'  AND `CreatTime` BETWEEN '2022-05-23 00:00:00' AND '2022-05-29 23:59:59' LIMIT 1 [ RunTime:0.000223s ]
[2022-05-25T10:44:56+08:00][sql] SELECT SUM(`money`) AS think_sum FROM `jz_record` WHERE  `userid` = '001001'  AND `CreatTime` BETWEEN '2022-05-25 00:00:00' AND '2022-05-25 23:59:59' LIMIT 1 [ RunTime:0.000203s ]
[2022-05-25T10:44:56+08:00][sql] SELECT * FROM `jz_record` WHERE  `userid` = '001001' ORDER BY `time` DESC LIMIT 6 [ RunTime:0.000260s ]
[2022-05-25T10:46:54+08:00][error] [0]Call to undefined function app\api\controller\http_get()[/www/wwwroot/jzapp.qingyunjian.cn/app/api/controller/Index.php:29]
[2022-05-25T10:46:54+08:00][sql] CONNECT:[ UseTime:0.000316s ] mysql:host=127.0.0.1;port=3306;dbname=jzapp_qingyunjia;charset=utf8
[2022-05-25T10:46:54+08:00][sql] SHOW FULL COLUMNS FROM `jz_record` [ RunTime:0.000688s ]
[2022-05-25T10:46:54+08:00][sql] SELECT SUM(`money`) AS think_sum FROM `jz_record` WHERE  `userid` = '001001'  AND `CreatTime` BETWEEN '2022-01-01 00:00:00' AND '2022-12-31 23:59:59' LIMIT 1 [ RunTime:0.000318s ]
[2022-05-25T10:46:54+08:00][sql] SELECT SUM(`money`) AS think_sum FROM `jz_record` WHERE  `userid` = '001001'  AND `CreatTime` BETWEEN '2022-05-01 00:00:00' AND '2022-05-31 23:59:59' LIMIT 1 [ RunTime:0.000244s ]
[2022-05-25T10:46:54+08:00][sql] SELECT SUM(`money`) AS think_sum FROM `jz_record` WHERE  `userid` = '001001'  AND `CreatTime` BETWEEN '2022-05-23 00:00:00' AND '2022-05-29 23:59:59' LIMIT 1 [ RunTime:0.000209s ]
[2022-05-25T10:46:54+08:00][sql] SELECT SUM(`money`) AS think_sum FROM `jz_record` WHERE  `userid` = '001001'  AND `CreatTime` BETWEEN '2022-05-25 00:00:00' AND '2022-05-25 23:59:59' LIMIT 1 [ RunTime:0.000212s ]
[2022-05-25T10:46:54+08:00][sql] SELECT * FROM `jz_record` WHERE  `userid` = '001001' ORDER BY `time` DESC LIMIT 6 [ RunTime:0.000254s ]
[2022-05-25T10:47:48+08:00][sql] CONNECT:[ UseTime:0.000440s ] mysql:host=127.0.0.1;port=3306;dbname=jzapp_qingyunjia;charset=utf8
[2022-05-25T10:47:48+08:00][sql] SHOW FULL COLUMNS FROM `jz_record` [ RunTime:0.000702s ]
[2022-05-25T10:47:48+08:00][sql] SELECT SUM(`money`) AS think_sum FROM `jz_record` WHERE  `userid` = '001001'  AND `CreatTime` BETWEEN '2022-01-01 00:00:00' AND '2022-12-31 23:59:59' LIMIT 1 [ RunTime:0.000361s ]
[2022-05-25T10:47:48+08:00][sql] SELECT SUM(`money`) AS think_sum FROM `jz_record` WHERE  `userid` = '001001'  AND `CreatTime` BETWEEN '2022-05-01 00:00:00' AND '2022-05-31 23:59:59' LIMIT 1 [ RunTime:0.000203s ]
[2022-05-25T10:47:48+08:00][sql] SELECT SUM(`money`) AS think_sum FROM `jz_record` WHERE  `userid` = '001001'  AND `CreatTime` BETWEEN '2022-05-23 00:00:00' AND '2022-05-29 23:59:59' LIMIT 1 [ RunTime:0.000212s ]
[2022-05-25T10:47:48+08:00][sql] SELECT SUM(`money`) AS think_sum FROM `jz_record` WHERE  `userid` = '001001'  AND `CreatTime` BETWEEN '2022-05-25 00:00:00' AND '2022-05-25 23:59:59' LIMIT 1 [ RunTime:0.000257s ]
[2022-05-25T10:47:48+08:00][sql] SELECT * FROM `jz_record` WHERE  `userid` = '001001' ORDER BY `time` DESC LIMIT 6 [ RunTime:0.000246s ]
[2022-05-25T10:47:48+08:00][error] [0]Call to undefined method app\api\controller\Index::json_decode()[/www/wwwroot/jzapp.qingyunjian.cn/app/api/controller/Index.php:31]
[2022-05-25T10:48:06+08:00][sql] CONNECT:[ UseTime:0.000436s ] mysql:host=127.0.0.1;port=3306;dbname=jzapp_qingyunjia;charset=utf8
[2022-05-25T10:48:06+08:00][sql] SHOW FULL COLUMNS FROM `jz_record` [ RunTime:0.000722s ]
[2022-05-25T10:48:06+08:00][sql] SELECT SUM(`money`) AS think_sum FROM `jz_record` WHERE  `userid` = '001001'  AND `CreatTime` BETWEEN '2022-01-01 00:00:00' AND '2022-12-31 23:59:59' LIMIT 1 [ RunTime:0.000314s ]
[2022-05-25T10:48:06+08:00][sql] SELECT SUM(`money`) AS think_sum FROM `jz_record` WHERE  `userid` = '001001'  AND `CreatTime` BETWEEN '2022-05-01 00:00:00' AND '2022-05-31 23:59:59' LIMIT 1 [ RunTime:0.000220s ]
[2022-05-25T10:48:06+08:00][sql] SELECT SUM(`money`) AS think_sum FROM `jz_record` WHERE  `userid` = '001001'  AND `CreatTime` BETWEEN '2022-05-23 00:00:00' AND '2022-05-29 23:59:59' LIMIT 1 [ RunTime:0.000203s ]
[2022-05-25T10:48:06+08:00][sql] SELECT SUM(`money`) AS think_sum FROM `jz_record` WHERE  `userid` = '001001'  AND `CreatTime` BETWEEN '2022-05-25 00:00:00' AND '2022-05-25 23:59:59' LIMIT 1 [ RunTime:0.000243s ]
[2022-05-25T10:48:06+08:00][sql] SELECT * FROM `jz_record` WHERE  `userid` = '001001' ORDER BY `time` DESC LIMIT 6 [ RunTime:0.000268s ]
[2022-05-25T12:24:28+08:00][error] [8]未定义数组索引: userid[/www/wwwroot/jzapp.qingyunjian.cn/app/api/controller/Record.php:26]
[2022-05-25T16:00:46+08:00][sql] CONNECT:[ UseTime:0.000390s ] mysql:host=127.0.0.1;port=3306;dbname=jzapp_qingyunjia;charset=utf8
[2022-05-25T16:00:46+08:00][sql] SHOW FULL COLUMNS FROM `jz_record` [ RunTime:0.000699s ]
[2022-05-25T16:00:46+08:00][sql] SELECT SUM(`money`) AS think_sum FROM `jz_record` WHERE  `userid` = '001001'  AND `CreatTime` BETWEEN '2022-01-01 00:00:00' AND '2022-12-31 23:59:59' LIMIT 1 [ RunTime:0.000292s ]
[2022-05-25T16:00:46+08:00][sql] SELECT SUM(`money`) AS think_sum FROM `jz_record` WHERE  `userid` = '001001'  AND `CreatTime` BETWEEN '2022-05-01 00:00:00' AND '2022-05-31 23:59:59' LIMIT 1 [ RunTime:0.000241s ]
[2022-05-25T16:00:46+08:00][sql] SELECT SUM(`money`) AS think_sum FROM `jz_record` WHERE  `userid` = '001001'  AND `CreatTime` BETWEEN '2022-05-23 00:00:00' AND '2022-05-29 23:59:59' LIMIT 1 [ RunTime:0.000204s ]
[2022-05-25T16:00:46+08:00][sql] SELECT SUM(`money`) AS think_sum FROM `jz_record` WHERE  `userid` = '001001'  AND `CreatTime` BETWEEN '2022-05-25 00:00:00' AND '2022-05-25 23:59:59' LIMIT 1 [ RunTime:0.000202s ]
[2022-05-25T16:00:46+08:00][sql] SELECT * FROM `jz_record` WHERE  `userid` = '001001' ORDER BY `time` DESC LIMIT 6 [ RunTime:0.000245s ]
[2022-05-25T16:00:55+08:00][sql] CONNECT:[ UseTime:0.000318s ] mysql:host=127.0.0.1;port=3306;dbname=jzapp_qingyunjia;charset=utf8
[2022-05-25T16:00:55+08:00][sql] SHOW FULL COLUMNS FROM `jz_record` [ RunTime:0.000777s ]
[2022-05-25T16:00:55+08:00][sql] SELECT SUM(`money`) AS think_sum FROM `jz_record` WHERE  `userid` = '001001'  AND `CreatTime` BETWEEN '2022-01-01 00:00:00' AND '2022-12-31 23:59:59' LIMIT 1 [ RunTime:0.000335s ]
[2022-05-25T16:00:55+08:00][sql] SELECT SUM(`money`) AS think_sum FROM `jz_record` WHERE  `userid` = '001001'  AND `CreatTime` BETWEEN '2022-05-01 00:00:00' AND '2022-05-31 23:59:59' LIMIT 1 [ RunTime:0.000278s ]
[2022-05-25T16:00:55+08:00][sql] SELECT SUM(`money`) AS think_sum FROM `jz_record` WHERE  `userid` = '001001'  AND `CreatTime` BETWEEN '2022-05-23 00:00:00' AND '2022-05-29 23:59:59' LIMIT 1 [ RunTime:0.000259s ]
[2022-05-25T16:00:55+08:00][sql] SELECT SUM(`money`) AS think_sum FROM `jz_record` WHERE  `userid` = '001001'  AND `CreatTime` BETWEEN '2022-05-25 00:00:00' AND '2022-05-25 23:59:59' LIMIT 1 [ RunTime:0.000270s ]
[2022-05-25T16:00:55+08:00][sql] SELECT * FROM `jz_record` WHERE  `userid` = '001001' ORDER BY `time` DESC LIMIT 6 [ RunTime:0.000325s ]
[2022-05-25T16:02:00+08:00][sql] CONNECT:[ UseTime:0.000401s ] mysql:host=127.0.0.1;port=3306;dbname=jzapp_qingyunjia;charset=utf8
[2022-05-25T16:02:00+08:00][sql] SHOW FULL COLUMNS FROM `jz_record` [ RunTime:0.000720s ]
[2022-05-25T16:02:00+08:00][sql] SELECT SUM(`money`) AS think_sum FROM `jz_record` WHERE  `userid` = '001001'  AND `CreatTime` BETWEEN '2022-01-01 00:00:00' AND '2022-12-31 23:59:59' LIMIT 1 [ RunTime:0.000321s ]
[2022-05-25T16:02:00+08:00][sql] SELECT SUM(`money`) AS think_sum FROM `jz_record` WHERE  `userid` = '001001'  AND `CreatTime` BETWEEN '2022-05-01 00:00:00' AND '2022-05-31 23:59:59' LIMIT 1 [ RunTime:0.000263s ]
[2022-05-25T16:02:00+08:00][sql] SELECT SUM(`money`) AS think_sum FROM `jz_record` WHERE  `userid` = '001001'  AND `CreatTime` BETWEEN '2022-05-23 00:00:00' AND '2022-05-29 23:59:59' LIMIT 1 [ RunTime:0.000217s ]
[2022-05-25T16:02:00+08:00][sql] SELECT SUM(`money`) AS think_sum FROM `jz_record` WHERE  `userid` = '001001'  AND `CreatTime` BETWEEN '2022-05-25 00:00:00' AND '2022-05-25 23:59:59' LIMIT 1 [ RunTime:0.000236s ]
[2022-05-25T16:02:00+08:00][sql] SELECT * FROM `jz_record` WHERE  `userid` = '001001' ORDER BY `time` DESC LIMIT 6 [ RunTime:0.000261s ]
[2022-05-25T16:02:52+08:00][sql] CONNECT:[ UseTime:0.000342s ] mysql:host=127.0.0.1;port=3306;dbname=jzapp_qingyunjia;charset=utf8
[2022-05-25T16:02:52+08:00][sql] SHOW FULL COLUMNS FROM `jz_record` [ RunTime:0.000928s ]
[2022-05-25T16:02:52+08:00][sql] SELECT SUM(`money`) AS think_sum FROM `jz_record` WHERE  `userid` = '001001'  AND `CreatTime` BETWEEN '2022-01-01 00:00:00' AND '2022-12-31 23:59:59' LIMIT 1 [ RunTime:0.000521s ]
[2022-05-25T16:02:52+08:00][sql] SELECT SUM(`money`) AS think_sum FROM `jz_record` WHERE  `userid` = '001001'  AND `CreatTime` BETWEEN '2022-05-01 00:00:00' AND '2022-05-31 23:59:59' LIMIT 1 [ RunTime:0.000263s ]
[2022-05-25T16:02:52+08:00][sql] SELECT SUM(`money`) AS think_sum FROM `jz_record` WHERE  `userid` = '001001'  AND `CreatTime` BETWEEN '2022-05-23 00:00:00' AND '2022-05-29 23:59:59' LIMIT 1 [ RunTime:0.000330s ]
[2022-05-25T16:02:52+08:00][sql] SELECT SUM(`money`) AS think_sum FROM `jz_record` WHERE  `userid` = '001001'  AND `CreatTime` BETWEEN '2022-05-25 00:00:00' AND '2022-05-25 23:59:59' LIMIT 1 [ RunTime:0.000224s ]
[2022-05-25T16:02:52+08:00][sql] SELECT * FROM `jz_record` WHERE  `userid` = '001001' ORDER BY `time` DESC LIMIT 6 [ RunTime:0.000259s ]
[2022-05-25T16:03:23+08:00][sql] CONNECT:[ UseTime:0.000330s ] mysql:host=127.0.0.1;port=3306;dbname=jzapp_qingyunjia;charset=utf8
[2022-05-25T16:03:23+08:00][sql] SHOW FULL COLUMNS FROM `jz_record` [ RunTime:0.000723s ]
[2022-05-25T16:03:23+08:00][sql] SELECT SUM(`money`) AS think_sum FROM `jz_record` WHERE  `userid` = '001001'  AND `CreatTime` BETWEEN '2022-01-01 00:00:00' AND '2022-12-31 23:59:59' LIMIT 1 [ RunTime:0.000303s ]
[2022-05-25T16:03:23+08:00][sql] SELECT SUM(`money`) AS think_sum FROM `jz_record` WHERE  `userid` = '001001'  AND `CreatTime` BETWEEN '2022-05-01 00:00:00' AND '2022-05-31 23:59:59' LIMIT 1 [ RunTime:0.000238s ]
[2022-05-25T16:03:23+08:00][sql] SELECT SUM(`money`) AS think_sum FROM `jz_record` WHERE  `userid` = '001001'  AND `CreatTime` BETWEEN '2022-05-23 00:00:00' AND '2022-05-29 23:59:59' LIMIT 1 [ RunTime:0.000304s ]
[2022-05-25T16:03:23+08:00][sql] SELECT SUM(`money`) AS think_sum FROM `jz_record` WHERE  `userid` = '001001'  AND `CreatTime` BETWEEN '2022-05-25 00:00:00' AND '2022-05-25 23:59:59' LIMIT 1 [ RunTime:0.000218s ]
[2022-05-25T16:03:23+08:00][sql] SELECT * FROM `jz_record` WHERE  `userid` = '001001' ORDER BY `time` DESC LIMIT 6 [ RunTime:0.000267s ]
[2022-05-25T16:04:14+08:00][sql] CONNECT:[ UseTime:0.000669s ] mysql:host=127.0.0.1;port=3306;dbname=jzapp_qingyunjia;charset=utf8
[2022-05-25T16:04:14+08:00][sql] SHOW FULL COLUMNS FROM `jz_record` [ RunTime:0.000733s ]
[2022-05-25T16:04:14+08:00][sql] SELECT SUM(`money`) AS think_sum FROM `jz_record` WHERE  `userid` = '001001'  AND `CreatTime` BETWEEN '2022-01-01 00:00:00' AND '2022-12-31 23:59:59' LIMIT 1 [ RunTime:0.000293s ]
[2022-05-25T16:04:14+08:00][sql] SELECT SUM(`money`) AS think_sum FROM `jz_record` WHERE  `userid` = '001001'  AND `CreatTime` BETWEEN '2022-05-01 00:00:00' AND '2022-05-31 23:59:59' LIMIT 1 [ RunTime:0.000213s ]
[2022-05-25T16:04:14+08:00][sql] SELECT SUM(`money`) AS think_sum FROM `jz_record` WHERE  `userid` = '001001'  AND `CreatTime` BETWEEN '2022-05-23 00:00:00' AND '2022-05-29 23:59:59' LIMIT 1 [ RunTime:0.000217s ]
[2022-05-25T16:04:14+08:00][sql] SELECT SUM(`money`) AS think_sum FROM `jz_record` WHERE  `userid` = '001001'  AND `CreatTime` BETWEEN '2022-05-25 00:00:00' AND '2022-05-25 23:59:59' LIMIT 1 [ RunTime:0.000201s ]
[2022-05-25T16:04:14+08:00][sql] SELECT * FROM `jz_record` WHERE  `userid` = '001001' ORDER BY `time` DESC LIMIT 6 [ RunTime:0.000261s ]
[2022-05-25T16:05:27+08:00][sql] CONNECT:[ UseTime:0.000477s ] mysql:host=127.0.0.1;port=3306;dbname=jzapp_qingyunjia;charset=utf8
[2022-05-25T16:05:27+08:00][sql] SHOW FULL COLUMNS FROM `jz_record` [ RunTime:0.000703s ]
[2022-05-25T16:05:27+08:00][sql] SELECT SUM(`money`) AS think_sum FROM `jz_record` WHERE  `userid` = '001001'  AND `CreatTime` BETWEEN '2022-01-01 00:00:00' AND '2022-12-31 23:59:59' LIMIT 1 [ RunTime:0.000332s ]
[2022-05-25T16:05:27+08:00][sql] SELECT SUM(`money`) AS think_sum FROM `jz_record` WHERE  `userid` = '001001'  AND `CreatTime` BETWEEN '2022-05-01 00:00:00' AND '2022-05-31 23:59:59' LIMIT 1 [ RunTime:0.000215s ]
[2022-05-25T16:05:27+08:00][sql] SELECT SUM(`money`) AS think_sum FROM `jz_record` WHERE  `userid` = '001001'  AND `CreatTime` BETWEEN '2022-05-23 00:00:00' AND '2022-05-29 23:59:59' LIMIT 1 [ RunTime:0.000260s ]
[2022-05-25T16:05:27+08:00][sql] SELECT SUM(`money`) AS think_sum FROM `jz_record` WHERE  `userid` = '001001'  AND `CreatTime` BETWEEN '2022-05-25 00:00:00' AND '2022-05-25 23:59:59' LIMIT 1 [ RunTime:0.000346s ]
[2022-05-25T16:05:27+08:00][sql] SELECT * FROM `jz_record` WHERE  `userid` = '001001' ORDER BY `time` DESC LIMIT 6 [ RunTime:0.000258s ]
[2022-05-25T16:06:59+08:00][sql] CONNECT:[ UseTime:0.000413s ] mysql:host=127.0.0.1;port=3306;dbname=jzapp_qingyunjia;charset=utf8
[2022-05-25T16:06:59+08:00][sql] SHOW FULL COLUMNS FROM `jz_record` [ RunTime:0.000748s ]
[2022-05-25T16:06:59+08:00][sql] SELECT SUM(`money`) AS think_sum FROM `jz_record` WHERE  `userid` = '001001'  AND `CreatTime` BETWEEN '2022-01-01 00:00:00' AND '2022-12-31 23:59:59' LIMIT 1 [ RunTime:0.000332s ]
[2022-05-25T16:06:59+08:00][sql] SELECT SUM(`money`) AS think_sum FROM `jz_record` WHERE  `userid` = '001001'  AND `CreatTime` BETWEEN '2022-05-01 00:00:00' AND '2022-05-31 23:59:59' LIMIT 1 [ RunTime:0.000236s ]
[2022-05-25T16:06:59+08:00][sql] SELECT SUM(`money`) AS think_sum FROM `jz_record` WHERE  `userid` = '001001'  AND `CreatTime` BETWEEN '2022-05-23 00:00:00' AND '2022-05-29 23:59:59' LIMIT 1 [ RunTime:0.000203s ]
[2022-05-25T16:06:59+08:00][sql] SELECT SUM(`money`) AS think_sum FROM `jz_record` WHERE  `userid` = '001001'  AND `CreatTime` BETWEEN '2022-05-25 00:00:00' AND '2022-05-25 23:59:59' LIMIT 1 [ RunTime:0.000205s ]
[2022-05-25T16:06:59+08:00][sql] SELECT * FROM `jz_record` WHERE  `userid` = '001001' ORDER BY `time` DESC LIMIT 6 [ RunTime:0.000270s ]
[2022-05-25T16:07:33+08:00][sql] CONNECT:[ UseTime:0.000376s ] mysql:host=127.0.0.1;port=3306;dbname=jzapp_qingyunjia;charset=utf8
[2022-05-25T16:07:33+08:00][sql] SHOW FULL COLUMNS FROM `jz_record` [ RunTime:0.000717s ]
[2022-05-25T16:07:33+08:00][sql] SELECT SUM(`money`) AS think_sum FROM `jz_record` WHERE  `userid` = '001001'  AND `CreatTime` BETWEEN '2022-01-01 00:00:00' AND '2022-12-31 23:59:59' LIMIT 1 [ RunTime:0.000301s ]
[2022-05-25T16:07:33+08:00][sql] SELECT SUM(`money`) AS think_sum FROM `jz_record` WHERE  `userid` = '001001'  AND `CreatTime` BETWEEN '2022-05-01 00:00:00' AND '2022-05-31 23:59:59' LIMIT 1 [ RunTime:0.000232s ]
[2022-05-25T16:07:33+08:00][sql] SELECT SUM(`money`) AS think_sum FROM `jz_record` WHERE  `userid` = '001001'  AND `CreatTime` BETWEEN '2022-05-23 00:00:00' AND '2022-05-29 23:59:59' LIMIT 1 [ RunTime:0.000201s ]
[2022-05-25T16:07:33+08:00][sql] SELECT SUM(`money`) AS think_sum FROM `jz_record` WHERE  `userid` = '001001'  AND `CreatTime` BETWEEN '2022-05-25 00:00:00' AND '2022-05-25 23:59:59' LIMIT 1 [ RunTime:0.000240s ]
[2022-05-25T16:07:33+08:00][sql] SELECT * FROM `jz_record` WHERE  `userid` = '001001' ORDER BY `time` DESC LIMIT 6 [ RunTime:0.000259s ]
[2022-05-25T16:07:42+08:00][sql] CONNECT:[ UseTime:0.000375s ] mysql:host=127.0.0.1;port=3306;dbname=jzapp_qingyunjia;charset=utf8
[2022-05-25T16:07:42+08:00][sql] SHOW FULL COLUMNS FROM `jz_record` [ RunTime:0.000834s ]
[2022-05-25T16:07:42+08:00][sql] SELECT SUM(`money`) AS think_sum FROM `jz_record` WHERE  `userid` = '001001'  AND `CreatTime` BETWEEN '2022-01-01 00:00:00' AND '2022-12-31 23:59:59' LIMIT 1 [ RunTime:0.000330s ]
[2022-05-25T16:07:42+08:00][sql] SELECT SUM(`money`) AS think_sum FROM `jz_record` WHERE  `userid` = '001001'  AND `CreatTime` BETWEEN '2022-05-01 00:00:00' AND '2022-05-31 23:59:59' LIMIT 1 [ RunTime:0.000292s ]
[2022-05-25T16:07:42+08:00][sql] SELECT SUM(`money`) AS think_sum FROM `jz_record` WHERE  `userid` = '001001'  AND `CreatTime` BETWEEN '2022-05-23 00:00:00' AND '2022-05-29 23:59:59' LIMIT 1 [ RunTime:0.000265s ]
[2022-05-25T16:07:42+08:00][sql] SELECT SUM(`money`) AS think_sum FROM `jz_record` WHERE  `userid` = '001001'  AND `CreatTime` BETWEEN '2022-05-25 00:00:00' AND '2022-05-25 23:59:59' LIMIT 1 [ RunTime:0.000281s ]
[2022-05-25T16:07:42+08:00][sql] SELECT * FROM `jz_record` WHERE  `userid` = '001001' ORDER BY `time` DESC LIMIT 6 [ RunTime:0.000336s ]
[2022-05-25T16:08:36+08:00][sql] CONNECT:[ UseTime:0.000351s ] mysql:host=127.0.0.1;port=3306;dbname=jzapp_qingyunjia;charset=utf8
[2022-05-25T16:08:36+08:00][sql] SHOW FULL COLUMNS FROM `jz_record` [ RunTime:0.000844s ]
[2022-05-25T16:08:36+08:00][sql] SELECT SUM(`money`) AS think_sum FROM `jz_record` WHERE  `userid` = '001001'  AND `CreatTime` BETWEEN '2022-01-01 00:00:00' AND '2022-12-31 23:59:59' LIMIT 1 [ RunTime:0.000356s ]
[2022-05-25T16:08:36+08:00][sql] SELECT SUM(`money`) AS think_sum FROM `jz_record` WHERE  `userid` = '001001'  AND `CreatTime` BETWEEN '2022-05-01 00:00:00' AND '2022-05-31 23:59:59' LIMIT 1 [ RunTime:0.000296s ]
[2022-05-25T16:08:36+08:00][sql] SELECT SUM(`money`) AS think_sum FROM `jz_record` WHERE  `userid` = '001001'  AND `CreatTime` BETWEEN '2022-05-23 00:00:00' AND '2022-05-29 23:59:59' LIMIT 1 [ RunTime:0.000212s ]
[2022-05-25T16:08:36+08:00][sql] SELECT SUM(`money`) AS think_sum FROM `jz_record` WHERE  `userid` = '001001'  AND `CreatTime` BETWEEN '2022-05-25 00:00:00' AND '2022-05-25 23:59:59' LIMIT 1 [ RunTime:0.000222s ]
[2022-05-25T16:08:36+08:00][sql] SELECT * FROM `jz_record` WHERE  `userid` = '001001' ORDER BY `time` DESC LIMIT 6 [ RunTime:0.000269s ]
[2022-05-25T16:08:40+08:00][sql] CONNECT:[ UseTime:0.000310s ] mysql:host=127.0.0.1;port=3306;dbname=jzapp_qingyunjia;charset=utf8
[2022-05-25T16:08:40+08:00][sql] SHOW FULL COLUMNS FROM `jz_record` [ RunTime:0.000787s ]
[2022-05-25T16:08:40+08:00][sql] SELECT SUM(`money`) AS think_sum FROM `jz_record` WHERE  `userid` = '001001'  AND `CreatTime` BETWEEN '2022-01-01 00:00:00' AND '2022-12-31 23:59:59' LIMIT 1 [ RunTime:0.000334s ]
[2022-05-25T16:08:40+08:00][sql] SELECT SUM(`money`) AS think_sum FROM `jz_record` WHERE  `userid` = '001001'  AND `CreatTime` BETWEEN '2022-05-01 00:00:00' AND '2022-05-31 23:59:59' LIMIT 1 [ RunTime:0.000270s ]
[2022-05-25T16:08:40+08:00][sql] SELECT SUM(`money`) AS think_sum FROM `jz_record` WHERE  `userid` = '001001'  AND `CreatTime` BETWEEN '2022-05-23 00:00:00' AND '2022-05-29 23:59:59' LIMIT 1 [ RunTime:0.000266s ]
[2022-05-25T16:08:40+08:00][sql] SELECT SUM(`money`) AS think_sum FROM `jz_record` WHERE  `userid` = '001001'  AND `CreatTime` BETWEEN '2022-05-25 00:00:00' AND '2022-05-25 23:59:59' LIMIT 1 [ RunTime:0.000283s ]
[2022-05-25T16:08:40+08:00][sql] SELECT * FROM `jz_record` WHERE  `userid` = '001001' ORDER BY `time` DESC LIMIT 6 [ RunTime:0.000322s ]
[2022-05-25T16:09:05+08:00][sql] CONNECT:[ UseTime:0.000345s ] mysql:host=127.0.0.1;port=3306;dbname=jzapp_qingyunjia;charset=utf8
[2022-05-25T16:09:05+08:00][sql] SHOW FULL COLUMNS FROM `jz_record` [ RunTime:0.000712s ]
[2022-05-25T16:09:05+08:00][sql] SELECT SUM(`money`) AS think_sum FROM `jz_record` WHERE  `userid` = '001001'  AND `CreatTime` BETWEEN '2022-01-01 00:00:00' AND '2022-12-31 23:59:59' LIMIT 1 [ RunTime:0.000286s ]
[2022-05-25T16:09:05+08:00][sql] SELECT SUM(`money`) AS think_sum FROM `jz_record` WHERE  `userid` = '001001'  AND `CreatTime` BETWEEN '2022-05-01 00:00:00' AND '2022-05-31 23:59:59' LIMIT 1 [ RunTime:0.000211s ]
[2022-05-25T16:09:05+08:00][sql] SELECT SUM(`money`) AS think_sum FROM `jz_record` WHERE  `userid` = '001001'  AND `CreatTime` BETWEEN '2022-05-23 00:00:00' AND '2022-05-29 23:59:59' LIMIT 1 [ RunTime:0.000422s ]
[2022-05-25T16:09:05+08:00][sql] SELECT SUM(`money`) AS think_sum FROM `jz_record` WHERE  `userid` = '001001'  AND `CreatTime` BETWEEN '2022-05-25 00:00:00' AND '2022-05-25 23:59:59' LIMIT 1 [ RunTime:0.000228s ]
[2022-05-25T16:09:05+08:00][sql] SELECT * FROM `jz_record` WHERE  `userid` = '001001' ORDER BY `time` DESC LIMIT 6 [ RunTime:0.000266s ]
[2022-05-25T16:09:29+08:00][sql] CONNECT:[ UseTime:0.000430s ] mysql:host=127.0.0.1;port=3306;dbname=jzapp_qingyunjia;charset=utf8
[2022-05-25T16:09:29+08:00][sql] SHOW FULL COLUMNS FROM `jz_record` [ RunTime:0.000741s ]
[2022-05-25T16:09:29+08:00][sql] SELECT SUM(`money`) AS think_sum FROM `jz_record` WHERE  `userid` = '001001'  AND `CreatTime` BETWEEN '2022-01-01 00:00:00' AND '2022-12-31 23:59:59' LIMIT 1 [ RunTime:0.000299s ]
[2022-05-25T16:09:29+08:00][sql] SELECT SUM(`money`) AS think_sum FROM `jz_record` WHERE  `userid` = '001001'  AND `CreatTime` BETWEEN '2022-05-01 00:00:00' AND '2022-05-31 23:59:59' LIMIT 1 [ RunTime:0.000235s ]
[2022-05-25T16:09:29+08:00][sql] SELECT SUM(`money`) AS think_sum FROM `jz_record` WHERE  `userid` = '001001'  AND `CreatTime` BETWEEN '2022-05-23 00:00:00' AND '2022-05-29 23:59:59' LIMIT 1 [ RunTime:0.000230s ]
[2022-05-25T16:09:29+08:00][sql] SELECT SUM(`money`) AS think_sum FROM `jz_record` WHERE  `userid` = '001001'  AND `CreatTime` BETWEEN '2022-05-25 00:00:00' AND '2022-05-25 23:59:59' LIMIT 1 [ RunTime:0.000219s ]
[2022-05-25T16:09:29+08:00][sql] SELECT * FROM `jz_record` WHERE  `userid` = '001001' ORDER BY `time` DESC LIMIT 6 [ RunTime:0.000265s ]
[2022-05-25T16:09:32+08:00][sql] CONNECT:[ UseTime:0.000402s ] mysql:host=127.0.0.1;port=3306;dbname=jzapp_qingyunjia;charset=utf8
[2022-05-25T16:09:32+08:00][sql] SHOW FULL COLUMNS FROM `jz_record` [ RunTime:0.000794s ]
[2022-05-25T16:09:32+08:00][sql] SELECT SUM(`money`) AS think_sum FROM `jz_record` WHERE  `userid` = '001001'  AND `CreatTime` BETWEEN '2022-01-01 00:00:00' AND '2022-12-31 23:59:59' LIMIT 1 [ RunTime:0.000341s ]
[2022-05-25T16:09:32+08:00][sql] SELECT SUM(`money`) AS think_sum FROM `jz_record` WHERE  `userid` = '001001'  AND `CreatTime` BETWEEN '2022-05-01 00:00:00' AND '2022-05-31 23:59:59' LIMIT 1 [ RunTime:0.000258s ]
[2022-05-25T16:09:32+08:00][sql] SELECT SUM(`money`) AS think_sum FROM `jz_record` WHERE  `userid` = '001001'  AND `CreatTime` BETWEEN '2022-05-23 00:00:00' AND '2022-05-29 23:59:59' LIMIT 1 [ RunTime:0.000220s ]
[2022-05-25T16:09:32+08:00][sql] SELECT SUM(`money`) AS think_sum FROM `jz_record` WHERE  `userid` = '001001'  AND `CreatTime` BETWEEN '2022-05-25 00:00:00' AND '2022-05-25 23:59:59' LIMIT 1 [ RunTime:0.000198s ]
[2022-05-25T16:09:32+08:00][sql] SELECT * FROM `jz_record` WHERE  `userid` = '001001' ORDER BY `time` DESC LIMIT 6 [ RunTime:0.000274s ]
[2022-05-25T16:11:26+08:00][sql] CONNECT:[ UseTime:0.000528s ] mysql:host=127.0.0.1;port=3306;dbname=jzapp_qingyunjia;charset=utf8
[2022-05-25T16:11:26+08:00][sql] SHOW FULL COLUMNS FROM `jz_record` [ RunTime:0.000884s ]
[2022-05-25T16:11:26+08:00][sql] SELECT SUM(`money`) AS think_sum FROM `jz_record` WHERE  `userid` = '001001'  AND `CreatTime` BETWEEN '2022-01-01 00:00:00' AND '2022-12-31 23:59:59' LIMIT 1 [ RunTime:0.000344s ]
[2022-05-25T16:11:26+08:00][sql] SELECT SUM(`money`) AS think_sum FROM `jz_record` WHERE  `userid` = '001001'  AND `CreatTime` BETWEEN '2022-05-01 00:00:00' AND '2022-05-31 23:59:59' LIMIT 1 [ RunTime:0.000294s ]
[2022-05-25T16:11:26+08:00][sql] SELECT SUM(`money`) AS think_sum FROM `jz_record` WHERE  `userid` = '001001'  AND `CreatTime` BETWEEN '2022-05-23 00:00:00' AND '2022-05-29 23:59:59' LIMIT 1 [ RunTime:0.000233s ]
[2022-05-25T16:11:26+08:00][sql] SELECT SUM(`money`) AS think_sum FROM `jz_record` WHERE  `userid` = '001001'  AND `CreatTime` BETWEEN '2022-05-25 00:00:00' AND '2022-05-25 23:59:59' LIMIT 1 [ RunTime:0.000204s ]
[2022-05-25T16:11:26+08:00][sql] SELECT * FROM `jz_record` WHERE  `userid` = '001001' ORDER BY `time` DESC LIMIT 6 [ RunTime:0.000256s ]
[2022-05-25T16:11:29+08:00][sql] CONNECT:[ UseTime:0.000409s ] mysql:host=127.0.0.1;port=3306;dbname=jzapp_qingyunjia;charset=utf8
[2022-05-25T16:11:29+08:00][sql] SHOW FULL COLUMNS FROM `jz_record` [ RunTime:0.000696s ]
[2022-05-25T16:11:29+08:00][sql] SELECT SUM(`money`) AS think_sum FROM `jz_record` WHERE  `userid` = '001001'  AND `CreatTime` BETWEEN '2022-01-01 00:00:00' AND '2022-12-31 23:59:59' LIMIT 1 [ RunTime:0.000286s ]
[2022-05-25T16:11:29+08:00][sql] SELECT SUM(`money`) AS think_sum FROM `jz_record` WHERE  `userid` = '001001'  AND `CreatTime` BETWEEN '2022-05-01 00:00:00' AND '2022-05-31 23:59:59' LIMIT 1 [ RunTime:0.000209s ]
[2022-05-25T16:11:29+08:00][sql] SELECT SUM(`money`) AS think_sum FROM `jz_record` WHERE  `userid` = '001001'  AND `CreatTime` BETWEEN '2022-05-23 00:00:00' AND '2022-05-29 23:59:59' LIMIT 1 [ RunTime:0.000288s ]
[2022-05-25T16:11:29+08:00][sql] SELECT SUM(`money`) AS think_sum FROM `jz_record` WHERE  `userid` = '001001'  AND `CreatTime` BETWEEN '2022-05-25 00:00:00' AND '2022-05-25 23:59:59' LIMIT 1 [ RunTime:0.000214s ]
[2022-05-25T16:11:29+08:00][sql] SELECT * FROM `jz_record` WHERE  `userid` = '001001' ORDER BY `time` DESC LIMIT 6 [ RunTime:0.000250s ]
[2022-05-25T16:12:24+08:00][sql] CONNECT:[ UseTime:0.000400s ] mysql:host=127.0.0.1;port=3306;dbname=jzapp_qingyunjia;charset=utf8
[2022-05-25T16:12:24+08:00][sql] SHOW FULL COLUMNS FROM `jz_record` [ RunTime:0.000715s ]
[2022-05-25T16:12:24+08:00][sql] SELECT SUM(`money`) AS think_sum FROM `jz_record` WHERE  `userid` = '001001'  AND `CreatTime` BETWEEN '2022-01-01 00:00:00' AND '2022-12-31 23:59:59' LIMIT 1 [ RunTime:0.000302s ]
[2022-05-25T16:12:24+08:00][sql] SELECT SUM(`money`) AS think_sum FROM `jz_record` WHERE  `userid` = '001001'  AND `CreatTime` BETWEEN '2022-05-01 00:00:00' AND '2022-05-31 23:59:59' LIMIT 1 [ RunTime:0.000262s ]
[2022-05-25T16:12:24+08:00][sql] SELECT SUM(`money`) AS think_sum FROM `jz_record` WHERE  `userid` = '001001'  AND `CreatTime` BETWEEN '2022-05-23 00:00:00' AND '2022-05-29 23:59:59' LIMIT 1 [ RunTime:0.000201s ]
[2022-05-25T16:12:24+08:00][sql] SELECT SUM(`money`) AS think_sum FROM `jz_record` WHERE  `userid` = '001001'  AND `CreatTime` BETWEEN '2022-05-25 00:00:00' AND '2022-05-25 23:59:59' LIMIT 1 [ RunTime:0.000200s ]
[2022-05-25T16:12:24+08:00][sql] SELECT * FROM `jz_record` WHERE  `userid` = '001001' ORDER BY `time` DESC LIMIT 6 [ RunTime:0.000259s ]
[2022-05-25T16:14:38+08:00][sql] CONNECT:[ UseTime:0.000390s ] mysql:host=127.0.0.1;port=3306;dbname=jzapp_qingyunjia;charset=utf8
[2022-05-25T16:14:38+08:00][sql] SHOW FULL COLUMNS FROM `jz_record` [ RunTime:0.000750s ]
[2022-05-25T16:14:38+08:00][sql] SELECT SUM(`money`) AS think_sum FROM `jz_record` WHERE  `userid` = '001001'  AND `CreatTime` BETWEEN '2022-01-01 00:00:00' AND '2022-12-31 23:59:59' LIMIT 1 [ RunTime:0.000286s ]
[2022-05-25T16:14:38+08:00][sql] SELECT SUM(`money`) AS think_sum FROM `jz_record` WHERE  `userid` = '001001'  AND `CreatTime` BETWEEN '2022-05-01 00:00:00' AND '2022-05-31 23:59:59' LIMIT 1 [ RunTime:0.000219s ]
[2022-05-25T16:14:38+08:00][sql] SELECT SUM(`money`) AS think_sum FROM `jz_record` WHERE  `userid` = '001001'  AND `CreatTime` BETWEEN '2022-05-23 00:00:00' AND '2022-05-29 23:59:59' LIMIT 1 [ RunTime:0.000203s ]
[2022-05-25T16:14:38+08:00][sql] SELECT SUM(`money`) AS think_sum FROM `jz_record` WHERE  `userid` = '001001'  AND `CreatTime` BETWEEN '2022-05-25 00:00:00' AND '2022-05-25 23:59:59' LIMIT 1 [ RunTime:0.000197s ]
[2022-05-25T16:14:38+08:00][sql] SELECT * FROM `jz_record` WHERE  `userid` = '001001' ORDER BY `time` DESC LIMIT 6 [ RunTime:0.000243s ]
[2022-05-25T16:14:39+08:00][error] [2]file_get_contents(https://api.vvhan.com/api/rand.music?type=json&amp;sort=热歌榜): failed to open stream: HTTP request failed! HTTP/1.1 502 Bad Gateway
[/www/wwwroot/jzapp.qingyunjian.cn/app/api/controller/Index.php:27]
[2022-05-25T16:15:05+08:00][sql] CONNECT:[ UseTime:0.000431s ] mysql:host=127.0.0.1;port=3306;dbname=jzapp_qingyunjia;charset=utf8
[2022-05-25T16:15:05+08:00][sql] SHOW FULL COLUMNS FROM `jz_record` [ RunTime:0.000712s ]
[2022-05-25T16:15:05+08:00][sql] SELECT SUM(`money`) AS think_sum FROM `jz_record` WHERE  `userid` = '001001'  AND `CreatTime` BETWEEN '2022-01-01 00:00:00' AND '2022-12-31 23:59:59' LIMIT 1 [ RunTime:0.000300s ]
[2022-05-25T16:15:05+08:00][sql] SELECT SUM(`money`) AS think_sum FROM `jz_record` WHERE  `userid` = '001001'  AND `CreatTime` BETWEEN '2022-05-01 00:00:00' AND '2022-05-31 23:59:59' LIMIT 1 [ RunTime:0.000217s ]
[2022-05-25T16:15:05+08:00][sql] SELECT SUM(`money`) AS think_sum FROM `jz_record` WHERE  `userid` = '001001'  AND `CreatTime` BETWEEN '2022-05-23 00:00:00' AND '2022-05-29 23:59:59' LIMIT 1 [ RunTime:0.000204s ]
[2022-05-25T16:15:05+08:00][sql] SELECT SUM(`money`) AS think_sum FROM `jz_record` WHERE  `userid` = '001001'  AND `CreatTime` BETWEEN '2022-05-25 00:00:00' AND '2022-05-25 23:59:59' LIMIT 1 [ RunTime:0.000200s ]
[2022-05-25T16:15:05+08:00][sql] SELECT * FROM `jz_record` WHERE  `userid` = '001001' ORDER BY `time` DESC LIMIT 6 [ RunTime:0.000256s ]
[2022-05-25T16:25:39+08:00][sql] CONNECT:[ UseTime:0.000463s ] mysql:host=127.0.0.1;port=3306;dbname=jzapp_qingyunjia;charset=utf8
[2022-05-25T16:25:39+08:00][sql] SHOW FULL COLUMNS FROM `jz_record` [ RunTime:0.000707s ]
[2022-05-25T16:25:39+08:00][sql] SELECT SUM(`money`) AS think_sum FROM `jz_record` WHERE  `userid` = '001001'  AND `CreatTime` BETWEEN '2022-01-01 00:00:00' AND '2022-12-31 23:59:59' LIMIT 1 [ RunTime:0.000332s ]
[2022-05-25T16:25:39+08:00][sql] SELECT SUM(`money`) AS think_sum FROM `jz_record` WHERE  `userid` = '001001'  AND `CreatTime` BETWEEN '2022-05-01 00:00:00' AND '2022-05-31 23:59:59' LIMIT 1 [ RunTime:0.000253s ]
[2022-05-25T16:25:39+08:00][sql] SELECT SUM(`money`) AS think_sum FROM `jz_record` WHERE  `userid` = '001001'  AND `CreatTime` BETWEEN '2022-05-23 00:00:00' AND '2022-05-29 23:59:59' LIMIT 1 [ RunTime:0.000219s ]
[2022-05-25T16:25:39+08:00][sql] SELECT SUM(`money`) AS think_sum FROM `jz_record` WHERE  `userid` = '001001'  AND `CreatTime` BETWEEN '2022-05-25 00:00:00' AND '2022-05-25 23:59:59' LIMIT 1 [ RunTime:0.000248s ]
[2022-05-25T16:25:39+08:00][sql] SELECT * FROM `jz_record` WHERE  `userid` = '001001' ORDER BY `time` DESC LIMIT 6 [ RunTime:0.000245s ]
[2022-05-25T16:25:58+08:00][sql] CONNECT:[ UseTime:0.000423s ] mysql:host=127.0.0.1;port=3306;dbname=jzapp_qingyunjia;charset=utf8
[2022-05-25T16:25:58+08:00][sql] SHOW FULL COLUMNS FROM `jz_record` [ RunTime:0.000805s ]
[2022-05-25T16:25:58+08:00][sql] SELECT SUM(`money`) AS think_sum FROM `jz_record` WHERE  `userid` = '001001'  AND `CreatTime` BETWEEN '2022-01-01 00:00:00' AND '2022-12-31 23:59:59' LIMIT 1 [ RunTime:0.000308s ]
[2022-05-25T16:25:58+08:00][sql] SELECT SUM(`money`) AS think_sum FROM `jz_record` WHERE  `userid` = '001001'  AND `CreatTime` BETWEEN '2022-05-01 00:00:00' AND '2022-05-31 23:59:59' LIMIT 1 [ RunTime:0.000238s ]
[2022-05-25T16:25:58+08:00][sql] SELECT SUM(`money`) AS think_sum FROM `jz_record` WHERE  `userid` = '001001'  AND `CreatTime` BETWEEN '2022-05-23 00:00:00' AND '2022-05-29 23:59:59' LIMIT 1 [ RunTime:0.000300s ]
[2022-05-25T16:25:58+08:00][sql] SELECT SUM(`money`) AS think_sum FROM `jz_record` WHERE  `userid` = '001001'  AND `CreatTime` BETWEEN '2022-05-25 00:00:00' AND '2022-05-25 23:59:59' LIMIT 1 [ RunTime:0.000240s ]
[2022-05-25T16:25:58+08:00][sql] SELECT * FROM `jz_record` WHERE  `userid` = '001001' ORDER BY `time` DESC LIMIT 6 [ RunTime:0.000264s ]
[2022-05-25T16:26:42+08:00][sql] CONNECT:[ UseTime:0.000414s ] mysql:host=127.0.0.1;port=3306;dbname=jzapp_qingyunjia;charset=utf8
[2022-05-25T16:26:42+08:00][sql] SHOW FULL COLUMNS FROM `jz_record` [ RunTime:0.000789s ]
[2022-05-25T16:26:42+08:00][sql] SELECT SUM(`money`) AS think_sum FROM `jz_record` WHERE  `userid` = '001001'  AND `CreatTime` BETWEEN '2022-01-01 00:00:00' AND '2022-12-31 23:59:59' LIMIT 1 [ RunTime:0.000392s ]
[2022-05-25T16:26:42+08:00][sql] SELECT SUM(`money`) AS think_sum FROM `jz_record` WHERE  `userid` = '001001'  AND `CreatTime` BETWEEN '2022-05-01 00:00:00' AND '2022-05-31 23:59:59' LIMIT 1 [ RunTime:0.000273s ]
[2022-05-25T16:26:42+08:00][sql] SELECT SUM(`money`) AS think_sum FROM `jz_record` WHERE  `userid` = '001001'  AND `CreatTime` BETWEEN '2022-05-23 00:00:00' AND '2022-05-29 23:59:59' LIMIT 1 [ RunTime:0.000217s ]
[2022-05-25T16:26:42+08:00][sql] SELECT SUM(`money`) AS think_sum FROM `jz_record` WHERE  `userid` = '001001'  AND `CreatTime` BETWEEN '2022-05-25 00:00:00' AND '2022-05-25 23:59:59' LIMIT 1 [ RunTime:0.000224s ]
[2022-05-25T16:26:42+08:00][sql] SELECT * FROM `jz_record` WHERE  `userid` = '001001' ORDER BY `time` DESC LIMIT 6 [ RunTime:0.000271s ]
[2022-05-25T16:30:14+08:00][sql] CONNECT:[ UseTime:0.000350s ] mysql:host=127.0.0.1;port=3306;dbname=jzapp_qingyunjia;charset=utf8
[2022-05-25T16:30:14+08:00][sql] SHOW FULL COLUMNS FROM `jz_record` [ RunTime:0.000713s ]
[2022-05-25T16:30:14+08:00][sql] SELECT SUM(`money`) AS think_sum FROM `jz_record` WHERE  `userid` = '001001'  AND `CreatTime` BETWEEN '2022-01-01 00:00:00' AND '2022-12-31 23:59:59' LIMIT 1 [ RunTime:0.000373s ]
[2022-05-25T16:30:14+08:00][sql] SELECT SUM(`money`) AS think_sum FROM `jz_record` WHERE  `userid` = '001001'  AND `CreatTime` BETWEEN '2022-05-01 00:00:00' AND '2022-05-31 23:59:59' LIMIT 1 [ RunTime:0.000268s ]
[2022-05-25T16:30:14+08:00][sql] SELECT SUM(`money`) AS think_sum FROM `jz_record` WHERE  `userid` = '001001'  AND `CreatTime` BETWEEN '2022-05-23 00:00:00' AND '2022-05-29 23:59:59' LIMIT 1 [ RunTime:0.000270s ]
[2022-05-25T16:30:14+08:00][sql] SELECT SUM(`money`) AS think_sum FROM `jz_record` WHERE  `userid` = '001001'  AND `CreatTime` BETWEEN '2022-05-25 00:00:00' AND '2022-05-25 23:59:59' LIMIT 1 [ RunTime:0.000254s ]
[2022-05-25T16:30:14+08:00][sql] SELECT * FROM `jz_record` WHERE  `userid` = '001001' ORDER BY `time` DESC LIMIT 6 [ RunTime:0.000299s ]
[2022-05-25T16:30:24+08:00][sql] CONNECT:[ UseTime:0.000389s ] mysql:host=127.0.0.1;port=3306;dbname=jzapp_qingyunjia;charset=utf8
[2022-05-25T16:30:24+08:00][sql] SHOW FULL COLUMNS FROM `jz_record` [ RunTime:0.000726s ]
[2022-05-25T16:30:24+08:00][sql] SELECT SUM(`money`) AS think_sum FROM `jz_record` WHERE  `userid` = '001001'  AND `CreatTime` BETWEEN '2022-01-01 00:00:00' AND '2022-12-31 23:59:59' LIMIT 1 [ RunTime:0.000296s ]
[2022-05-25T16:30:24+08:00][sql] SELECT SUM(`money`) AS think_sum FROM `jz_record` WHERE  `userid` = '001001'  AND `CreatTime` BETWEEN '2022-05-01 00:00:00' AND '2022-05-31 23:59:59' LIMIT 1 [ RunTime:0.000206s ]
[2022-05-25T16:30:24+08:00][sql] SELECT SUM(`money`) AS think_sum FROM `jz_record` WHERE  `userid` = '001001'  AND `CreatTime` BETWEEN '2022-05-23 00:00:00' AND '2022-05-29 23:59:59' LIMIT 1 [ RunTime:0.000206s ]
[2022-05-25T16:30:24+08:00][sql] SELECT SUM(`money`) AS think_sum FROM `jz_record` WHERE  `userid` = '001001'  AND `CreatTime` BETWEEN '2022-05-25 00:00:00' AND '2022-05-25 23:59:59' LIMIT 1 [ RunTime:0.000198s ]
[2022-05-25T16:30:24+08:00][sql] SELECT * FROM `jz_record` WHERE  `userid` = '001001' ORDER BY `time` DESC LIMIT 6 [ RunTime:0.000251s ]
[2022-05-25T16:33:34+08:00][sql] CONNECT:[ UseTime:0.000346s ] mysql:host=127.0.0.1;port=3306;dbname=jzapp_qingyunjia;charset=utf8
[2022-05-25T16:33:34+08:00][sql] SHOW FULL COLUMNS FROM `jz_record` [ RunTime:0.000736s ]
[2022-05-25T16:33:34+08:00][sql] SELECT SUM(`money`) AS think_sum FROM `jz_record` WHERE  `userid` = '001001'  AND `CreatTime` BETWEEN '2022-01-01 00:00:00' AND '2022-12-31 23:59:59' LIMIT 1 [ RunTime:0.000441s ]
[2022-05-25T16:33:34+08:00][sql] SELECT SUM(`money`) AS think_sum FROM `jz_record` WHERE  `userid` = '001001'  AND `CreatTime` BETWEEN '2022-05-01 00:00:00' AND '2022-05-31 23:59:59' LIMIT 1 [ RunTime:0.000233s ]
[2022-05-25T16:33:34+08:00][sql] SELECT SUM(`money`) AS think_sum FROM `jz_record` WHERE  `userid` = '001001'  AND `CreatTime` BETWEEN '2022-05-23 00:00:00' AND '2022-05-29 23:59:59' LIMIT 1 [ RunTime:0.000209s ]
[2022-05-25T16:33:34+08:00][sql] SELECT SUM(`money`) AS think_sum FROM `jz_record` WHERE  `userid` = '001001'  AND `CreatTime` BETWEEN '2022-05-25 00:00:00' AND '2022-05-25 23:59:59' LIMIT 1 [ RunTime:0.000201s ]
[2022-05-25T16:33:34+08:00][sql] SELECT * FROM `jz_record` WHERE  `userid` = '001001' ORDER BY `time` DESC LIMIT 6 [ RunTime:0.000249s ]
[2022-05-25T16:34:06+08:00][sql] CONNECT:[ UseTime:0.000311s ] mysql:host=127.0.0.1;port=3306;dbname=jzapp_qingyunjia;charset=utf8
[2022-05-25T16:34:06+08:00][sql] SHOW FULL COLUMNS FROM `jz_record` [ RunTime:0.000869s ]
[2022-05-25T16:34:06+08:00][sql] SELECT SUM(`money`) AS think_sum FROM `jz_record` WHERE  `userid` = '001001'  AND `CreatTime` BETWEEN '2022-01-01 00:00:00' AND '2022-12-31 23:59:59' LIMIT 1 [ RunTime:0.000337s ]
[2022-05-25T16:34:06+08:00][sql] SELECT SUM(`money`) AS think_sum FROM `jz_record` WHERE  `userid` = '001001'  AND `CreatTime` BETWEEN '2022-05-01 00:00:00' AND '2022-05-31 23:59:59' LIMIT 1 [ RunTime:0.000448s ]
[2022-05-25T16:34:06+08:00][sql] SELECT SUM(`money`) AS think_sum FROM `jz_record` WHERE  `userid` = '001001'  AND `CreatTime` BETWEEN '2022-05-23 00:00:00' AND '2022-05-29 23:59:59' LIMIT 1 [ RunTime:0.000266s ]
[2022-05-25T16:34:06+08:00][sql] SELECT SUM(`money`) AS think_sum FROM `jz_record` WHERE  `userid` = '001001'  AND `CreatTime` BETWEEN '2022-05-25 00:00:00' AND '2022-05-25 23:59:59' LIMIT 1 [ RunTime:0.000326s ]
[2022-05-25T16:34:06+08:00][sql] SELECT * FROM `jz_record` WHERE  `userid` = '001001' ORDER BY `time` DESC LIMIT 6 [ RunTime:0.000325s ]
[2022-05-25T16:36:13+08:00][sql] CONNECT:[ UseTime:0.000593s ] mysql:host=127.0.0.1;port=3306;dbname=jzapp_qingyunjia;charset=utf8
[2022-05-25T16:36:13+08:00][sql] SHOW FULL COLUMNS FROM `jz_record` [ RunTime:0.000784s ]
[2022-05-25T16:36:13+08:00][sql] SELECT SUM(`money`) AS think_sum FROM `jz_record` WHERE  `userid` = '001001'  AND `CreatTime` BETWEEN '2022-01-01 00:00:00' AND '2022-12-31 23:59:59' LIMIT 1 [ RunTime:0.000343s ]
[2022-05-25T16:36:13+08:00][sql] SELECT SUM(`money`) AS think_sum FROM `jz_record` WHERE  `userid` = '001001'  AND `CreatTime` BETWEEN '2022-05-01 00:00:00' AND '2022-05-31 23:59:59' LIMIT 1 [ RunTime:0.000236s ]
[2022-05-25T16:36:13+08:00][sql] SELECT SUM(`money`) AS think_sum FROM `jz_record` WHERE  `userid` = '001001'  AND `CreatTime` BETWEEN '2022-05-23 00:00:00' AND '2022-05-29 23:59:59' LIMIT 1 [ RunTime:0.000294s ]
[2022-05-25T16:36:13+08:00][sql] SELECT SUM(`money`) AS think_sum FROM `jz_record` WHERE  `userid` = '001001'  AND `CreatTime` BETWEEN '2022-05-25 00:00:00' AND '2022-05-25 23:59:59' LIMIT 1 [ RunTime:0.000218s ]
[2022-05-25T16:36:13+08:00][sql] SELECT * FROM `jz_record` WHERE  `userid` = '001001' ORDER BY `time` DESC LIMIT 6 [ RunTime:0.000961s ]
[2022-05-25T16:36:15+08:00][sql] CONNECT:[ UseTime:0.000333s ] mysql:host=127.0.0.1;port=3306;dbname=jzapp_qingyunjia;charset=utf8
[2022-05-25T16:36:15+08:00][sql] SHOW FULL COLUMNS FROM `jz_record` [ RunTime:0.000706s ]
[2022-05-25T16:36:15+08:00][sql] SELECT SUM(`money`) AS think_sum FROM `jz_record` WHERE  `userid` = '001001'  AND `CreatTime` BETWEEN '2022-01-01 00:00:00' AND '2022-12-31 23:59:59' LIMIT 1 [ RunTime:0.000326s ]
[2022-05-25T16:36:15+08:00][sql] SELECT SUM(`money`) AS think_sum FROM `jz_record` WHERE  `userid` = '001001'  AND `CreatTime` BETWEEN '2022-05-01 00:00:00' AND '2022-05-31 23:59:59' LIMIT 1 [ RunTime:0.000221s ]
[2022-05-25T16:36:15+08:00][sql] SELECT SUM(`money`) AS think_sum FROM `jz_record` WHERE  `userid` = '001001'  AND `CreatTime` BETWEEN '2022-05-23 00:00:00' AND '2022-05-29 23:59:59' LIMIT 1 [ RunTime:0.000216s ]
[2022-05-25T16:36:15+08:00][sql] SELECT SUM(`money`) AS think_sum FROM `jz_record` WHERE  `userid` = '001001'  AND `CreatTime` BETWEEN '2022-05-25 00:00:00' AND '2022-05-25 23:59:59' LIMIT 1 [ RunTime:0.000227s ]
[2022-05-25T16:36:15+08:00][sql] SELECT * FROM `jz_record` WHERE  `userid` = '001001' ORDER BY `time` DESC LIMIT 6 [ RunTime:0.000245s ]
[2022-05-25T16:36:51+08:00][sql] CONNECT:[ UseTime:0.000344s ] mysql:host=127.0.0.1;port=3306;dbname=jzapp_qingyunjia;charset=utf8
[2022-05-25T16:36:51+08:00][sql] SHOW FULL COLUMNS FROM `jz_record` [ RunTime:0.000790s ]
[2022-05-25T16:36:51+08:00][sql] SELECT SUM(`money`) AS think_sum FROM `jz_record` WHERE  `userid` = '001001'  AND `CreatTime` BETWEEN '2022-01-01 00:00:00' AND '2022-12-31 23:59:59' LIMIT 1 [ RunTime:0.000355s ]
[2022-05-25T16:36:51+08:00][sql] SELECT SUM(`money`) AS think_sum FROM `jz_record` WHERE  `userid` = '001001'  AND `CreatTime` BETWEEN '2022-05-01 00:00:00' AND '2022-05-31 23:59:59' LIMIT 1 [ RunTime:0.000321s ]
[2022-05-25T16:36:51+08:00][sql] SELECT SUM(`money`) AS think_sum FROM `jz_record` WHERE  `userid` = '001001'  AND `CreatTime` BETWEEN '2022-05-23 00:00:00' AND '2022-05-29 23:59:59' LIMIT 1 [ RunTime:0.000304s ]
[2022-05-25T16:36:51+08:00][sql] SELECT SUM(`money`) AS think_sum FROM `jz_record` WHERE  `userid` = '001001'  AND `CreatTime` BETWEEN '2022-05-25 00:00:00' AND '2022-05-25 23:59:59' LIMIT 1 [ RunTime:0.000309s ]
[2022-05-25T16:36:51+08:00][sql] SELECT * FROM `jz_record` WHERE  `userid` = '001001' ORDER BY `time` DESC LIMIT 6 [ RunTime:0.000408s ]
[2022-05-25T16:36:53+08:00][sql] CONNECT:[ UseTime:0.000365s ] mysql:host=127.0.0.1;port=3306;dbname=jzapp_qingyunjia;charset=utf8
[2022-05-25T16:36:53+08:00][sql] SHOW FULL COLUMNS FROM `jz_record` [ RunTime:0.000711s ]
[2022-05-25T16:36:53+08:00][sql] SELECT SUM(`money`) AS think_sum FROM `jz_record` WHERE  `userid` = '001001'  AND `CreatTime` BETWEEN '2022-01-01 00:00:00' AND '2022-12-31 23:59:59' LIMIT 1 [ RunTime:0.000299s ]
[2022-05-25T16:36:53+08:00][sql] SELECT SUM(`money`) AS think_sum FROM `jz_record` WHERE  `userid` = '001001'  AND `CreatTime` BETWEEN '2022-05-01 00:00:00' AND '2022-05-31 23:59:59' LIMIT 1 [ RunTime:0.000224s ]
[2022-05-25T16:36:53+08:00][sql] SELECT SUM(`money`) AS think_sum FROM `jz_record` WHERE  `userid` = '001001'  AND `CreatTime` BETWEEN '2022-05-23 00:00:00' AND '2022-05-29 23:59:59' LIMIT 1 [ RunTime:0.000213s ]
[2022-05-25T16:36:53+08:00][sql] SELECT SUM(`money`) AS think_sum FROM `jz_record` WHERE  `userid` = '001001'  AND `CreatTime` BETWEEN '2022-05-25 00:00:00' AND '2022-05-25 23:59:59' LIMIT 1 [ RunTime:0.000205s ]
[2022-05-25T16:36:53+08:00][sql] SELECT * FROM `jz_record` WHERE  `userid` = '001001' ORDER BY `time` DESC LIMIT 6 [ RunTime:0.000246s ]
[2022-05-25T16:37:06+08:00][sql] CONNECT:[ UseTime:0.000507s ] mysql:host=127.0.0.1;port=3306;dbname=jzapp_qingyunjia;charset=utf8
[2022-05-25T16:37:06+08:00][sql] SHOW FULL COLUMNS FROM `jz_record` [ RunTime:0.000708s ]
[2022-05-25T16:37:06+08:00][sql] SELECT SUM(`money`) AS think_sum FROM `jz_record` WHERE  `userid` = '001001'  AND `CreatTime` BETWEEN '2022-01-01 00:00:00' AND '2022-12-31 23:59:59' LIMIT 1 [ RunTime:0.000293s ]
[2022-05-25T16:37:06+08:00][sql] SELECT SUM(`money`) AS think_sum FROM `jz_record` WHERE  `userid` = '001001'  AND `CreatTime` BETWEEN '2022-05-01 00:00:00' AND '2022-05-31 23:59:59' LIMIT 1 [ RunTime:0.000205s ]
[2022-05-25T16:37:06+08:00][sql] SELECT SUM(`money`) AS think_sum FROM `jz_record` WHERE  `userid` = '001001'  AND `CreatTime` BETWEEN '2022-05-23 00:00:00' AND '2022-05-29 23:59:59' LIMIT 1 [ RunTime:0.000202s ]
[2022-05-25T16:37:06+08:00][sql] SELECT SUM(`money`) AS think_sum FROM `jz_record` WHERE  `userid` = '001001'  AND `CreatTime` BETWEEN '2022-05-25 00:00:00' AND '2022-05-25 23:59:59' LIMIT 1 [ RunTime:0.000245s ]
[2022-05-25T16:37:06+08:00][sql] SELECT * FROM `jz_record` WHERE  `userid` = '001001' ORDER BY `time` DESC LIMIT 6 [ RunTime:0.000279s ]
[2022-05-25T16:38:18+08:00][sql] CONNECT:[ UseTime:0.000566s ] mysql:host=127.0.0.1;port=3306;dbname=jzapp_qingyunjia;charset=utf8
[2022-05-25T16:38:18+08:00][sql] SHOW FULL COLUMNS FROM `jz_record` [ RunTime:0.000927s ]
[2022-05-25T16:38:18+08:00][sql] SELECT SUM(`money`) AS think_sum FROM `jz_record` WHERE  `userid` = '001001'  AND `CreatTime` BETWEEN '2022-01-01 00:00:00' AND '2022-12-31 23:59:59' LIMIT 1 [ RunTime:0.000299s ]
[2022-05-25T16:38:18+08:00][sql] SELECT SUM(`money`) AS think_sum FROM `jz_record` WHERE  `userid` = '001001'  AND `CreatTime` BETWEEN '2022-05-01 00:00:00' AND '2022-05-31 23:59:59' LIMIT 1 [ RunTime:0.000222s ]
[2022-05-25T16:38:18+08:00][sql] SELECT SUM(`money`) AS think_sum FROM `jz_record` WHERE  `userid` = '001001'  AND `CreatTime` BETWEEN '2022-05-23 00:00:00' AND '2022-05-29 23:59:59' LIMIT 1 [ RunTime:0.000208s ]
[2022-05-25T16:38:18+08:00][sql] SELECT SUM(`money`) AS think_sum FROM `jz_record` WHERE  `userid` = '001001'  AND `CreatTime` BETWEEN '2022-05-25 00:00:00' AND '2022-05-25 23:59:59' LIMIT 1 [ RunTime:0.000200s ]
[2022-05-25T16:38:18+08:00][sql] SELECT * FROM `jz_record` WHERE  `userid` = '001001' ORDER BY `time` DESC LIMIT 6 [ RunTime:0.000273s ]
[2022-05-25T16:38:37+08:00][sql] CONNECT:[ UseTime:0.000496s ] mysql:host=127.0.0.1;port=3306;dbname=jzapp_qingyunjia;charset=utf8
[2022-05-25T16:38:37+08:00][sql] SHOW FULL COLUMNS FROM `jz_record` [ RunTime:0.000847s ]
[2022-05-25T16:38:37+08:00][sql] SELECT SUM(`money`) AS think_sum FROM `jz_record` WHERE  `userid` = '001001'  AND `CreatTime` BETWEEN '2022-01-01 00:00:00' AND '2022-12-31 23:59:59' LIMIT 1 [ RunTime:0.000285s ]
[2022-05-25T16:38:37+08:00][sql] SELECT SUM(`money`) AS think_sum FROM `jz_record` WHERE  `userid` = '001001'  AND `CreatTime` BETWEEN '2022-05-01 00:00:00' AND '2022-05-31 23:59:59' LIMIT 1 [ RunTime:0.000285s ]
[2022-05-25T16:38:37+08:00][sql] SELECT SUM(`money`) AS think_sum FROM `jz_record` WHERE  `userid` = '001001'  AND `CreatTime` BETWEEN '2022-05-23 00:00:00' AND '2022-05-29 23:59:59' LIMIT 1 [ RunTime:0.000218s ]
[2022-05-25T16:38:37+08:00][sql] SELECT SUM(`money`) AS think_sum FROM `jz_record` WHERE  `userid` = '001001'  AND `CreatTime` BETWEEN '2022-05-25 00:00:00' AND '2022-05-25 23:59:59' LIMIT 1 [ RunTime:0.000217s ]
[2022-05-25T16:38:37+08:00][sql] SELECT * FROM `jz_record` WHERE  `userid` = '001001' ORDER BY `time` DESC LIMIT 6 [ RunTime:0.000258s ]
[2022-05-25T16:38:40+08:00][sql] CONNECT:[ UseTime:0.000442s ] mysql:host=127.0.0.1;port=3306;dbname=jzapp_qingyunjia;charset=utf8
[2022-05-25T16:38:40+08:00][sql] SHOW FULL COLUMNS FROM `jz_record` [ RunTime:0.000707s ]
[2022-05-25T16:38:40+08:00][sql] SELECT SUM(`money`) AS think_sum FROM `jz_record` WHERE  `userid` = '001001'  AND `CreatTime` BETWEEN '2022-01-01 00:00:00' AND '2022-12-31 23:59:59' LIMIT 1 [ RunTime:0.000288s ]
[2022-05-25T16:38:40+08:00][sql] SELECT SUM(`money`) AS think_sum FROM `jz_record` WHERE  `userid` = '001001'  AND `CreatTime` BETWEEN '2022-05-01 00:00:00' AND '2022-05-31 23:59:59' LIMIT 1 [ RunTime:0.000204s ]
[2022-05-25T16:38:40+08:00][sql] SELECT SUM(`money`) AS think_sum FROM `jz_record` WHERE  `userid` = '001001'  AND `CreatTime` BETWEEN '2022-05-23 00:00:00' AND '2022-05-29 23:59:59' LIMIT 1 [ RunTime:0.000215s ]
[2022-05-25T16:38:40+08:00][sql] SELECT SUM(`money`) AS think_sum FROM `jz_record` WHERE  `userid` = '001001'  AND `CreatTime` BETWEEN '2022-05-25 00:00:00' AND '2022-05-25 23:59:59' LIMIT 1 [ RunTime:0.000199s ]
[2022-05-25T16:38:40+08:00][sql] SELECT * FROM `jz_record` WHERE  `userid` = '001001' ORDER BY `time` DESC LIMIT 6 [ RunTime:0.000246s ]
[2022-05-25T16:39:46+08:00][sql] CONNECT:[ UseTime:0.000421s ] mysql:host=127.0.0.1;port=3306;dbname=jzapp_qingyunjia;charset=utf8
[2022-05-25T16:39:46+08:00][sql] SHOW FULL COLUMNS FROM `jz_record` [ RunTime:0.000763s ]
[2022-05-25T16:39:46+08:00][sql] SELECT SUM(`money`) AS think_sum FROM `jz_record` WHERE  `userid` = '001001'  AND `CreatTime` BETWEEN '2022-01-01 00:00:00' AND '2022-12-31 23:59:59' LIMIT 1 [ RunTime:0.000323s ]
[2022-05-25T16:39:46+08:00][sql] SELECT SUM(`money`) AS think_sum FROM `jz_record` WHERE  `userid` = '001001'  AND `CreatTime` BETWEEN '2022-05-01 00:00:00' AND '2022-05-31 23:59:59' LIMIT 1 [ RunTime:0.000232s ]
[2022-05-25T16:39:46+08:00][sql] SELECT SUM(`money`) AS think_sum FROM `jz_record` WHERE  `userid` = '001001'  AND `CreatTime` BETWEEN '2022-05-23 00:00:00' AND '2022-05-29 23:59:59' LIMIT 1 [ RunTime:0.000199s ]
[2022-05-25T16:39:46+08:00][sql] SELECT SUM(`money`) AS think_sum FROM `jz_record` WHERE  `userid` = '001001'  AND `CreatTime` BETWEEN '2022-05-25 00:00:00' AND '2022-05-25 23:59:59' LIMIT 1 [ RunTime:0.000293s ]
[2022-05-25T16:39:46+08:00][sql] SELECT * FROM `jz_record` WHERE  `userid` = '001001' ORDER BY `time` DESC LIMIT 6 [ RunTime:0.000296s ]
[2022-05-25T16:39:49+08:00][sql] CONNECT:[ UseTime:0.000481s ] mysql:host=127.0.0.1;port=3306;dbname=jzapp_qingyunjia;charset=utf8
[2022-05-25T16:39:49+08:00][sql] SHOW FULL COLUMNS FROM `jz_record` [ RunTime:0.000704s ]
[2022-05-25T16:39:49+08:00][sql] SELECT SUM(`money`) AS think_sum FROM `jz_record` WHERE  `userid` = '001001'  AND `CreatTime` BETWEEN '2022-01-01 00:00:00' AND '2022-12-31 23:59:59' LIMIT 1 [ RunTime:0.000299s ]
[2022-05-25T16:39:49+08:00][sql] SELECT SUM(`money`) AS think_sum FROM `jz_record` WHERE  `userid` = '001001'  AND `CreatTime` BETWEEN '2022-05-01 00:00:00' AND '2022-05-31 23:59:59' LIMIT 1 [ RunTime:0.000240s ]
[2022-05-25T16:39:49+08:00][sql] SELECT SUM(`money`) AS think_sum FROM `jz_record` WHERE  `userid` = '001001'  AND `CreatTime` BETWEEN '2022-05-23 00:00:00' AND '2022-05-29 23:59:59' LIMIT 1 [ RunTime:0.000395s ]
[2022-05-25T16:39:49+08:00][sql] SELECT SUM(`money`) AS think_sum FROM `jz_record` WHERE  `userid` = '001001'  AND `CreatTime` BETWEEN '2022-05-25 00:00:00' AND '2022-05-25 23:59:59' LIMIT 1 [ RunTime:0.000220s ]
[2022-05-25T16:39:49+08:00][sql] SELECT * FROM `jz_record` WHERE  `userid` = '001001' ORDER BY `time` DESC LIMIT 6 [ RunTime:0.000271s ]
[2022-05-25T16:41:38+08:00][sql] CONNECT:[ UseTime:0.000437s ] mysql:host=127.0.0.1;port=3306;dbname=jzapp_qingyunjia;charset=utf8
[2022-05-25T16:41:38+08:00][sql] SHOW FULL COLUMNS FROM `jz_record` [ RunTime:0.000756s ]
[2022-05-25T16:41:38+08:00][sql] SELECT SUM(`money`) AS think_sum FROM `jz_record` WHERE  `userid` = '001001'  AND `CreatTime` BETWEEN '2022-01-01 00:00:00' AND '2022-12-31 23:59:59' LIMIT 1 [ RunTime:0.000306s ]
[2022-05-25T16:41:38+08:00][sql] SELECT SUM(`money`) AS think_sum FROM `jz_record` WHERE  `userid` = '001001'  AND `CreatTime` BETWEEN '2022-05-01 00:00:00' AND '2022-05-31 23:59:59' LIMIT 1 [ RunTime:0.000206s ]
[2022-05-25T16:41:38+08:00][sql] SELECT SUM(`money`) AS think_sum FROM `jz_record` WHERE  `userid` = '001001'  AND `CreatTime` BETWEEN '2022-05-23 00:00:00' AND '2022-05-29 23:59:59' LIMIT 1 [ RunTime:0.000200s ]
[2022-05-25T16:41:38+08:00][sql] SELECT SUM(`money`) AS think_sum FROM `jz_record` WHERE  `userid` = '001001'  AND `CreatTime` BETWEEN '2022-05-25 00:00:00' AND '2022-05-25 23:59:59' LIMIT 1 [ RunTime:0.000199s ]
[2022-05-25T16:41:38+08:00][sql] SELECT * FROM `jz_record` WHERE  `userid` = '001001' ORDER BY `time` DESC LIMIT 6 [ RunTime:0.000261s ]
[2022-05-25T16:41:42+08:00][sql] CONNECT:[ UseTime:0.000294s ] mysql:host=127.0.0.1;port=3306;dbname=jzapp_qingyunjia;charset=utf8
[2022-05-25T16:41:42+08:00][sql] SHOW FULL COLUMNS FROM `jz_record` [ RunTime:0.000715s ]
[2022-05-25T16:41:42+08:00][sql] SELECT SUM(`money`) AS think_sum FROM `jz_record` WHERE  `userid` = '001001'  AND `CreatTime` BETWEEN '2022-01-01 00:00:00' AND '2022-12-31 23:59:59' LIMIT 1 [ RunTime:0.000306s ]
[2022-05-25T16:41:42+08:00][sql] SELECT SUM(`money`) AS think_sum FROM `jz_record` WHERE  `userid` = '001001'  AND `CreatTime` BETWEEN '2022-05-01 00:00:00' AND '2022-05-31 23:59:59' LIMIT 1 [ RunTime:0.000225s ]
[2022-05-25T16:41:42+08:00][sql] SELECT SUM(`money`) AS think_sum FROM `jz_record` WHERE  `userid` = '001001'  AND `CreatTime` BETWEEN '2022-05-23 00:00:00' AND '2022-05-29 23:59:59' LIMIT 1 [ RunTime:0.000202s ]
[2022-05-25T16:41:42+08:00][sql] SELECT SUM(`money`) AS think_sum FROM `jz_record` WHERE  `userid` = '001001'  AND `CreatTime` BETWEEN '2022-05-25 00:00:00' AND '2022-05-25 23:59:59' LIMIT 1 [ RunTime:0.000200s ]
[2022-05-25T16:41:42+08:00][sql] SELECT * FROM `jz_record` WHERE  `userid` = '001001' ORDER BY `time` DESC LIMIT 6 [ RunTime:0.000257s ]
[2022-05-25T16:42:00+08:00][sql] CONNECT:[ UseTime:0.000394s ] mysql:host=127.0.0.1;port=3306;dbname=jzapp_qingyunjia;charset=utf8
[2022-05-25T16:42:00+08:00][sql] SHOW FULL COLUMNS FROM `jz_record` [ RunTime:0.000730s ]
[2022-05-25T16:42:00+08:00][sql] SELECT SUM(`money`) AS think_sum FROM `jz_record` WHERE  `userid` = '001001'  AND `CreatTime` BETWEEN '2022-01-01 00:00:00' AND '2022-12-31 23:59:59' LIMIT 1 [ RunTime:0.000311s ]
[2022-05-25T16:42:00+08:00][sql] SELECT SUM(`money`) AS think_sum FROM `jz_record` WHERE  `userid` = '001001'  AND `CreatTime` BETWEEN '2022-05-01 00:00:00' AND '2022-05-31 23:59:59' LIMIT 1 [ RunTime:0.000222s ]
[2022-05-25T16:42:00+08:00][sql] SELECT SUM(`money`) AS think_sum FROM `jz_record` WHERE  `userid` = '001001'  AND `CreatTime` BETWEEN '2022-05-23 00:00:00' AND '2022-05-29 23:59:59' LIMIT 1 [ RunTime:0.000218s ]
[2022-05-25T16:42:00+08:00][sql] SELECT SUM(`money`) AS think_sum FROM `jz_record` WHERE  `userid` = '001001'  AND `CreatTime` BETWEEN '2022-05-25 00:00:00' AND '2022-05-25 23:59:59' LIMIT 1 [ RunTime:0.000227s ]
[2022-05-25T16:42:00+08:00][sql] SELECT * FROM `jz_record` WHERE  `userid` = '001001' ORDER BY `time` DESC LIMIT 6 [ RunTime:0.000244s ]
[2022-05-25T16:42:02+08:00][sql] CONNECT:[ UseTime:0.001022s ] mysql:host=127.0.0.1;port=3306;dbname=jzapp_qingyunjia;charset=utf8
[2022-05-25T16:42:02+08:00][sql] SHOW FULL COLUMNS FROM `jz_record` [ RunTime:0.000977s ]
[2022-05-25T16:42:02+08:00][sql] SELECT SUM(`money`) AS think_sum FROM `jz_record` WHERE  `userid` = '001001'  AND `CreatTime` BETWEEN '2022-01-01 00:00:00' AND '2022-12-31 23:59:59' LIMIT 1 [ RunTime:0.000353s ]
[2022-05-25T16:42:02+08:00][sql] SELECT SUM(`money`) AS think_sum FROM `jz_record` WHERE  `userid` = '001001'  AND `CreatTime` BETWEEN '2022-05-01 00:00:00' AND '2022-05-31 23:59:59' LIMIT 1 [ RunTime:0.000286s ]
[2022-05-25T16:42:02+08:00][sql] SELECT SUM(`money`) AS think_sum FROM `jz_record` WHERE  `userid` = '001001'  AND `CreatTime` BETWEEN '2022-05-23 00:00:00' AND '2022-05-29 23:59:59' LIMIT 1 [ RunTime:0.001037s ]
[2022-05-25T16:42:02+08:00][sql] SELECT SUM(`money`) AS think_sum FROM `jz_record` WHERE  `userid` = '001001'  AND `CreatTime` BETWEEN '2022-05-25 00:00:00' AND '2022-05-25 23:59:59' LIMIT 1 [ RunTime:0.000331s ]
[2022-05-25T16:42:02+08:00][sql] SELECT * FROM `jz_record` WHERE  `userid` = '001001' ORDER BY `time` DESC LIMIT 6 [ RunTime:0.000342s ]
[2022-05-25T16:42:29+08:00][sql] CONNECT:[ UseTime:0.000387s ] mysql:host=127.0.0.1;port=3306;dbname=jzapp_qingyunjia;charset=utf8
[2022-05-25T16:42:29+08:00][sql] SHOW FULL COLUMNS FROM `jz_record` [ RunTime:0.000689s ]
[2022-05-25T16:42:29+08:00][sql] SELECT SUM(`money`) AS think_sum FROM `jz_record` WHERE  `userid` = '001001'  AND `CreatTime` BETWEEN '2022-01-01 00:00:00' AND '2022-12-31 23:59:59' LIMIT 1 [ RunTime:0.000329s ]
[2022-05-25T16:42:29+08:00][sql] SELECT SUM(`money`) AS think_sum FROM `jz_record` WHERE  `userid` = '001001'  AND `CreatTime` BETWEEN '2022-05-01 00:00:00' AND '2022-05-31 23:59:59' LIMIT 1 [ RunTime:0.000265s ]
[2022-05-25T16:42:29+08:00][sql] SELECT SUM(`money`) AS think_sum FROM `jz_record` WHERE  `userid` = '001001'  AND `CreatTime` BETWEEN '2022-05-23 00:00:00' AND '2022-05-29 23:59:59' LIMIT 1 [ RunTime:0.000227s ]
[2022-05-25T16:42:29+08:00][sql] SELECT SUM(`money`) AS think_sum FROM `jz_record` WHERE  `userid` = '001001'  AND `CreatTime` BETWEEN '2022-05-25 00:00:00' AND '2022-05-25 23:59:59' LIMIT 1 [ RunTime:0.000239s ]
[2022-05-25T16:42:29+08:00][sql] SELECT * FROM `jz_record` WHERE  `userid` = '001001' ORDER BY `time` DESC LIMIT 6 [ RunTime:0.000245s ]
[2022-05-25T16:42:32+08:00][sql] CONNECT:[ UseTime:0.000327s ] mysql:host=127.0.0.1;port=3306;dbname=jzapp_qingyunjia;charset=utf8
[2022-05-25T16:42:32+08:00][sql] SHOW FULL COLUMNS FROM `jz_record` [ RunTime:0.000815s ]
[2022-05-25T16:42:32+08:00][sql] SELECT SUM(`money`) AS think_sum FROM `jz_record` WHERE  `userid` = '001001'  AND `CreatTime` BETWEEN '2022-01-01 00:00:00' AND '2022-12-31 23:59:59' LIMIT 1 [ RunTime:0.000337s ]
[2022-05-25T16:42:32+08:00][sql] SELECT SUM(`money`) AS think_sum FROM `jz_record` WHERE  `userid` = '001001'  AND `CreatTime` BETWEEN '2022-05-01 00:00:00' AND '2022-05-31 23:59:59' LIMIT 1 [ RunTime:0.000271s ]
[2022-05-25T16:42:32+08:00][sql] SELECT SUM(`money`) AS think_sum FROM `jz_record` WHERE  `userid` = '001001'  AND `CreatTime` BETWEEN '2022-05-23 00:00:00' AND '2022-05-29 23:59:59' LIMIT 1 [ RunTime:0.000284s ]
[2022-05-25T16:42:32+08:00][sql] SELECT SUM(`money`) AS think_sum FROM `jz_record` WHERE  `userid` = '001001'  AND `CreatTime` BETWEEN '2022-05-25 00:00:00' AND '2022-05-25 23:59:59' LIMIT 1 [ RunTime:0.000274s ]
[2022-05-25T16:42:32+08:00][sql] SELECT * FROM `jz_record` WHERE  `userid` = '001001' ORDER BY `time` DESC LIMIT 6 [ RunTime:0.000321s ]
[2022-05-25T16:42:52+08:00][sql] CONNECT:[ UseTime:0.000353s ] mysql:host=127.0.0.1;port=3306;dbname=jzapp_qingyunjia;charset=utf8
[2022-05-25T16:42:52+08:00][sql] SHOW FULL COLUMNS FROM `jz_record` [ RunTime:0.000684s ]
[2022-05-25T16:42:52+08:00][sql] SELECT * FROM `jz_record` WHERE  `userid` = '001001'  AND `type` = 1  AND `CreatTime` BETWEEN '2022-04-01 00:00:00' AND '2022-04-30 23:59:59' [ RunTime:0.000381s ]
[2022-05-25T16:42:52+08:00][sql] SELECT SUM(`money`) AS think_sum FROM `jz_record` WHERE  `userid` = '001001'  AND `type` = 1  AND `CreatTime` BETWEEN '2022-04-01 00:00:00' AND '2022-04-30 23:59:59' LIMIT 1 [ RunTime:0.000256s ]
[2022-05-25T16:42:52+08:00][sql] SELECT SUM(`money`) AS think_sum FROM `jz_record` WHERE  `userid` = '001001'  AND `type` = 2  AND `CreatTime` BETWEEN '2022-04-01 00:00:00' AND '2022-04-30 23:59:59' LIMIT 1 [ RunTime:0.000215s ]
[2022-05-25T16:42:54+08:00][sql] CONNECT:[ UseTime:0.000408s ] mysql:host=127.0.0.1;port=3306;dbname=jzapp_qingyunjia;charset=utf8
[2022-05-25T16:42:54+08:00][sql] SHOW FULL COLUMNS FROM `jz_record` [ RunTime:0.000695s ]
[2022-05-25T16:42:54+08:00][sql] SELECT SUM(`money`) AS think_sum FROM `jz_record` WHERE  `userid` = '001001'  AND `type` = 1  AND `title` = '交通'  AND `CreatTime` BETWEEN '2022-04-01 00:00:00' AND '2022-04-30 23:59:59' LIMIT 1 [ RunTime:0.000327s ]
[2022-05-25T16:42:54+08:00][sql] SELECT SUM(`money`) AS think_sum FROM `jz_record` WHERE  `userid` = '001001'  AND `type` = 1  AND `title` = '餐饮'  AND `CreatTime` BETWEEN '2022-04-01 00:00:00' AND '2022-04-30 23:59:59' LIMIT 1 [ RunTime:0.000228s ]
[2022-05-25T16:42:54+08:00][sql] SELECT SUM(`money`) AS think_sum FROM `jz_record` WHERE  `userid` = '001001'  AND `type` = 1  AND `title` = '娱乐'  AND `CreatTime` BETWEEN '2022-04-01 00:00:00' AND '2022-04-30 23:59:59' LIMIT 1 [ RunTime:0.000217s ]
[2022-05-25T16:42:54+08:00][sql] SELECT SUM(`money`) AS think_sum FROM `jz_record` WHERE  `userid` = '001001'  AND `type` = 1  AND `title` = '健康'  AND `CreatTime` BETWEEN '2022-04-01 00:00:00' AND '2022-04-30 23:59:59' LIMIT 1 [ RunTime:0.000231s ]
[2022-05-25T16:42:54+08:00][sql] SELECT SUM(`money`) AS think_sum FROM `jz_record` WHERE  `userid` = '001001'  AND `type` = 1  AND `title` = '居家'  AND `CreatTime` BETWEEN '2022-04-01 00:00:00' AND '2022-04-30 23:59:59' LIMIT 1 [ RunTime:0.000214s ]
[2022-05-25T16:42:54+08:00][sql] SELECT SUM(`money`) AS think_sum FROM `jz_record` WHERE  `userid` = '001001'  AND `type` = 1  AND `title` = '购物'  AND `CreatTime` BETWEEN '2022-04-01 00:00:00' AND '2022-04-30 23:59:59' LIMIT 1 [ RunTime:0.000220s ]
[2022-05-25T16:42:54+08:00][sql] SELECT SUM(`money`) AS think_sum FROM `jz_record` WHERE  `userid` = '001001'  AND `type` = 1  AND `title` = '文教'  AND `CreatTime` BETWEEN '2022-04-01 00:00:00' AND '2022-04-30 23:59:59' LIMIT 1 [ RunTime:0.000232s ]
[2022-05-25T16:42:54+08:00][sql] SELECT SUM(`money`) AS think_sum FROM `jz_record` WHERE  `userid` = '001001'  AND `type` = 1  AND `title` = '其他'  AND `CreatTime` BETWEEN '2022-04-01 00:00:00' AND '2022-04-30 23:59:59' LIMIT 1 [ RunTime:0.000218s ]
[2022-05-25T16:43:04+08:00][sql] CONNECT:[ UseTime:0.000301s ] mysql:host=127.0.0.1;port=3306;dbname=jzapp_qingyunjia;charset=utf8
[2022-05-25T16:43:04+08:00][sql] SHOW FULL COLUMNS FROM `jz_record` [ RunTime:0.000705s ]
[2022-05-25T16:43:04+08:00][sql] SELECT SUM(`money`) AS think_sum FROM `jz_record` WHERE  `userid` = '001001'  AND `CreatTime` BETWEEN '2022-01-01 00:00:00' AND '2022-12-31 23:59:59' LIMIT 1 [ RunTime:0.000348s ]
[2022-05-25T16:43:04+08:00][sql] SELECT SUM(`money`) AS think_sum FROM `jz_record` WHERE  `userid` = '001001'  AND `CreatTime` BETWEEN '2022-05-01 00:00:00' AND '2022-05-31 23:59:59' LIMIT 1 [ RunTime:0.000276s ]
[2022-05-25T16:43:04+08:00][sql] SELECT SUM(`money`) AS think_sum FROM `jz_record` WHERE  `userid` = '001001'  AND `CreatTime` BETWEEN '2022-05-23 00:00:00' AND '2022-05-29 23:59:59' LIMIT 1 [ RunTime:0.000301s ]
[2022-05-25T16:43:04+08:00][sql] SELECT SUM(`money`) AS think_sum FROM `jz_record` WHERE  `userid` = '001001'  AND `CreatTime` BETWEEN '2022-05-25 00:00:00' AND '2022-05-25 23:59:59' LIMIT 1 [ RunTime:0.000290s ]
[2022-05-25T16:43:04+08:00][sql] SELECT * FROM `jz_record` WHERE  `userid` = '001001' ORDER BY `time` DESC LIMIT 6 [ RunTime:0.000255s ]
[2022-05-25T16:43:07+08:00][sql] CONNECT:[ UseTime:0.000510s ] mysql:host=127.0.0.1;port=3306;dbname=jzapp_qingyunjia;charset=utf8
[2022-05-25T16:43:07+08:00][sql] SHOW FULL COLUMNS FROM `jz_record` [ RunTime:0.000697s ]
[2022-05-25T16:43:07+08:00][sql] SELECT * FROM `jz_record` WHERE  `id` = 15 LIMIT 1 [ RunTime:0.000282s ]
[2022-05-25T16:43:09+08:00][sql] CONNECT:[ UseTime:0.000352s ] mysql:host=127.0.0.1;port=3306;dbname=jzapp_qingyunjia;charset=utf8
[2022-05-25T16:43:09+08:00][sql] SHOW FULL COLUMNS FROM `jz_record` [ RunTime:0.000704s ]
[2022-05-25T16:43:09+08:00][sql] SELECT * FROM `jz_record` WHERE  `id` = 15 LIMIT 1 [ RunTime:0.000287s ]
[2022-05-25T16:43:12+08:00][sql] CONNECT:[ UseTime:0.000585s ] mysql:host=127.0.0.1;port=3306;dbname=jzapp_qingyunjia;charset=utf8
[2022-05-25T16:43:12+08:00][sql] SHOW FULL COLUMNS FROM `jz_record` [ RunTime:0.000720s ]
[2022-05-25T16:43:12+08:00][sql] SELECT * FROM `jz_record` WHERE  `id` = 17 LIMIT 1 [ RunTime:0.000308s ]
[2022-05-25T16:45:45+08:00][sql] CONNECT:[ UseTime:0.000398s ] mysql:host=127.0.0.1;port=3306;dbname=jzapp_qingyunjia;charset=utf8
[2022-05-25T16:45:45+08:00][sql] SHOW FULL COLUMNS FROM `jz_record` [ RunTime:0.000684s ]
[2022-05-25T16:45:45+08:00][sql] SELECT SUM(`money`) AS think_sum FROM `jz_record` WHERE  `userid` = '001001'  AND `CreatTime` BETWEEN '2022-01-01 00:00:00' AND '2022-12-31 23:59:59' LIMIT 1 [ RunTime:0.000360s ]
[2022-05-25T16:45:45+08:00][sql] SELECT SUM(`money`) AS think_sum FROM `jz_record` WHERE  `userid` = '001001'  AND `CreatTime` BETWEEN '2022-05-01 00:00:00' AND '2022-05-31 23:59:59' LIMIT 1 [ RunTime:0.000204s ]
[2022-05-25T16:45:45+08:00][sql] SELECT SUM(`money`) AS think_sum FROM `jz_record` WHERE  `userid` = '001001'  AND `CreatTime` BETWEEN '2022-05-23 00:00:00' AND '2022-05-29 23:59:59' LIMIT 1 [ RunTime:0.000218s ]
[2022-05-25T16:45:45+08:00][sql] SELECT SUM(`money`) AS think_sum FROM `jz_record` WHERE  `userid` = '001001'  AND `CreatTime` BETWEEN '2022-05-25 00:00:00' AND '2022-05-25 23:59:59' LIMIT 1 [ RunTime:0.000218s ]
[2022-05-25T16:45:45+08:00][sql] SELECT * FROM `jz_record` WHERE  `userid` = '001001' ORDER BY `time` DESC LIMIT 6 [ RunTime:0.000242s ]
[2022-05-25T16:45:51+08:00][sql] CONNECT:[ UseTime:0.000388s ] mysql:host=127.0.0.1;port=3306;dbname=jzapp_qingyunjia;charset=utf8
[2022-05-25T16:45:51+08:00][sql] SHOW FULL COLUMNS FROM `jz_record` [ RunTime:0.000795s ]
[2022-05-25T16:45:51+08:00][sql] SELECT * FROM `jz_record` WHERE  `userid` = '001001'  AND `type` = 1  AND `CreatTime` BETWEEN '2022-04-01 00:00:00' AND '2022-04-30 23:59:59' [ RunTime:0.000444s ]
[2022-05-25T16:45:51+08:00][sql] SELECT SUM(`money`) AS think_sum FROM `jz_record` WHERE  `userid` = '001001'  AND `type` = 1  AND `CreatTime` BETWEEN '2022-04-01 00:00:00' AND '2022-04-30 23:59:59' LIMIT 1 [ RunTime:0.000246s ]
[2022-05-25T16:45:51+08:00][sql] SELECT SUM(`money`) AS think_sum FROM `jz_record` WHERE  `userid` = '001001'  AND `type` = 2  AND `CreatTime` BETWEEN '2022-04-01 00:00:00' AND '2022-04-30 23:59:59' LIMIT 1 [ RunTime:0.000246s ]
[2022-05-25T16:45:53+08:00][sql] CONNECT:[ UseTime:0.000309s ] mysql:host=127.0.0.1;port=3306;dbname=jzapp_qingyunjia;charset=utf8
[2022-05-25T16:45:53+08:00][sql] SHOW FULL COLUMNS FROM `jz_record` [ RunTime:0.000943s ]
[2022-05-25T16:45:53+08:00][sql] SELECT SUM(`money`) AS think_sum FROM `jz_record` WHERE  `userid` = '001001'  AND `CreatTime` BETWEEN '2022-01-01 00:00:00' AND '2022-12-31 23:59:59' LIMIT 1 [ RunTime:0.000338s ]
[2022-05-25T16:45:53+08:00][sql] SELECT SUM(`money`) AS think_sum FROM `jz_record` WHERE  `userid` = '001001'  AND `CreatTime` BETWEEN '2022-05-01 00:00:00' AND '2022-05-31 23:59:59' LIMIT 1 [ RunTime:0.000273s ]
[2022-05-25T16:45:53+08:00][sql] SELECT SUM(`money`) AS think_sum FROM `jz_record` WHERE  `userid` = '001001'  AND `CreatTime` BETWEEN '2022-05-23 00:00:00' AND '2022-05-29 23:59:59' LIMIT 1 [ RunTime:0.000264s ]
[2022-05-25T16:45:53+08:00][sql] SELECT SUM(`money`) AS think_sum FROM `jz_record` WHERE  `userid` = '001001'  AND `CreatTime` BETWEEN '2022-05-25 00:00:00' AND '2022-05-25 23:59:59' LIMIT 1 [ RunTime:0.000287s ]
[2022-05-25T16:45:53+08:00][sql] SELECT * FROM `jz_record` WHERE  `userid` = '001001' ORDER BY `time` DESC LIMIT 6 [ RunTime:0.000321s ]
[2022-05-25T16:45:55+08:00][sql] CONNECT:[ UseTime:0.000414s ] mysql:host=127.0.0.1;port=3306;dbname=jzapp_qingyunjia;charset=utf8
[2022-05-25T16:45:55+08:00][sql] SHOW FULL COLUMNS FROM `jz_record` [ RunTime:0.000751s ]
[2022-05-25T16:45:55+08:00][sql] SELECT SUM(`money`) AS think_sum FROM `jz_record` WHERE  `userid` = '001001'  AND `type` = 1  AND `title` = '交通'  AND `CreatTime` BETWEEN '2022-04-01 00:00:00' AND '2022-04-30 23:59:59' LIMIT 1 [ RunTime:0.000334s ]
[2022-05-25T16:45:55+08:00][sql] SELECT SUM(`money`) AS think_sum FROM `jz_record` WHERE  `userid` = '001001'  AND `type` = 1  AND `title` = '餐饮'  AND `CreatTime` BETWEEN '2022-04-01 00:00:00' AND '2022-04-30 23:59:59' LIMIT 1 [ RunTime:0.000231s ]
[2022-05-25T16:45:55+08:00][sql] SELECT SUM(`money`) AS think_sum FROM `jz_record` WHERE  `userid` = '001001'  AND `type` = 1  AND `title` = '娱乐'  AND `CreatTime` BETWEEN '2022-04-01 00:00:00' AND '2022-04-30 23:59:59' LIMIT 1 [ RunTime:0.000238s ]
[2022-05-25T16:45:55+08:00][sql] SELECT SUM(`money`) AS think_sum FROM `jz_record` WHERE  `userid` = '001001'  AND `type` = 1  AND `title` = '健康'  AND `CreatTime` BETWEEN '2022-04-01 00:00:00' AND '2022-04-30 23:59:59' LIMIT 1 [ RunTime:0.000218s ]
[2022-05-25T16:45:55+08:00][sql] SELECT SUM(`money`) AS think_sum FROM `jz_record` WHERE  `userid` = '001001'  AND `type` = 1  AND `title` = '居家'  AND `CreatTime` BETWEEN '2022-04-01 00:00:00' AND '2022-04-30 23:59:59' LIMIT 1 [ RunTime:0.000215s ]
[2022-05-25T16:45:55+08:00][sql] SELECT SUM(`money`) AS think_sum FROM `jz_record` WHERE  `userid` = '001001'  AND `type` = 1  AND `title` = '购物'  AND `CreatTime` BETWEEN '2022-04-01 00:00:00' AND '2022-04-30 23:59:59' LIMIT 1 [ RunTime:0.000240s ]
[2022-05-25T16:45:55+08:00][sql] SELECT SUM(`money`) AS think_sum FROM `jz_record` WHERE  `userid` = '001001'  AND `type` = 1  AND `title` = '文教'  AND `CreatTime` BETWEEN '2022-04-01 00:00:00' AND '2022-04-30 23:59:59' LIMIT 1 [ RunTime:0.000222s ]
[2022-05-25T16:45:55+08:00][sql] SELECT SUM(`money`) AS think_sum FROM `jz_record` WHERE  `userid` = '001001'  AND `type` = 1  AND `title` = '其他'  AND `CreatTime` BETWEEN '2022-04-01 00:00:00' AND '2022-04-30 23:59:59' LIMIT 1 [ RunTime:0.000218s ]
[2022-05-25T16:50:16+08:00][sql] CONNECT:[ UseTime:0.000437s ] mysql:host=127.0.0.1;port=3306;dbname=jzapp_qingyunjia;charset=utf8
[2022-05-25T16:50:16+08:00][sql] SHOW FULL COLUMNS FROM `jz_record` [ RunTime:0.000706s ]
[2022-05-25T16:50:16+08:00][sql] SELECT SUM(`money`) AS think_sum FROM `jz_record` WHERE  `userid` = '001001'  AND `type` = 1  AND `title` = '交通'  AND `CreatTime` BETWEEN '2022-04-01 00:00:00' AND '2022-04-30 23:59:59' LIMIT 1 [ RunTime:0.000469s ]
[2022-05-25T16:50:16+08:00][sql] SELECT SUM(`money`) AS think_sum FROM `jz_record` WHERE  `userid` = '001001'  AND `type` = 1  AND `title` = '餐饮'  AND `CreatTime` BETWEEN '2022-04-01 00:00:00' AND '2022-04-30 23:59:59' LIMIT 1 [ RunTime:0.000252s ]
[2022-05-25T16:50:16+08:00][sql] SELECT SUM(`money`) AS think_sum FROM `jz_record` WHERE  `userid` = '001001'  AND `type` = 1  AND `title` = '娱乐'  AND `CreatTime` BETWEEN '2022-04-01 00:00:00' AND '2022-04-30 23:59:59' LIMIT 1 [ RunTime:0.000223s ]
[2022-05-25T16:50:16+08:00][sql] SELECT SUM(`money`) AS think_sum FROM `jz_record` WHERE  `userid` = '001001'  AND `type` = 1  AND `title` = '健康'  AND `CreatTime` BETWEEN '2022-04-01 00:00:00' AND '2022-04-30 23:59:59' LIMIT 1 [ RunTime:0.000237s ]
[2022-05-25T16:50:16+08:00][sql] SELECT SUM(`money`) AS think_sum FROM `jz_record` WHERE  `userid` = '001001'  AND `type` = 1  AND `title` = '居家'  AND `CreatTime` BETWEEN '2022-04-01 00:00:00' AND '2022-04-30 23:59:59' LIMIT 1 [ RunTime:0.000217s ]
[2022-05-25T16:50:16+08:00][sql] SELECT SUM(`money`) AS think_sum FROM `jz_record` WHERE  `userid` = '001001'  AND `type` = 1  AND `title` = '购物'  AND `CreatTime` BETWEEN '2022-04-01 00:00:00' AND '2022-04-30 23:59:59' LIMIT 1 [ RunTime:0.000217s ]
[2022-05-25T16:50:16+08:00][sql] SELECT SUM(`money`) AS think_sum FROM `jz_record` WHERE  `userid` = '001001'  AND `type` = 1  AND `title` = '文教'  AND `CreatTime` BETWEEN '2022-04-01 00:00:00' AND '2022-04-30 23:59:59' LIMIT 1 [ RunTime:0.000249s ]
[2022-05-25T16:50:16+08:00][sql] SELECT SUM(`money`) AS think_sum FROM `jz_record` WHERE  `userid` = '001001'  AND `type` = 1  AND `title` = '其他'  AND `CreatTime` BETWEEN '2022-04-01 00:00:00' AND '2022-04-30 23:59:59' LIMIT 1 [ RunTime:0.000219s ]
[2022-05-25T16:50:35+08:00][sql] CONNECT:[ UseTime:0.000504s ] mysql:host=127.0.0.1;port=3306;dbname=jzapp_qingyunjia;charset=utf8
[2022-05-25T16:50:35+08:00][sql] SHOW FULL COLUMNS FROM `jz_record` [ RunTime:0.000688s ]
[2022-05-25T16:50:35+08:00][sql] SELECT * FROM `jz_record` WHERE  `userid` = '001001'  AND `type` = 1  AND `CreatTime` BETWEEN '2022-04-01 00:00:00' AND '2022-04-30 23:59:59' [ RunTime:0.000360s ]
[2022-05-25T16:50:35+08:00][sql] SELECT SUM(`money`) AS think_sum FROM `jz_record` WHERE  `userid` = '001001'  AND `type` = 1  AND `CreatTime` BETWEEN '2022-04-01 00:00:00' AND '2022-04-30 23:59:59' LIMIT 1 [ RunTime:0.000269s ]
[2022-05-25T16:50:35+08:00][sql] SELECT SUM(`money`) AS think_sum FROM `jz_record` WHERE  `userid` = '001001'  AND `type` = 2  AND `CreatTime` BETWEEN '2022-04-01 00:00:00' AND '2022-04-30 23:59:59' LIMIT 1 [ RunTime:0.000203s ]
[2022-05-25T16:50:36+08:00][sql] CONNECT:[ UseTime:0.000384s ] mysql:host=127.0.0.1;port=3306;dbname=jzapp_qingyunjia;charset=utf8
[2022-05-25T16:50:36+08:00][sql] SHOW FULL COLUMNS FROM `jz_record` [ RunTime:0.000725s ]
[2022-05-25T16:50:36+08:00][sql] SELECT SUM(`money`) AS think_sum FROM `jz_record` WHERE  `userid` = '001001'  AND `CreatTime` BETWEEN '2022-01-01 00:00:00' AND '2022-12-31 23:59:59' LIMIT 1 [ RunTime:0.000290s ]
[2022-05-25T16:50:36+08:00][sql] SELECT SUM(`money`) AS think_sum FROM `jz_record` WHERE  `userid` = '001001'  AND `CreatTime` BETWEEN '2022-05-01 00:00:00' AND '2022-05-31 23:59:59' LIMIT 1 [ RunTime:0.000221s ]
[2022-05-25T16:50:36+08:00][sql] SELECT SUM(`money`) AS think_sum FROM `jz_record` WHERE  `userid` = '001001'  AND `CreatTime` BETWEEN '2022-05-23 00:00:00' AND '2022-05-29 23:59:59' LIMIT 1 [ RunTime:0.000216s ]
[2022-05-25T16:50:36+08:00][sql] SELECT SUM(`money`) AS think_sum FROM `jz_record` WHERE  `userid` = '001001'  AND `CreatTime` BETWEEN '2022-05-25 00:00:00' AND '2022-05-25 23:59:59' LIMIT 1 [ RunTime:0.000202s ]
[2022-05-25T16:50:36+08:00][sql] SELECT * FROM `jz_record` WHERE  `userid` = '001001' ORDER BY `time` DESC LIMIT 6 [ RunTime:0.000258s ]
[2022-05-25T21:12:38+08:00][error] [8]未定义数组索引: userid[/www/wwwroot/jzapp.qingyunjian.cn/app/api/controller/Record.php:38]
[2022-05-25T23:24:04+08:00][sql] CONNECT:[ UseTime:0.000350s ] mysql:host=127.0.0.1;port=3306;dbname=jzapp_qingyunjia;charset=utf8
[2022-05-25T23:24:04+08:00][sql] SHOW FULL COLUMNS FROM `jz_record` [ RunTime:0.000714s ]
[2022-05-25T23:24:04+08:00][sql] SELECT * FROM `jz_record` WHERE  `id` = 15 LIMIT 1 [ RunTime:0.000267s ]
