[2022-06-08T15:13:09+08:00][error] [8]未定义数组索引: userid[/www/wwwroot/jzapp.qingyunjian.cn/app/api/controller/Record.php:26]
[2022-06-08T15:16:54+08:00][error] [8]未定义数组索引: userid[/www/wwwroot/jzapp.qingyunjian.cn/app/api/controller/Record.php:26]
[2022-06-08T15:17:00+08:00][error] [8]未定义数组索引: userid[/www/wwwroot/jzapp.qingyunjian.cn/app/api/controller/Record.php:26]
[2022-06-08T15:17:02+08:00][error] [8]未定义数组索引: userid[/www/wwwroot/jzapp.qingyunjian.cn/app/api/controller/Record.php:38]
[2022-06-08T15:17:03+08:00][error] [8]未定义数组索引: userid[/www/wwwroot/jzapp.qingyunjian.cn/app/api/controller/Record.php:68]
[2022-06-08T15:17:05+08:00][error] [8]未定义数组索引: userid[/www/wwwroot/jzapp.qingyunjian.cn/app/api/controller/Record.php:26]
[2022-06-08T15:18:26+08:00][error] [8]未定义数组索引: userid[/www/wwwroot/jzapp.qingyunjian.cn/app/api/controller/Record.php:26]
[2022-06-08T15:18:35+08:00][error] [8]未定义数组索引: userid[/www/wwwroot/jzapp.qingyunjian.cn/app/api/controller/Record.php:38]
[2022-06-08T15:18:38+08:00][error] [8]未定义数组索引: userid[/www/wwwroot/jzapp.qingyunjian.cn/app/api/controller/Record.php:26]
[2022-06-08T15:18:41+08:00][error] [8]未定义数组索引: userid[/www/wwwroot/jzapp.qingyunjian.cn/app/api/controller/Record.php:68]
[2022-06-08T15:18:42+08:00][error] [8]未定义数组索引: userid[/www/wwwroot/jzapp.qingyunjian.cn/app/api/controller/Record.php:38]
[2022-06-08T15:19:20+08:00][sql] CONNECT:[ UseTime:0.000349s ] mysql:host=127.0.0.1;port=3306;dbname=jzapp_qingyunjia;charset=utf8
[2022-06-08T15:19:20+08:00][sql] SHOW FULL COLUMNS FROM `jz_user` [ RunTime:0.000742s ]
[2022-06-08T15:19:20+08:00][sql] SELECT * FROM `jz_user` WHERE  `username` = '蛋炒饭' LIMIT 1 [ RunTime:0.000295s ]
[2022-06-08T15:19:20+08:00][sql] CONNECT:[ UseTime:0.000479s ] mysql:host=127.0.0.1;port=3306;dbname=jzapp_qingyunjia;charset=utf8
[2022-06-08T15:19:20+08:00][sql] SHOW FULL COLUMNS FROM `jz_record` [ RunTime:0.000893s ]
[2022-06-08T15:19:20+08:00][sql] SELECT SUM(`money`) AS think_sum FROM `jz_record` WHERE  `userid` = '001001'  AND `CreatTime` BETWEEN '2022-01-01 00:00:00' AND '2022-12-31 23:59:59' LIMIT 1 [ RunTime:0.000342s ]
[2022-06-08T15:19:20+08:00][sql] SELECT SUM(`money`) AS think_sum FROM `jz_record` WHERE  `userid` = '001001'  AND `CreatTime` BETWEEN '2022-06-01 00:00:00' AND '2022-06-30 23:59:59' LIMIT 1 [ RunTime:0.000273s ]
[2022-06-08T15:19:20+08:00][sql] SELECT SUM(`money`) AS think_sum FROM `jz_record` WHERE  `userid` = '001001'  AND `CreatTime` BETWEEN '2022-06-06 00:00:00' AND '2022-06-12 23:59:59' LIMIT 1 [ RunTime:0.000265s ]
[2022-06-08T15:19:20+08:00][sql] SELECT SUM(`money`) AS think_sum FROM `jz_record` WHERE  `userid` = '001001'  AND `CreatTime` BETWEEN '2022-06-08 00:00:00' AND '2022-06-08 23:59:59' LIMIT 1 [ RunTime:0.000283s ]
[2022-06-08T15:19:20+08:00][sql] SELECT * FROM `jz_record` WHERE  `userid` = '001001' ORDER BY `time` DESC LIMIT 6 [ RunTime:0.000322s ]
[2022-06-08T15:19:27+08:00][sql] CONNECT:[ UseTime:0.000309s ] mysql:host=127.0.0.1;port=3306;dbname=jzapp_qingyunjia;charset=utf8
[2022-06-08T15:19:27+08:00][sql] SHOW FULL COLUMNS FROM `jz_record` [ RunTime:0.000795s ]
[2022-06-08T15:19:27+08:00][sql] SELECT SUM(`money`) AS think_sum FROM `jz_record` WHERE  `userid` = '001001'  AND `CreatTime` BETWEEN '2022-01-01 00:00:00' AND '2022-12-31 23:59:59' LIMIT 1 [ RunTime:0.000296s ]
[2022-06-08T15:19:27+08:00][sql] SELECT SUM(`money`) AS think_sum FROM `jz_record` WHERE  `userid` = '001001'  AND `CreatTime` BETWEEN '2022-06-01 00:00:00' AND '2022-06-30 23:59:59' LIMIT 1 [ RunTime:0.000227s ]
[2022-06-08T15:19:27+08:00][sql] SELECT SUM(`money`) AS think_sum FROM `jz_record` WHERE  `userid` = '001001'  AND `CreatTime` BETWEEN '2022-06-06 00:00:00' AND '2022-06-12 23:59:59' LIMIT 1 [ RunTime:0.000252s ]
[2022-06-08T15:19:27+08:00][sql] SELECT SUM(`money`) AS think_sum FROM `jz_record` WHERE  `userid` = '001001'  AND `CreatTime` BETWEEN '2022-06-08 00:00:00' AND '2022-06-08 23:59:59' LIMIT 1 [ RunTime:0.000215s ]
[2022-06-08T15:19:27+08:00][sql] SELECT * FROM `jz_record` WHERE  `userid` = '001001' ORDER BY `time` DESC LIMIT 6 [ RunTime:0.000262s ]
[2022-06-08T15:19:29+08:00][sql] CONNECT:[ UseTime:0.000422s ] mysql:host=127.0.0.1;port=3306;dbname=jzapp_qingyunjia;charset=utf8
[2022-06-08T15:19:29+08:00][sql] SHOW FULL COLUMNS FROM `jz_record` [ RunTime:0.000907s ]
[2022-06-08T15:19:29+08:00][sql] SELECT * FROM `jz_record` WHERE  `id` = 19 LIMIT 1 [ RunTime:0.000354s ]
[2022-06-08T15:19:33+08:00][sql] CONNECT:[ UseTime:0.000357s ] mysql:host=127.0.0.1;port=3306;dbname=jzapp_qingyunjia;charset=utf8
[2022-06-08T15:19:33+08:00][sql] SHOW FULL COLUMNS FROM `jz_record` [ RunTime:0.003070s ]
[2022-06-08T15:19:33+08:00][sql] SELECT * FROM `jz_record` WHERE  `id` = 20 LIMIT 1 [ RunTime:0.000423s ]
[2022-06-08T15:19:46+08:00][sql] CONNECT:[ UseTime:0.000394s ] mysql:host=127.0.0.1;port=3306;dbname=jzapp_qingyunjia;charset=utf8
[2022-06-08T15:19:46+08:00][sql] SHOW FULL COLUMNS FROM `jz_record` [ RunTime:0.000816s ]
[2022-06-08T15:19:46+08:00][sql] SELECT * FROM `jz_record` WHERE  `userid` = '001001'  AND `type` = 1  AND `CreatTime` BETWEEN '2022-04-01 00:00:00' AND '2022-04-30 23:59:59' [ RunTime:0.000416s ]
[2022-06-08T15:19:46+08:00][sql] SELECT SUM(`money`) AS think_sum FROM `jz_record` WHERE  `userid` = '001001'  AND `type` = 1  AND `CreatTime` BETWEEN '2022-04-01 00:00:00' AND '2022-04-30 23:59:59' LIMIT 1 [ RunTime:0.000276s ]
[2022-06-08T15:19:46+08:00][sql] SELECT SUM(`money`) AS think_sum FROM `jz_record` WHERE  `userid` = '001001'  AND `type` = 2  AND `CreatTime` BETWEEN '2022-04-01 00:00:00' AND '2022-04-30 23:59:59' LIMIT 1 [ RunTime:0.000235s ]
[2022-06-08T15:19:52+08:00][sql] CONNECT:[ UseTime:0.000328s ] mysql:host=127.0.0.1;port=3306;dbname=jzapp_qingyunjia;charset=utf8
[2022-06-08T15:19:52+08:00][sql] SHOW FULL COLUMNS FROM `jz_record` [ RunTime:0.000639s ]
[2022-06-08T15:19:52+08:00][sql] SELECT * FROM `jz_record` WHERE  `userid` = '001001'  AND `type` = 2  AND `CreatTime` BETWEEN '2022-04-01 00:00:00' AND '2022-04-30 23:59:59' [ RunTime:0.000319s ]
[2022-06-08T15:19:52+08:00][sql] SELECT SUM(`money`) AS think_sum FROM `jz_record` WHERE  `userid` = '001001'  AND `type` = 1  AND `CreatTime` BETWEEN '2022-04-01 00:00:00' AND '2022-04-30 23:59:59' LIMIT 1 [ RunTime:0.000670s ]
[2022-06-08T15:19:52+08:00][sql] SELECT SUM(`money`) AS think_sum FROM `jz_record` WHERE  `userid` = '001001'  AND `type` = 2  AND `CreatTime` BETWEEN '2022-04-01 00:00:00' AND '2022-04-30 23:59:59' LIMIT 1 [ RunTime:0.000239s ]
[2022-06-08T15:19:54+08:00][sql] CONNECT:[ UseTime:0.000446s ] mysql:host=127.0.0.1;port=3306;dbname=jzapp_qingyunjia;charset=utf8
[2022-06-08T15:19:54+08:00][sql] SHOW FULL COLUMNS FROM `jz_record` [ RunTime:0.000776s ]
[2022-06-08T15:19:54+08:00][sql] SELECT * FROM `jz_record` WHERE  `userid` = '001001'  AND `type` = 1  AND `CreatTime` BETWEEN '2022-04-01 00:00:00' AND '2022-04-30 23:59:59' [ RunTime:0.000366s ]
[2022-06-08T15:19:54+08:00][sql] SELECT SUM(`money`) AS think_sum FROM `jz_record` WHERE  `userid` = '001001'  AND `type` = 1  AND `CreatTime` BETWEEN '2022-04-01 00:00:00' AND '2022-04-30 23:59:59' LIMIT 1 [ RunTime:0.000275s ]
[2022-06-08T15:19:54+08:00][sql] SELECT SUM(`money`) AS think_sum FROM `jz_record` WHERE  `userid` = '001001'  AND `type` = 2  AND `CreatTime` BETWEEN '2022-04-01 00:00:00' AND '2022-04-30 23:59:59' LIMIT 1 [ RunTime:0.000238s ]
[2022-06-08T15:19:58+08:00][sql] CONNECT:[ UseTime:0.000322s ] mysql:host=127.0.0.1;port=3306;dbname=jzapp_qingyunjia;charset=utf8
[2022-06-08T15:19:58+08:00][sql] SHOW FULL COLUMNS FROM `jz_record` [ RunTime:0.000715s ]
[2022-06-08T15:19:58+08:00][sql] SELECT * FROM `jz_record` WHERE  `userid` = '001001'  AND `type` = 1  AND `CreatTime` BETWEEN '2022-04-01 00:00:00' AND '2022-04-30 23:59:59' [ RunTime:0.000372s ]
[2022-06-08T15:19:58+08:00][sql] SELECT SUM(`money`) AS think_sum FROM `jz_record` WHERE  `userid` = '001001'  AND `type` = 1  AND `CreatTime` BETWEEN '2022-04-01 00:00:00' AND '2022-04-30 23:59:59' LIMIT 1 [ RunTime:0.000244s ]
[2022-06-08T15:19:58+08:00][sql] SELECT SUM(`money`) AS think_sum FROM `jz_record` WHERE  `userid` = '001001'  AND `type` = 2  AND `CreatTime` BETWEEN '2022-04-01 00:00:00' AND '2022-04-30 23:59:59' LIMIT 1 [ RunTime:0.000252s ]
[2022-06-08T15:20:01+08:00][sql] CONNECT:[ UseTime:0.000372s ] mysql:host=127.0.0.1;port=3306;dbname=jzapp_qingyunjia;charset=utf8
[2022-06-08T15:20:01+08:00][sql] SHOW FULL COLUMNS FROM `jz_record` [ RunTime:0.000813s ]
[2022-06-08T15:20:01+08:00][sql] SELECT SUM(`money`) AS think_sum FROM `jz_record` WHERE  `userid` = '001001'  AND `type` = 1  AND `title` = '交通'  AND `CreatTime` BETWEEN '2022-04-01 00:00:00' AND '2022-04-30 23:59:59' LIMIT 1 [ RunTime:0.000367s ]
[2022-06-08T15:20:01+08:00][sql] SELECT SUM(`money`) AS think_sum FROM `jz_record` WHERE  `userid` = '001001'  AND `type` = 1  AND `title` = '餐饮'  AND `CreatTime` BETWEEN '2022-04-01 00:00:00' AND '2022-04-30 23:59:59' LIMIT 1 [ RunTime:0.000248s ]
[2022-06-08T15:20:01+08:00][sql] SELECT SUM(`money`) AS think_sum FROM `jz_record` WHERE  `userid` = '001001'  AND `type` = 1  AND `title` = '娱乐'  AND `CreatTime` BETWEEN '2022-04-01 00:00:00' AND '2022-04-30 23:59:59' LIMIT 1 [ RunTime:0.000230s ]
[2022-06-08T15:20:01+08:00][sql] SELECT SUM(`money`) AS think_sum FROM `jz_record` WHERE  `userid` = '001001'  AND `type` = 1  AND `title` = '健康'  AND `CreatTime` BETWEEN '2022-04-01 00:00:00' AND '2022-04-30 23:59:59' LIMIT 1 [ RunTime:0.000278s ]
[2022-06-08T15:20:01+08:00][sql] SELECT SUM(`money`) AS think_sum FROM `jz_record` WHERE  `userid` = '001001'  AND `type` = 1  AND `title` = '居家'  AND `CreatTime` BETWEEN '2022-04-01 00:00:00' AND '2022-04-30 23:59:59' LIMIT 1 [ RunTime:0.000310s ]
[2022-06-08T15:20:01+08:00][sql] SELECT SUM(`money`) AS think_sum FROM `jz_record` WHERE  `userid` = '001001'  AND `type` = 1  AND `title` = '购物'  AND `CreatTime` BETWEEN '2022-04-01 00:00:00' AND '2022-04-30 23:59:59' LIMIT 1 [ RunTime:0.000296s ]
[2022-06-08T15:20:01+08:00][sql] SELECT SUM(`money`) AS think_sum FROM `jz_record` WHERE  `userid` = '001001'  AND `type` = 1  AND `title` = '文教'  AND `CreatTime` BETWEEN '2022-04-01 00:00:00' AND '2022-04-30 23:59:59' LIMIT 1 [ RunTime:0.000241s ]
[2022-06-08T15:20:01+08:00][sql] SELECT SUM(`money`) AS think_sum FROM `jz_record` WHERE  `userid` = '001001'  AND `type` = 1  AND `title` = '其他'  AND `CreatTime` BETWEEN '2022-04-01 00:00:00' AND '2022-04-30 23:59:59' LIMIT 1 [ RunTime:0.000246s ]
[2022-06-08T15:20:04+08:00][sql] CONNECT:[ UseTime:0.000369s ] mysql:host=127.0.0.1;port=3306;dbname=jzapp_qingyunjia;charset=utf8
[2022-06-08T15:20:04+08:00][sql] SHOW FULL COLUMNS FROM `jz_record` [ RunTime:0.000875s ]
[2022-06-08T15:20:04+08:00][sql] SELECT * FROM `jz_record` WHERE  `userid` = '001001'  AND `type` = 1  AND `CreatTime` BETWEEN '2022-04-01 00:00:00' AND '2022-04-30 23:59:59' [ RunTime:0.000428s ]
[2022-06-08T15:20:04+08:00][sql] SELECT SUM(`money`) AS think_sum FROM `jz_record` WHERE  `userid` = '001001'  AND `type` = 1  AND `CreatTime` BETWEEN '2022-04-01 00:00:00' AND '2022-04-30 23:59:59' LIMIT 1 [ RunTime:0.000564s ]
[2022-06-08T15:20:04+08:00][sql] SELECT SUM(`money`) AS think_sum FROM `jz_record` WHERE  `userid` = '001001'  AND `type` = 2  AND `CreatTime` BETWEEN '2022-04-01 00:00:00' AND '2022-04-30 23:59:59' LIMIT 1 [ RunTime:0.000232s ]
[2022-06-08T15:20:05+08:00][sql] CONNECT:[ UseTime:0.000409s ] mysql:host=127.0.0.1;port=3306;dbname=jzapp_qingyunjia;charset=utf8
[2022-06-08T15:20:05+08:00][sql] SHOW FULL COLUMNS FROM `jz_record` [ RunTime:0.000757s ]
[2022-06-08T15:20:05+08:00][sql] SELECT SUM(`money`) AS think_sum FROM `jz_record` WHERE  `userid` = '001001'  AND `type` = 1  AND `title` = '交通'  AND `CreatTime` BETWEEN '2022-04-01 00:00:00' AND '2022-04-30 23:59:59' LIMIT 1 [ RunTime:0.000401s ]
[2022-06-08T15:20:05+08:00][sql] SELECT SUM(`money`) AS think_sum FROM `jz_record` WHERE  `userid` = '001001'  AND `type` = 1  AND `title` = '餐饮'  AND `CreatTime` BETWEEN '2022-04-01 00:00:00' AND '2022-04-30 23:59:59' LIMIT 1 [ RunTime:0.000401s ]
[2022-06-08T15:20:05+08:00][sql] SELECT SUM(`money`) AS think_sum FROM `jz_record` WHERE  `userid` = '001001'  AND `type` = 1  AND `title` = '娱乐'  AND `CreatTime` BETWEEN '2022-04-01 00:00:00' AND '2022-04-30 23:59:59' LIMIT 1 [ RunTime:0.000613s ]
[2022-06-08T15:20:05+08:00][sql] SELECT SUM(`money`) AS think_sum FROM `jz_record` WHERE  `userid` = '001001'  AND `type` = 1  AND `title` = '健康'  AND `CreatTime` BETWEEN '2022-04-01 00:00:00' AND '2022-04-30 23:59:59' LIMIT 1 [ RunTime:0.000249s ]
[2022-06-08T15:20:05+08:00][sql] SELECT SUM(`money`) AS think_sum FROM `jz_record` WHERE  `userid` = '001001'  AND `type` = 1  AND `title` = '居家'  AND `CreatTime` BETWEEN '2022-04-01 00:00:00' AND '2022-04-30 23:59:59' LIMIT 1 [ RunTime:0.000287s ]
[2022-06-08T15:20:05+08:00][sql] SELECT SUM(`money`) AS think_sum FROM `jz_record` WHERE  `userid` = '001001'  AND `type` = 1  AND `title` = '购物'  AND `CreatTime` BETWEEN '2022-04-01 00:00:00' AND '2022-04-30 23:59:59' LIMIT 1 [ RunTime:0.000264s ]
[2022-06-08T15:20:05+08:00][sql] SELECT SUM(`money`) AS think_sum FROM `jz_record` WHERE  `userid` = '001001'  AND `type` = 1  AND `title` = '文教'  AND `CreatTime` BETWEEN '2022-04-01 00:00:00' AND '2022-04-30 23:59:59' LIMIT 1 [ RunTime:0.000227s ]
[2022-06-08T15:20:05+08:00][sql] SELECT SUM(`money`) AS think_sum FROM `jz_record` WHERE  `userid` = '001001'  AND `type` = 1  AND `title` = '其他'  AND `CreatTime` BETWEEN '2022-04-01 00:00:00' AND '2022-04-30 23:59:59' LIMIT 1 [ RunTime:0.000238s ]
[2022-06-08T15:20:17+08:00][sql] CONNECT:[ UseTime:0.000407s ] mysql:host=127.0.0.1;port=3306;dbname=jzapp_qingyunjia;charset=utf8
[2022-06-08T15:20:17+08:00][sql] SHOW FULL COLUMNS FROM `jz_record` [ RunTime:0.000730s ]
[2022-06-08T15:20:17+08:00][sql] SELECT SUM(`money`) AS think_sum FROM `jz_record` WHERE  `userid` = '001001'  AND `type` = 1  AND `title` = '交通'  AND `CreatTime` BETWEEN '2022-04-01 00:00:00' AND '2022-04-30 23:59:59' LIMIT 1 [ RunTime:0.000324s ]
[2022-06-08T15:20:17+08:00][sql] SELECT SUM(`money`) AS think_sum FROM `jz_record` WHERE  `userid` = '001001'  AND `type` = 1  AND `title` = '餐饮'  AND `CreatTime` BETWEEN '2022-04-01 00:00:00' AND '2022-04-30 23:59:59' LIMIT 1 [ RunTime:0.000252s ]
[2022-06-08T15:20:17+08:00][sql] SELECT SUM(`money`) AS think_sum FROM `jz_record` WHERE  `userid` = '001001'  AND `type` = 1  AND `title` = '娱乐'  AND `CreatTime` BETWEEN '2022-04-01 00:00:00' AND '2022-04-30 23:59:59' LIMIT 1 [ RunTime:0.000266s ]
[2022-06-08T15:20:17+08:00][sql] SELECT SUM(`money`) AS think_sum FROM `jz_record` WHERE  `userid` = '001001'  AND `type` = 1  AND `title` = '健康'  AND `CreatTime` BETWEEN '2022-04-01 00:00:00' AND '2022-04-30 23:59:59' LIMIT 1 [ RunTime:0.000220s ]
[2022-06-08T15:20:17+08:00][sql] SELECT SUM(`money`) AS think_sum FROM `jz_record` WHERE  `userid` = '001001'  AND `type` = 1  AND `title` = '居家'  AND `CreatTime` BETWEEN '2022-04-01 00:00:00' AND '2022-04-30 23:59:59' LIMIT 1 [ RunTime:0.000262s ]
[2022-06-08T15:20:17+08:00][sql] SELECT SUM(`money`) AS think_sum FROM `jz_record` WHERE  `userid` = '001001'  AND `type` = 1  AND `title` = '购物'  AND `CreatTime` BETWEEN '2022-04-01 00:00:00' AND '2022-04-30 23:59:59' LIMIT 1 [ RunTime:0.000271s ]
[2022-06-08T15:20:17+08:00][sql] SELECT SUM(`money`) AS think_sum FROM `jz_record` WHERE  `userid` = '001001'  AND `type` = 1  AND `title` = '文教'  AND `CreatTime` BETWEEN '2022-04-01 00:00:00' AND '2022-04-30 23:59:59' LIMIT 1 [ RunTime:0.000222s ]
[2022-06-08T15:20:17+08:00][sql] SELECT SUM(`money`) AS think_sum FROM `jz_record` WHERE  `userid` = '001001'  AND `type` = 1  AND `title` = '其他'  AND `CreatTime` BETWEEN '2022-04-01 00:00:00' AND '2022-04-30 23:59:59' LIMIT 1 [ RunTime:0.000220s ]
[2022-06-08T15:20:33+08:00][sql] CONNECT:[ UseTime:0.000556s ] mysql:host=127.0.0.1;port=3306;dbname=jzapp_qingyunjia;charset=utf8
[2022-06-08T15:20:33+08:00][sql] SHOW FULL COLUMNS FROM `jz_record` [ RunTime:0.000897s ]
[2022-06-08T15:20:33+08:00][sql] SELECT SUM(`money`) AS think_sum FROM `jz_record` WHERE  `userid` = '001001'  AND `type` = 1  AND `title` = '交通'  AND `CreatTime` BETWEEN '2022-04-01 00:00:00' AND '2022-04-30 23:59:59' LIMIT 1 [ RunTime:0.000447s ]
[2022-06-08T15:20:33+08:00][sql] SELECT SUM(`money`) AS think_sum FROM `jz_record` WHERE  `userid` = '001001'  AND `type` = 1  AND `title` = '餐饮'  AND `CreatTime` BETWEEN '2022-04-01 00:00:00' AND '2022-04-30 23:59:59' LIMIT 1 [ RunTime:0.000325s ]
[2022-06-08T15:20:33+08:00][sql] SELECT SUM(`money`) AS think_sum FROM `jz_record` WHERE  `userid` = '001001'  AND `type` = 1  AND `title` = '娱乐'  AND `CreatTime` BETWEEN '2022-04-01 00:00:00' AND '2022-04-30 23:59:59' LIMIT 1 [ RunTime:0.000244s ]
[2022-06-08T15:20:33+08:00][sql] SELECT SUM(`money`) AS think_sum FROM `jz_record` WHERE  `userid` = '001001'  AND `type` = 1  AND `title` = '健康'  AND `CreatTime` BETWEEN '2022-04-01 00:00:00' AND '2022-04-30 23:59:59' LIMIT 1 [ RunTime:0.000229s ]
[2022-06-08T15:20:33+08:00][sql] SELECT SUM(`money`) AS think_sum FROM `jz_record` WHERE  `userid` = '001001'  AND `type` = 1  AND `title` = '居家'  AND `CreatTime` BETWEEN '2022-04-01 00:00:00' AND '2022-04-30 23:59:59' LIMIT 1 [ RunTime:0.000238s ]
[2022-06-08T15:20:33+08:00][sql] SELECT SUM(`money`) AS think_sum FROM `jz_record` WHERE  `userid` = '001001'  AND `type` = 1  AND `title` = '购物'  AND `CreatTime` BETWEEN '2022-04-01 00:00:00' AND '2022-04-30 23:59:59' LIMIT 1 [ RunTime:0.000276s ]
[2022-06-08T15:20:33+08:00][sql] SELECT SUM(`money`) AS think_sum FROM `jz_record` WHERE  `userid` = '001001'  AND `type` = 1  AND `title` = '文教'  AND `CreatTime` BETWEEN '2022-04-01 00:00:00' AND '2022-04-30 23:59:59' LIMIT 1 [ RunTime:0.000227s ]
[2022-06-08T15:20:33+08:00][sql] SELECT SUM(`money`) AS think_sum FROM `jz_record` WHERE  `userid` = '001001'  AND `type` = 1  AND `title` = '其他'  AND `CreatTime` BETWEEN '2022-04-01 00:00:00' AND '2022-04-30 23:59:59' LIMIT 1 [ RunTime:0.000243s ]
[2022-06-08T15:21:00+08:00][sql] CONNECT:[ UseTime:0.000319s ] mysql:host=127.0.0.1;port=3306;dbname=jzapp_qingyunjia;charset=utf8
[2022-06-08T15:21:00+08:00][sql] SHOW FULL COLUMNS FROM `jz_record` [ RunTime:0.000749s ]
[2022-06-08T15:21:00+08:00][sql] SELECT * FROM `jz_record` WHERE  `userid` = '001001'  AND `type` = 1  AND `CreatTime` BETWEEN '2022-04-01 00:00:00' AND '2022-04-30 23:59:59' [ RunTime:0.000351s ]
[2022-06-08T15:21:00+08:00][sql] SELECT SUM(`money`) AS think_sum FROM `jz_record` WHERE  `userid` = '001001'  AND `type` = 1  AND `CreatTime` BETWEEN '2022-04-01 00:00:00' AND '2022-04-30 23:59:59' LIMIT 1 [ RunTime:0.000245s ]
[2022-06-08T15:21:00+08:00][sql] SELECT SUM(`money`) AS think_sum FROM `jz_record` WHERE  `userid` = '001001'  AND `type` = 2  AND `CreatTime` BETWEEN '2022-04-01 00:00:00' AND '2022-04-30 23:59:59' LIMIT 1 [ RunTime:0.000218s ]
[2022-06-08T15:21:02+08:00][sql] CONNECT:[ UseTime:0.000350s ] mysql:host=127.0.0.1;port=3306;dbname=jzapp_qingyunjia;charset=utf8
[2022-06-08T15:21:02+08:00][sql] SHOW FULL COLUMNS FROM `jz_record` [ RunTime:0.000743s ]
[2022-06-08T15:21:02+08:00][sql] SELECT SUM(`money`) AS think_sum FROM `jz_record` WHERE  `userid` = '001001'  AND `CreatTime` BETWEEN '2022-01-01 00:00:00' AND '2022-12-31 23:59:59' LIMIT 1 [ RunTime:0.000296s ]
[2022-06-08T15:21:02+08:00][sql] SELECT SUM(`money`) AS think_sum FROM `jz_record` WHERE  `userid` = '001001'  AND `CreatTime` BETWEEN '2022-06-01 00:00:00' AND '2022-06-30 23:59:59' LIMIT 1 [ RunTime:0.000228s ]
[2022-06-08T15:21:02+08:00][sql] SELECT SUM(`money`) AS think_sum FROM `jz_record` WHERE  `userid` = '001001'  AND `CreatTime` BETWEEN '2022-06-06 00:00:00' AND '2022-06-12 23:59:59' LIMIT 1 [ RunTime:0.000222s ]
[2022-06-08T15:21:02+08:00][sql] SELECT SUM(`money`) AS think_sum FROM `jz_record` WHERE  `userid` = '001001'  AND `CreatTime` BETWEEN '2022-06-08 00:00:00' AND '2022-06-08 23:59:59' LIMIT 1 [ RunTime:0.000202s ]
[2022-06-08T15:21:02+08:00][sql] SELECT * FROM `jz_record` WHERE  `userid` = '001001' ORDER BY `time` DESC LIMIT 6 [ RunTime:0.000283s ]
[2022-06-08T15:46:09+08:00][sql] CONNECT:[ UseTime:0.000428s ] mysql:host=127.0.0.1;port=3306;dbname=jzapp_qingyunjia;charset=utf8
[2022-06-08T15:46:09+08:00][sql] SHOW FULL COLUMNS FROM `jz_record` [ RunTime:0.000760s ]
[2022-06-08T15:46:09+08:00][sql] SELECT SUM(`money`) AS think_sum FROM `jz_record` WHERE  `userid` = '001001'  AND `CreatTime` BETWEEN '2022-01-01 00:00:00' AND '2022-12-31 23:59:59' LIMIT 1 [ RunTime:0.000335s ]
[2022-06-08T15:46:09+08:00][sql] SELECT SUM(`money`) AS think_sum FROM `jz_record` WHERE  `userid` = '001001'  AND `CreatTime` BETWEEN '2022-06-01 00:00:00' AND '2022-06-30 23:59:59' LIMIT 1 [ RunTime:0.000260s ]
[2022-06-08T15:46:09+08:00][sql] SELECT SUM(`money`) AS think_sum FROM `jz_record` WHERE  `userid` = '001001'  AND `CreatTime` BETWEEN '2022-06-06 00:00:00' AND '2022-06-12 23:59:59' LIMIT 1 [ RunTime:0.000200s ]
[2022-06-08T15:46:09+08:00][sql] SELECT SUM(`money`) AS think_sum FROM `jz_record` WHERE  `userid` = '001001'  AND `CreatTime` BETWEEN '2022-06-08 00:00:00' AND '2022-06-08 23:59:59' LIMIT 1 [ RunTime:0.000223s ]
[2022-06-08T15:46:09+08:00][sql] SELECT * FROM `jz_record` WHERE  `userid` = '001001' ORDER BY `time` DESC LIMIT 6 [ RunTime:0.000299s ]
[2022-06-08T16:01:37+08:00][error] [8]未定义数组索引: userid[/www/wwwroot/jzapp.qingyunjian.cn/app/api/controller/Record.php:26]
[2022-06-08T16:01:40+08:00][error] [8]未定义数组索引: userid[/www/wwwroot/jzapp.qingyunjian.cn/app/api/controller/Record.php:38]
[2022-06-08T16:01:43+08:00][error] [8]未定义数组索引: userid[/www/wwwroot/jzapp.qingyunjian.cn/app/api/controller/Record.php:68]
[2022-06-08T16:10:54+08:00][error] [8]未定义数组索引: userid[/www/wwwroot/jzapp.qingyunjian.cn/app/api/controller/Record.php:38]
[2022-06-08T17:54:56+08:00][sql] CONNECT:[ UseTime:0.000312s ] mysql:host=127.0.0.1;port=3306;dbname=jzapp_qingyunjia;charset=utf8
[2022-06-08T17:54:56+08:00][sql] SHOW FULL COLUMNS FROM `jz_record` [ RunTime:0.000810s ]
[2022-06-08T17:54:56+08:00][sql] SELECT SUM(`money`) AS think_sum FROM `jz_record` WHERE  `userid` = '001001'  AND `CreatTime` BETWEEN '2022-01-01 00:00:00' AND '2022-12-31 23:59:59' LIMIT 1 [ RunTime:0.000283s ]
[2022-06-08T17:54:56+08:00][sql] SELECT SUM(`money`) AS think_sum FROM `jz_record` WHERE  `userid` = '001001'  AND `CreatTime` BETWEEN '2022-06-01 00:00:00' AND '2022-06-30 23:59:59' LIMIT 1 [ RunTime:0.000277s ]
[2022-06-08T17:54:56+08:00][sql] SELECT SUM(`money`) AS think_sum FROM `jz_record` WHERE  `userid` = '001001'  AND `CreatTime` BETWEEN '2022-06-06 00:00:00' AND '2022-06-12 23:59:59' LIMIT 1 [ RunTime:0.000200s ]
[2022-06-08T17:54:56+08:00][sql] SELECT SUM(`money`) AS think_sum FROM `jz_record` WHERE  `userid` = '001001'  AND `CreatTime` BETWEEN '2022-06-08 00:00:00' AND '2022-06-08 23:59:59' LIMIT 1 [ RunTime:0.000199s ]
[2022-06-08T17:54:56+08:00][sql] SELECT * FROM `jz_record` WHERE  `userid` = '001001' ORDER BY `time` DESC LIMIT 6 [ RunTime:0.000316s ]
[2022-06-08T17:55:00+08:00][sql] CONNECT:[ UseTime:0.000369s ] mysql:host=127.0.0.1;port=3306;dbname=jzapp_qingyunjia;charset=utf8
[2022-06-08T17:55:00+08:00][sql] SHOW FULL COLUMNS FROM `jz_record` [ RunTime:0.000743s ]
[2022-06-08T17:55:00+08:00][sql] SELECT * FROM `jz_record` WHERE  `id` = 19 LIMIT 1 [ RunTime:0.000343s ]
[2022-06-08T17:55:04+08:00][sql] CONNECT:[ UseTime:0.000420s ] mysql:host=127.0.0.1;port=3306;dbname=jzapp_qingyunjia;charset=utf8
[2022-06-08T17:55:04+08:00][sql] SHOW FULL COLUMNS FROM `jz_record` [ RunTime:0.000781s ]
[2022-06-08T17:55:04+08:00][sql] SELECT SUM(`money`) AS think_sum FROM `jz_record` WHERE  `userid` = '001001'  AND `CreatTime` BETWEEN '2022-01-01 00:00:00' AND '2022-12-31 23:59:59' LIMIT 1 [ RunTime:0.000282s ]
[2022-06-08T17:55:04+08:00][sql] SELECT SUM(`money`) AS think_sum FROM `jz_record` WHERE  `userid` = '001001'  AND `CreatTime` BETWEEN '2022-06-01 00:00:00' AND '2022-06-30 23:59:59' LIMIT 1 [ RunTime:0.000209s ]
[2022-06-08T17:55:04+08:00][sql] SELECT SUM(`money`) AS think_sum FROM `jz_record` WHERE  `userid` = '001001'  AND `CreatTime` BETWEEN '2022-06-06 00:00:00' AND '2022-06-12 23:59:59' LIMIT 1 [ RunTime:0.000207s ]
[2022-06-08T17:55:04+08:00][sql] SELECT SUM(`money`) AS think_sum FROM `jz_record` WHERE  `userid` = '001001'  AND `CreatTime` BETWEEN '2022-06-08 00:00:00' AND '2022-06-08 23:59:59' LIMIT 1 [ RunTime:0.001326s ]
[2022-06-08T17:55:04+08:00][sql] SELECT * FROM `jz_record` WHERE  `userid` = '001001' ORDER BY `time` DESC LIMIT 6 [ RunTime:0.000361s ]
[2022-06-08T17:55:06+08:00][sql] CONNECT:[ UseTime:0.000567s ] mysql:host=127.0.0.1;port=3306;dbname=jzapp_qingyunjia;charset=utf8
[2022-06-08T17:55:06+08:00][sql] SHOW FULL COLUMNS FROM `jz_record` [ RunTime:0.000811s ]
[2022-06-08T17:55:06+08:00][sql] SELECT * FROM `jz_record` WHERE  `userid` = '001001'  AND `type` = 1  AND `CreatTime` BETWEEN '2022-04-01 00:00:00' AND '2022-04-30 23:59:59' [ RunTime:0.000379s ]
[2022-06-08T17:55:06+08:00][sql] SELECT SUM(`money`) AS think_sum FROM `jz_record` WHERE  `userid` = '001001'  AND `type` = 1  AND `CreatTime` BETWEEN '2022-04-01 00:00:00' AND '2022-04-30 23:59:59' LIMIT 1 [ RunTime:0.000327s ]
[2022-06-08T17:55:06+08:00][sql] SELECT SUM(`money`) AS think_sum FROM `jz_record` WHERE  `userid` = '001001'  AND `type` = 2  AND `CreatTime` BETWEEN '2022-04-01 00:00:00' AND '2022-04-30 23:59:59' LIMIT 1 [ RunTime:0.000220s ]
[2022-06-08T17:55:07+08:00][sql] CONNECT:[ UseTime:0.000357s ] mysql:host=127.0.0.1;port=3306;dbname=jzapp_qingyunjia;charset=utf8
[2022-06-08T17:55:07+08:00][sql] SHOW FULL COLUMNS FROM `jz_record` [ RunTime:0.001067s ]
[2022-06-08T17:55:07+08:00][sql] SELECT SUM(`money`) AS think_sum FROM `jz_record` WHERE  `userid` = '001001'  AND `CreatTime` BETWEEN '2022-01-01 00:00:00' AND '2022-12-31 23:59:59' LIMIT 1 [ RunTime:0.000343s ]
[2022-06-08T17:55:07+08:00][sql] SELECT SUM(`money`) AS think_sum FROM `jz_record` WHERE  `userid` = '001001'  AND `CreatTime` BETWEEN '2022-06-01 00:00:00' AND '2022-06-30 23:59:59' LIMIT 1 [ RunTime:0.000268s ]
[2022-06-08T17:55:07+08:00][sql] SELECT SUM(`money`) AS think_sum FROM `jz_record` WHERE  `userid` = '001001'  AND `CreatTime` BETWEEN '2022-06-06 00:00:00' AND '2022-06-12 23:59:59' LIMIT 1 [ RunTime:0.000266s ]
[2022-06-08T17:55:07+08:00][sql] SELECT SUM(`money`) AS think_sum FROM `jz_record` WHERE  `userid` = '001001'  AND `CreatTime` BETWEEN '2022-06-08 00:00:00' AND '2022-06-08 23:59:59' LIMIT 1 [ RunTime:0.000313s ]
[2022-06-08T17:55:07+08:00][sql] SELECT * FROM `jz_record` WHERE  `userid` = '001001' ORDER BY `time` DESC LIMIT 6 [ RunTime:0.000327s ]
[2022-06-08T17:55:08+08:00][sql] CONNECT:[ UseTime:0.000359s ] mysql:host=127.0.0.1;port=3306;dbname=jzapp_qingyunjia;charset=utf8
[2022-06-08T17:55:08+08:00][sql] SHOW FULL COLUMNS FROM `jz_record` [ RunTime:0.000754s ]
[2022-06-08T17:55:08+08:00][sql] SELECT * FROM `jz_record` WHERE  `userid` = '001001'  AND `type` = 1  AND `CreatTime` BETWEEN '2022-04-01 00:00:00' AND '2022-04-30 23:59:59' [ RunTime:0.000596s ]
[2022-06-08T17:55:08+08:00][sql] SELECT SUM(`money`) AS think_sum FROM `jz_record` WHERE  `userid` = '001001'  AND `type` = 1  AND `CreatTime` BETWEEN '2022-04-01 00:00:00' AND '2022-04-30 23:59:59' LIMIT 1 [ RunTime:0.000248s ]
[2022-06-08T17:55:08+08:00][sql] SELECT SUM(`money`) AS think_sum FROM `jz_record` WHERE  `userid` = '001001'  AND `type` = 2  AND `CreatTime` BETWEEN '2022-04-01 00:00:00' AND '2022-04-30 23:59:59' LIMIT 1 [ RunTime:0.000242s ]
[2022-06-08T17:55:09+08:00][sql] CONNECT:[ UseTime:0.000409s ] mysql:host=127.0.0.1;port=3306;dbname=jzapp_qingyunjia;charset=utf8
[2022-06-08T17:55:09+08:00][sql] SHOW FULL COLUMNS FROM `jz_record` [ RunTime:0.002347s ]
[2022-06-08T17:55:09+08:00][sql] SELECT SUM(`money`) AS think_sum FROM `jz_record` WHERE  `userid` = '001001'  AND `type` = 1  AND `title` = '交通'  AND `CreatTime` BETWEEN '2022-04-01 00:00:00' AND '2022-04-30 23:59:59' LIMIT 1 [ RunTime:0.000322s ]
[2022-06-08T17:55:09+08:00][sql] SELECT SUM(`money`) AS think_sum FROM `jz_record` WHERE  `userid` = '001001'  AND `type` = 1  AND `title` = '餐饮'  AND `CreatTime` BETWEEN '2022-04-01 00:00:00' AND '2022-04-30 23:59:59' LIMIT 1 [ RunTime:0.000273s ]
[2022-06-08T17:55:09+08:00][sql] SELECT SUM(`money`) AS think_sum FROM `jz_record` WHERE  `userid` = '001001'  AND `type` = 1  AND `title` = '娱乐'  AND `CreatTime` BETWEEN '2022-04-01 00:00:00' AND '2022-04-30 23:59:59' LIMIT 1 [ RunTime:0.000241s ]
[2022-06-08T17:55:09+08:00][sql] SELECT SUM(`money`) AS think_sum FROM `jz_record` WHERE  `userid` = '001001'  AND `type` = 1  AND `title` = '健康'  AND `CreatTime` BETWEEN '2022-04-01 00:00:00' AND '2022-04-30 23:59:59' LIMIT 1 [ RunTime:0.000221s ]
[2022-06-08T17:55:09+08:00][sql] SELECT SUM(`money`) AS think_sum FROM `jz_record` WHERE  `userid` = '001001'  AND `type` = 1  AND `title` = '居家'  AND `CreatTime` BETWEEN '2022-04-01 00:00:00' AND '2022-04-30 23:59:59' LIMIT 1 [ RunTime:0.000218s ]
[2022-06-08T17:55:09+08:00][sql] SELECT SUM(`money`) AS think_sum FROM `jz_record` WHERE  `userid` = '001001'  AND `type` = 1  AND `title` = '购物'  AND `CreatTime` BETWEEN '2022-04-01 00:00:00' AND '2022-04-30 23:59:59' LIMIT 1 [ RunTime:0.000316s ]
[2022-06-08T17:55:09+08:00][sql] SELECT SUM(`money`) AS think_sum FROM `jz_record` WHERE  `userid` = '001001'  AND `type` = 1  AND `title` = '文教'  AND `CreatTime` BETWEEN '2022-04-01 00:00:00' AND '2022-04-30 23:59:59' LIMIT 1 [ RunTime:0.000265s ]
[2022-06-08T17:55:09+08:00][sql] SELECT SUM(`money`) AS think_sum FROM `jz_record` WHERE  `userid` = '001001'  AND `type` = 1  AND `title` = '其他'  AND `CreatTime` BETWEEN '2022-04-01 00:00:00' AND '2022-04-30 23:59:59' LIMIT 1 [ RunTime:0.000257s ]
[2022-06-08T17:55:10+08:00][sql] CONNECT:[ UseTime:0.000393s ] mysql:host=127.0.0.1;port=3306;dbname=jzapp_qingyunjia;charset=utf8
[2022-06-08T17:55:10+08:00][sql] SHOW FULL COLUMNS FROM `jz_record` [ RunTime:0.000939s ]
[2022-06-08T17:55:10+08:00][sql] SELECT SUM(`money`) AS think_sum FROM `jz_record` WHERE  `userid` = '001001'  AND `type` = 1  AND `title` = '交通'  AND `CreatTime` BETWEEN '2022-04-01 00:00:00' AND '2022-04-30 23:59:59' LIMIT 1 [ RunTime:0.000375s ]
[2022-06-08T17:55:10+08:00][sql] SELECT SUM(`money`) AS think_sum FROM `jz_record` WHERE  `userid` = '001001'  AND `type` = 1  AND `title` = '餐饮'  AND `CreatTime` BETWEEN '2022-04-01 00:00:00' AND '2022-04-30 23:59:59' LIMIT 1 [ RunTime:0.000248s ]
[2022-06-08T17:55:10+08:00][sql] SELECT SUM(`money`) AS think_sum FROM `jz_record` WHERE  `userid` = '001001'  AND `type` = 1  AND `title` = '娱乐'  AND `CreatTime` BETWEEN '2022-04-01 00:00:00' AND '2022-04-30 23:59:59' LIMIT 1 [ RunTime:0.000304s ]
[2022-06-08T17:55:10+08:00][sql] SELECT SUM(`money`) AS think_sum FROM `jz_record` WHERE  `userid` = '001001'  AND `type` = 1  AND `title` = '健康'  AND `CreatTime` BETWEEN '2022-04-01 00:00:00' AND '2022-04-30 23:59:59' LIMIT 1 [ RunTime:0.000288s ]
[2022-06-08T17:55:10+08:00][sql] SELECT SUM(`money`) AS think_sum FROM `jz_record` WHERE  `userid` = '001001'  AND `type` = 1  AND `title` = '居家'  AND `CreatTime` BETWEEN '2022-04-01 00:00:00' AND '2022-04-30 23:59:59' LIMIT 1 [ RunTime:0.000232s ]
[2022-06-08T17:55:10+08:00][sql] SELECT SUM(`money`) AS think_sum FROM `jz_record` WHERE  `userid` = '001001'  AND `type` = 1  AND `title` = '购物'  AND `CreatTime` BETWEEN '2022-04-01 00:00:00' AND '2022-04-30 23:59:59' LIMIT 1 [ RunTime:0.000258s ]
[2022-06-08T17:55:10+08:00][sql] SELECT SUM(`money`) AS think_sum FROM `jz_record` WHERE  `userid` = '001001'  AND `type` = 1  AND `title` = '文教'  AND `CreatTime` BETWEEN '2022-04-01 00:00:00' AND '2022-04-30 23:59:59' LIMIT 1 [ RunTime:0.000228s ]
[2022-06-08T17:55:10+08:00][sql] SELECT SUM(`money`) AS think_sum FROM `jz_record` WHERE  `userid` = '001001'  AND `type` = 1  AND `title` = '其他'  AND `CreatTime` BETWEEN '2022-04-01 00:00:00' AND '2022-04-30 23:59:59' LIMIT 1 [ RunTime:0.000302s ]
[2022-06-08T17:55:11+08:00][sql] CONNECT:[ UseTime:0.000342s ] mysql:host=127.0.0.1;port=3306;dbname=jzapp_qingyunjia;charset=utf8
[2022-06-08T17:55:11+08:00][sql] SHOW FULL COLUMNS FROM `jz_record` [ RunTime:0.001075s ]
[2022-06-08T17:55:11+08:00][sql] SELECT * FROM `jz_record` WHERE  `userid` = '001001'  AND `type` = 1  AND `CreatTime` BETWEEN '2022-04-01 00:00:00' AND '2022-04-30 23:59:59' [ RunTime:0.000444s ]
[2022-06-08T17:55:11+08:00][sql] SELECT SUM(`money`) AS think_sum FROM `jz_record` WHERE  `userid` = '001001'  AND `type` = 1  AND `CreatTime` BETWEEN '2022-04-01 00:00:00' AND '2022-04-30 23:59:59' LIMIT 1 [ RunTime:0.000296s ]
[2022-06-08T17:55:11+08:00][sql] SELECT SUM(`money`) AS think_sum FROM `jz_record` WHERE  `userid` = '001001'  AND `type` = 2  AND `CreatTime` BETWEEN '2022-04-01 00:00:00' AND '2022-04-30 23:59:59' LIMIT 1 [ RunTime:0.000366s ]
[2022-06-08T17:55:12+08:00][sql] CONNECT:[ UseTime:0.000389s ] mysql:host=127.0.0.1;port=3306;dbname=jzapp_qingyunjia;charset=utf8
[2022-06-08T17:55:12+08:00][sql] SHOW FULL COLUMNS FROM `jz_record` [ RunTime:0.000833s ]
[2022-06-08T17:55:12+08:00][sql] SELECT SUM(`money`) AS think_sum FROM `jz_record` WHERE  `userid` = '001001'  AND `CreatTime` BETWEEN '2022-01-01 00:00:00' AND '2022-12-31 23:59:59' LIMIT 1 [ RunTime:0.000298s ]
[2022-06-08T17:55:12+08:00][sql] SELECT SUM(`money`) AS think_sum FROM `jz_record` WHERE  `userid` = '001001'  AND `CreatTime` BETWEEN '2022-06-01 00:00:00' AND '2022-06-30 23:59:59' LIMIT 1 [ RunTime:0.000220s ]
[2022-06-08T17:55:12+08:00][sql] SELECT SUM(`money`) AS think_sum FROM `jz_record` WHERE  `userid` = '001001'  AND `CreatTime` BETWEEN '2022-06-06 00:00:00' AND '2022-06-12 23:59:59' LIMIT 1 [ RunTime:0.000200s ]
[2022-06-08T17:55:12+08:00][sql] SELECT SUM(`money`) AS think_sum FROM `jz_record` WHERE  `userid` = '001001'  AND `CreatTime` BETWEEN '2022-06-08 00:00:00' AND '2022-06-08 23:59:59' LIMIT 1 [ RunTime:0.000211s ]
[2022-06-08T17:55:12+08:00][sql] SELECT * FROM `jz_record` WHERE  `userid` = '001001' ORDER BY `time` DESC LIMIT 6 [ RunTime:0.000276s ]
[2022-06-08T17:55:13+08:00][sql] CONNECT:[ UseTime:0.000371s ] mysql:host=127.0.0.1;port=3306;dbname=jzapp_qingyunjia;charset=utf8
[2022-06-08T17:55:13+08:00][sql] SHOW FULL COLUMNS FROM `jz_record` [ RunTime:0.000804s ]
[2022-06-08T17:55:13+08:00][sql] SELECT * FROM `jz_record` WHERE  `userid` = '001001'  AND `type` = 1  AND `CreatTime` BETWEEN '2022-04-01 00:00:00' AND '2022-04-30 23:59:59' [ RunTime:0.000376s ]
[2022-06-08T17:55:13+08:00][sql] SELECT SUM(`money`) AS think_sum FROM `jz_record` WHERE  `userid` = '001001'  AND `type` = 1  AND `CreatTime` BETWEEN '2022-04-01 00:00:00' AND '2022-04-30 23:59:59' LIMIT 1 [ RunTime:0.000238s ]
[2022-06-08T17:55:13+08:00][sql] SELECT SUM(`money`) AS think_sum FROM `jz_record` WHERE  `userid` = '001001'  AND `type` = 2  AND `CreatTime` BETWEEN '2022-04-01 00:00:00' AND '2022-04-30 23:59:59' LIMIT 1 [ RunTime:0.000249s ]
[2022-06-08T17:55:14+08:00][sql] CONNECT:[ UseTime:0.000330s ] mysql:host=127.0.0.1;port=3306;dbname=jzapp_qingyunjia;charset=utf8
[2022-06-08T17:55:14+08:00][sql] SHOW FULL COLUMNS FROM `jz_record` [ RunTime:0.002688s ]
[2022-06-08T17:55:14+08:00][sql] SELECT SUM(`money`) AS think_sum FROM `jz_record` WHERE  `userid` = '001001'  AND `type` = 1  AND `title` = '交通'  AND `CreatTime` BETWEEN '2022-04-01 00:00:00' AND '2022-04-30 23:59:59' LIMIT 1 [ RunTime:0.000429s ]
[2022-06-08T17:55:14+08:00][sql] SELECT SUM(`money`) AS think_sum FROM `jz_record` WHERE  `userid` = '001001'  AND `type` = 1  AND `title` = '餐饮'  AND `CreatTime` BETWEEN '2022-04-01 00:00:00' AND '2022-04-30 23:59:59' LIMIT 1 [ RunTime:0.000253s ]
[2022-06-08T17:55:14+08:00][sql] SELECT SUM(`money`) AS think_sum FROM `jz_record` WHERE  `userid` = '001001'  AND `type` = 1  AND `title` = '娱乐'  AND `CreatTime` BETWEEN '2022-04-01 00:00:00' AND '2022-04-30 23:59:59' LIMIT 1 [ RunTime:0.000276s ]
[2022-06-08T17:55:14+08:00][sql] SELECT SUM(`money`) AS think_sum FROM `jz_record` WHERE  `userid` = '001001'  AND `type` = 1  AND `title` = '健康'  AND `CreatTime` BETWEEN '2022-04-01 00:00:00' AND '2022-04-30 23:59:59' LIMIT 1 [ RunTime:0.000245s ]
[2022-06-08T17:55:14+08:00][sql] SELECT SUM(`money`) AS think_sum FROM `jz_record` WHERE  `userid` = '001001'  AND `type` = 1  AND `title` = '居家'  AND `CreatTime` BETWEEN '2022-04-01 00:00:00' AND '2022-04-30 23:59:59' LIMIT 1 [ RunTime:0.000241s ]
[2022-06-08T17:55:14+08:00][sql] SELECT SUM(`money`) AS think_sum FROM `jz_record` WHERE  `userid` = '001001'  AND `type` = 1  AND `title` = '购物'  AND `CreatTime` BETWEEN '2022-04-01 00:00:00' AND '2022-04-30 23:59:59' LIMIT 1 [ RunTime:0.000273s ]
[2022-06-08T17:55:14+08:00][sql] SELECT SUM(`money`) AS think_sum FROM `jz_record` WHERE  `userid` = '001001'  AND `type` = 1  AND `title` = '文教'  AND `CreatTime` BETWEEN '2022-04-01 00:00:00' AND '2022-04-30 23:59:59' LIMIT 1 [ RunTime:0.000224s ]
[2022-06-08T17:55:14+08:00][sql] SELECT SUM(`money`) AS think_sum FROM `jz_record` WHERE  `userid` = '001001'  AND `type` = 1  AND `title` = '其他'  AND `CreatTime` BETWEEN '2022-04-01 00:00:00' AND '2022-04-30 23:59:59' LIMIT 1 [ RunTime:0.000222s ]
[2022-06-08T17:55:15+08:00][sql] CONNECT:[ UseTime:0.000392s ] mysql:host=127.0.0.1;port=3306;dbname=jzapp_qingyunjia;charset=utf8
[2022-06-08T17:55:15+08:00][sql] SHOW FULL COLUMNS FROM `jz_record` [ RunTime:0.000840s ]
[2022-06-08T17:55:15+08:00][sql] SELECT SUM(`money`) AS think_sum FROM `jz_record` WHERE  `userid` = '001001'  AND `type` = 1  AND `title` = '交通'  AND `CreatTime` BETWEEN '2022-04-01 00:00:00' AND '2022-04-30 23:59:59' LIMIT 1 [ RunTime:0.000354s ]
[2022-06-08T17:55:15+08:00][sql] SELECT SUM(`money`) AS think_sum FROM `jz_record` WHERE  `userid` = '001001'  AND `type` = 1  AND `title` = '餐饮'  AND `CreatTime` BETWEEN '2022-04-01 00:00:00' AND '2022-04-30 23:59:59' LIMIT 1 [ RunTime:0.000259s ]
[2022-06-08T17:55:15+08:00][sql] SELECT SUM(`money`) AS think_sum FROM `jz_record` WHERE  `userid` = '001001'  AND `type` = 1  AND `title` = '娱乐'  AND `CreatTime` BETWEEN '2022-04-01 00:00:00' AND '2022-04-30 23:59:59' LIMIT 1 [ RunTime:0.000221s ]
[2022-06-08T17:55:15+08:00][sql] SELECT SUM(`money`) AS think_sum FROM `jz_record` WHERE  `userid` = '001001'  AND `type` = 1  AND `title` = '健康'  AND `CreatTime` BETWEEN '2022-04-01 00:00:00' AND '2022-04-30 23:59:59' LIMIT 1 [ RunTime:0.000516s ]
[2022-06-08T17:55:15+08:00][sql] SELECT SUM(`money`) AS think_sum FROM `jz_record` WHERE  `userid` = '001001'  AND `type` = 1  AND `title` = '居家'  AND `CreatTime` BETWEEN '2022-04-01 00:00:00' AND '2022-04-30 23:59:59' LIMIT 1 [ RunTime:0.000218s ]
[2022-06-08T17:55:15+08:00][sql] SELECT SUM(`money`) AS think_sum FROM `jz_record` WHERE  `userid` = '001001'  AND `type` = 1  AND `title` = '购物'  AND `CreatTime` BETWEEN '2022-04-01 00:00:00' AND '2022-04-30 23:59:59' LIMIT 1 [ RunTime:0.000250s ]
[2022-06-08T17:55:15+08:00][sql] SELECT SUM(`money`) AS think_sum FROM `jz_record` WHERE  `userid` = '001001'  AND `type` = 1  AND `title` = '文教'  AND `CreatTime` BETWEEN '2022-04-01 00:00:00' AND '2022-04-30 23:59:59' LIMIT 1 [ RunTime:0.000291s ]
[2022-06-08T17:55:15+08:00][sql] SELECT SUM(`money`) AS think_sum FROM `jz_record` WHERE  `userid` = '001001'  AND `type` = 1  AND `title` = '其他'  AND `CreatTime` BETWEEN '2022-04-01 00:00:00' AND '2022-04-30 23:59:59' LIMIT 1 [ RunTime:0.000255s ]
[2022-06-08T20:55:19+08:00][error] [8]未定义数组索引: userid[/www/wwwroot/jzapp.qingyunjian.cn/app/api/controller/Record.php:68]
[2022-06-08T21:12:16+08:00][sql] CONNECT:[ UseTime:0.000409s ] mysql:host=127.0.0.1;port=3306;dbname=jzapp_qingyunjia;charset=utf8
[2022-06-08T21:12:16+08:00][sql] SHOW FULL COLUMNS FROM `jz_record` [ RunTime:0.000935s ]
[2022-06-08T21:12:16+08:00][sql] SELECT * FROM `jz_record` WHERE  `id` = 19 LIMIT 1 [ RunTime:0.000292s ]
