[2022-06-21T17:50:03+08:00][sql] CONNECT:[ UseTime:0.000338s ] mysql:host=127.0.0.1;port=3306;dbname=jzapp_qingyunjia;charset=utf8
[2022-06-21T17:50:03+08:00][sql] SHOW FULL COLUMNS FROM `jz_record` [ RunTime:0.000747s ]
[2022-06-21T17:50:03+08:00][sql] SELECT SUM(`money`) AS think_sum FROM `jz_record` WHERE  `userid` = '001001'  AND `CreatTime` BETWEEN '2022-01-01 00:00:00' AND '2022-12-31 23:59:59' LIMIT 1 [ RunTime:0.000308s ]
[2022-06-21T17:50:03+08:00][sql] SELECT SUM(`money`) AS think_sum FROM `jz_record` WHERE  `userid` = '001001'  AND `CreatTime` BETWEEN '2022-06-01 00:00:00' AND '2022-06-30 23:59:59' LIMIT 1 [ RunTime:0.000245s ]
[2022-06-21T17:50:03+08:00][sql] SELECT SUM(`money`) AS think_sum FROM `jz_record` WHERE  `userid` = '001001'  AND `CreatTime` BETWEEN '2022-06-20 00:00:00' AND '2022-06-26 23:59:59' LIMIT 1 [ RunTime:0.000217s ]
[2022-06-21T17:50:03+08:00][sql] SELECT SUM(`money`) AS think_sum FROM `jz_record` WHERE  `userid` = '001001'  AND `CreatTime` BETWEEN '2022-06-21 00:00:00' AND '2022-06-21 23:59:59' LIMIT 1 [ RunTime:0.000224s ]
[2022-06-21T17:50:03+08:00][sql] SELECT * FROM `jz_record` WHERE  `userid` = '001001' ORDER BY `time` DESC LIMIT 6 [ RunTime:0.000279s ]
[2022-06-21T17:50:10+08:00][sql] CONNECT:[ UseTime:0.000431s ] mysql:host=127.0.0.1;port=3306;dbname=jzapp_qingyunjia;charset=utf8
[2022-06-21T17:50:10+08:00][sql] SHOW FULL COLUMNS FROM `jz_record` [ RunTime:0.000770s ]
[2022-06-21T17:50:10+08:00][sql] SELECT SUM(`money`) AS think_sum FROM `jz_record` WHERE  `userid` = '001001'  AND `CreatTime` BETWEEN '2022-01-01 00:00:00' AND '2022-12-31 23:59:59' LIMIT 1 [ RunTime:0.000317s ]
[2022-06-21T17:50:10+08:00][sql] SELECT SUM(`money`) AS think_sum FROM `jz_record` WHERE  `userid` = '001001'  AND `CreatTime` BETWEEN '2022-06-01 00:00:00' AND '2022-06-30 23:59:59' LIMIT 1 [ RunTime:0.000207s ]
[2022-06-21T17:50:10+08:00][sql] SELECT SUM(`money`) AS think_sum FROM `jz_record` WHERE  `userid` = '001001'  AND `CreatTime` BETWEEN '2022-06-20 00:00:00' AND '2022-06-26 23:59:59' LIMIT 1 [ RunTime:0.000203s ]
[2022-06-21T17:50:10+08:00][sql] SELECT SUM(`money`) AS think_sum FROM `jz_record` WHERE  `userid` = '001001'  AND `CreatTime` BETWEEN '2022-06-21 00:00:00' AND '2022-06-21 23:59:59' LIMIT 1 [ RunTime:0.000234s ]
[2022-06-21T17:50:10+08:00][sql] SELECT * FROM `jz_record` WHERE  `userid` = '001001' ORDER BY `time` DESC LIMIT 6 [ RunTime:0.000258s ]
[2022-06-21T17:50:13+08:00][sql] CONNECT:[ UseTime:0.000355s ] mysql:host=127.0.0.1;port=3306;dbname=jzapp_qingyunjia;charset=utf8
[2022-06-21T17:50:13+08:00][sql] SHOW FULL COLUMNS FROM `jz_record` [ RunTime:0.000702s ]
[2022-06-21T17:50:13+08:00][sql] SELECT SUM(`money`) AS think_sum FROM `jz_record` WHERE  `userid` = '001001'  AND `CreatTime` BETWEEN '2022-01-01 00:00:00' AND '2022-12-31 23:59:59' LIMIT 1 [ RunTime:0.000323s ]
[2022-06-21T17:50:13+08:00][sql] SELECT SUM(`money`) AS think_sum FROM `jz_record` WHERE  `userid` = '001001'  AND `CreatTime` BETWEEN '2022-06-01 00:00:00' AND '2022-06-30 23:59:59' LIMIT 1 [ RunTime:0.000233s ]
[2022-06-21T17:50:13+08:00][sql] SELECT SUM(`money`) AS think_sum FROM `jz_record` WHERE  `userid` = '001001'  AND `CreatTime` BETWEEN '2022-06-20 00:00:00' AND '2022-06-26 23:59:59' LIMIT 1 [ RunTime:0.000215s ]
[2022-06-21T17:50:13+08:00][sql] SELECT SUM(`money`) AS think_sum FROM `jz_record` WHERE  `userid` = '001001'  AND `CreatTime` BETWEEN '2022-06-21 00:00:00' AND '2022-06-21 23:59:59' LIMIT 1 [ RunTime:0.000238s ]
[2022-06-21T17:50:13+08:00][sql] SELECT * FROM `jz_record` WHERE  `userid` = '001001' ORDER BY `time` DESC LIMIT 6 [ RunTime:0.000269s ]
[2022-06-21T17:54:47+08:00][sql] CONNECT:[ UseTime:0.000337s ] mysql:host=127.0.0.1;port=3306;dbname=jzapp_qingyunjia;charset=utf8
[2022-06-21T17:54:47+08:00][sql] SHOW FULL COLUMNS FROM `jz_record` [ RunTime:0.000777s ]
[2022-06-21T17:54:47+08:00][sql] SELECT SUM(`money`) AS think_sum FROM `jz_record` WHERE  `userid` = '001001'  AND `CreatTime` BETWEEN '2022-01-01 00:00:00' AND '2022-12-31 23:59:59' LIMIT 1 [ RunTime:0.000312s ]
[2022-06-21T17:54:47+08:00][sql] SELECT SUM(`money`) AS think_sum FROM `jz_record` WHERE  `userid` = '001001'  AND `CreatTime` BETWEEN '2022-06-01 00:00:00' AND '2022-06-30 23:59:59' LIMIT 1 [ RunTime:0.000275s ]
[2022-06-21T17:54:47+08:00][sql] SELECT SUM(`money`) AS think_sum FROM `jz_record` WHERE  `userid` = '001001'  AND `CreatTime` BETWEEN '2022-06-20 00:00:00' AND '2022-06-26 23:59:59' LIMIT 1 [ RunTime:0.000204s ]
[2022-06-21T17:54:47+08:00][sql] SELECT SUM(`money`) AS think_sum FROM `jz_record` WHERE  `userid` = '001001'  AND `CreatTime` BETWEEN '2022-06-21 00:00:00' AND '2022-06-21 23:59:59' LIMIT 1 [ RunTime:0.000200s ]
[2022-06-21T17:54:47+08:00][sql] SELECT * FROM `jz_record` WHERE  `userid` = '001001' ORDER BY `time` DESC LIMIT 6 [ RunTime:0.000270s ]
[2022-06-21T17:54:51+08:00][sql] CONNECT:[ UseTime:0.000455s ] mysql:host=127.0.0.1;port=3306;dbname=jzapp_qingyunjia;charset=utf8
[2022-06-21T17:54:51+08:00][sql] SHOW FULL COLUMNS FROM `jz_record` [ RunTime:0.000718s ]
[2022-06-21T17:54:51+08:00][sql] SELECT * FROM `jz_record` WHERE  `id` = 19 LIMIT 1 [ RunTime:0.000322s ]
[2022-06-21T17:55:00+08:00][error] [8]未定义数组索引: userid[/www/wwwroot/jzapp.qingyunjian.cn/app/api/controller/Record.php:26]
[2022-06-21T17:55:14+08:00][error] [8]未定义数组索引: userid[/www/wwwroot/jzapp.qingyunjian.cn/app/api/controller/Record.php:26]
[2022-06-21T22:31:18+08:00][sql] CONNECT:[ UseTime:0.000400s ] mysql:host=127.0.0.1;port=3306;dbname=jzapp_qingyunjia;charset=utf8
[2022-06-21T22:31:18+08:00][sql] SHOW FULL COLUMNS FROM `jz_record` [ RunTime:0.000722s ]
[2022-06-21T22:31:18+08:00][sql] SELECT SUM(`money`) AS think_sum FROM `jz_record` WHERE  `userid` = '001001'  AND `CreatTime` BETWEEN '2022-01-01 00:00:00' AND '2022-12-31 23:59:59' LIMIT 1 [ RunTime:0.000427s ]
[2022-06-21T22:31:18+08:00][sql] SELECT SUM(`money`) AS think_sum FROM `jz_record` WHERE  `userid` = '001001'  AND `CreatTime` BETWEEN '2022-06-01 00:00:00' AND '2022-06-30 23:59:59' LIMIT 1 [ RunTime:0.000221s ]
[2022-06-21T22:31:18+08:00][sql] SELECT SUM(`money`) AS think_sum FROM `jz_record` WHERE  `userid` = '001001'  AND `CreatTime` BETWEEN '2022-06-20 00:00:00' AND '2022-06-26 23:59:59' LIMIT 1 [ RunTime:0.000260s ]
[2022-06-21T22:31:18+08:00][sql] SELECT SUM(`money`) AS think_sum FROM `jz_record` WHERE  `userid` = '001001'  AND `CreatTime` BETWEEN '2022-06-21 00:00:00' AND '2022-06-21 23:59:59' LIMIT 1 [ RunTime:0.000221s ]
[2022-06-21T22:31:18+08:00][sql] SELECT * FROM `jz_record` WHERE  `userid` = '001001' ORDER BY `time` DESC LIMIT 6 [ RunTime:0.000244s ]
[2022-06-21T22:31:21+08:00][sql] CONNECT:[ UseTime:0.000381s ] mysql:host=127.0.0.1;port=3306;dbname=jzapp_qingyunjia;charset=utf8
[2022-06-21T22:31:21+08:00][sql] SHOW FULL COLUMNS FROM `jz_record` [ RunTime:0.000908s ]
[2022-06-21T22:31:21+08:00][sql] SELECT SUM(`money`) AS think_sum FROM `jz_record` WHERE  `userid` = '001001'  AND `CreatTime` BETWEEN '2022-01-01 00:00:00' AND '2022-12-31 23:59:59' LIMIT 1 [ RunTime:0.000312s ]
[2022-06-21T22:31:21+08:00][sql] SELECT SUM(`money`) AS think_sum FROM `jz_record` WHERE  `userid` = '001001'  AND `CreatTime` BETWEEN '2022-06-01 00:00:00' AND '2022-06-30 23:59:59' LIMIT 1 [ RunTime:0.000272s ]
[2022-06-21T22:31:21+08:00][sql] SELECT SUM(`money`) AS think_sum FROM `jz_record` WHERE  `userid` = '001001'  AND `CreatTime` BETWEEN '2022-06-20 00:00:00' AND '2022-06-26 23:59:59' LIMIT 1 [ RunTime:0.000224s ]
[2022-06-21T22:31:21+08:00][sql] SELECT SUM(`money`) AS think_sum FROM `jz_record` WHERE  `userid` = '001001'  AND `CreatTime` BETWEEN '2022-06-21 00:00:00' AND '2022-06-21 23:59:59' LIMIT 1 [ RunTime:0.000217s ]
[2022-06-21T22:31:21+08:00][sql] SELECT * FROM `jz_record` WHERE  `userid` = '001001' ORDER BY `time` DESC LIMIT 6 [ RunTime:0.000324s ]
[2022-06-21T22:31:25+08:00][sql] CONNECT:[ UseTime:0.000570s ] mysql:host=127.0.0.1;port=3306;dbname=jzapp_qingyunjia;charset=utf8
[2022-06-21T22:31:25+08:00][sql] SHOW FULL COLUMNS FROM `jz_record` [ RunTime:0.000859s ]
[2022-06-21T22:31:25+08:00][sql] SELECT * FROM `jz_record` WHERE  `id` = 19 LIMIT 1 [ RunTime:0.000641s ]
[2022-06-21T22:31:32+08:00][error] [8]未定义数组索引: userid[/www/wwwroot/jzapp.qingyunjian.cn/app/api/controller/Record.php:26]
[2022-06-21T22:35:53+08:00][sql] CONNECT:[ UseTime:0.000484s ] mysql:host=127.0.0.1;port=3306;dbname=jzapp_qingyunjia;charset=utf8
[2022-06-21T22:35:53+08:00][sql] SHOW FULL COLUMNS FROM `jz_user` [ RunTime:0.000733s ]
[2022-06-21T22:35:53+08:00][sql] SELECT * FROM `jz_user` WHERE  `username` = '15224492302' LIMIT 1 [ RunTime:0.000310s ]
[2022-06-21T22:36:05+08:00][sql] CONNECT:[ UseTime:0.000465s ] mysql:host=127.0.0.1;port=3306;dbname=jzapp_qingyunjia;charset=utf8
[2022-06-21T22:36:05+08:00][sql] SHOW FULL COLUMNS FROM `jz_user` [ RunTime:0.000947s ]
[2022-06-21T22:36:05+08:00][sql] SELECT * FROM `jz_user` WHERE  `username` = '蛋炒饭' LIMIT 1 [ RunTime:0.000393s ]
[2022-06-21T22:36:06+08:00][sql] CONNECT:[ UseTime:0.000376s ] mysql:host=127.0.0.1;port=3306;dbname=jzapp_qingyunjia;charset=utf8
[2022-06-21T22:36:06+08:00][sql] SHOW FULL COLUMNS FROM `jz_record` [ RunTime:0.000944s ]
[2022-06-21T22:36:06+08:00][sql] SELECT SUM(`money`) AS think_sum FROM `jz_record` WHERE  `userid` = '001001'  AND `CreatTime` BETWEEN '2022-01-01 00:00:00' AND '2022-12-31 23:59:59' LIMIT 1 [ RunTime:0.000326s ]
[2022-06-21T22:36:06+08:00][sql] SELECT SUM(`money`) AS think_sum FROM `jz_record` WHERE  `userid` = '001001'  AND `CreatTime` BETWEEN '2022-06-01 00:00:00' AND '2022-06-30 23:59:59' LIMIT 1 [ RunTime:0.000294s ]
[2022-06-21T22:36:06+08:00][sql] SELECT SUM(`money`) AS think_sum FROM `jz_record` WHERE  `userid` = '001001'  AND `CreatTime` BETWEEN '2022-06-20 00:00:00' AND '2022-06-26 23:59:59' LIMIT 1 [ RunTime:0.000215s ]
[2022-06-21T22:36:06+08:00][sql] SELECT SUM(`money`) AS think_sum FROM `jz_record` WHERE  `userid` = '001001'  AND `CreatTime` BETWEEN '2022-06-21 00:00:00' AND '2022-06-21 23:59:59' LIMIT 1 [ RunTime:0.000219s ]
[2022-06-21T22:36:06+08:00][sql] SELECT * FROM `jz_record` WHERE  `userid` = '001001' ORDER BY `time` DESC LIMIT 6 [ RunTime:0.000257s ]
[2022-06-21T22:36:12+08:00][error] [8]未定义数组索引: userid[/www/wwwroot/jzapp.qingyunjian.cn/app/api/controller/Record.php:26]
[2022-06-21T22:37:41+08:00][sql] CONNECT:[ UseTime:0.000361s ] mysql:host=127.0.0.1;port=3306;dbname=jzapp_qingyunjia;charset=utf8
[2022-06-21T22:37:41+08:00][sql] SHOW FULL COLUMNS FROM `jz_record` [ RunTime:0.000813s ]
[2022-06-21T22:37:41+08:00][sql] SELECT SUM(`money`) AS think_sum FROM `jz_record` WHERE  `userid` = '001001'  AND `CreatTime` BETWEEN '2022-01-01 00:00:00' AND '2022-12-31 23:59:59' LIMIT 1 [ RunTime:0.000349s ]
[2022-06-21T22:37:41+08:00][sql] SELECT SUM(`money`) AS think_sum FROM `jz_record` WHERE  `userid` = '001001'  AND `CreatTime` BETWEEN '2022-06-01 00:00:00' AND '2022-06-30 23:59:59' LIMIT 1 [ RunTime:0.000212s ]
[2022-06-21T22:37:41+08:00][sql] SELECT SUM(`money`) AS think_sum FROM `jz_record` WHERE  `userid` = '001001'  AND `CreatTime` BETWEEN '2022-06-20 00:00:00' AND '2022-06-26 23:59:59' LIMIT 1 [ RunTime:0.000201s ]
[2022-06-21T22:37:41+08:00][sql] SELECT SUM(`money`) AS think_sum FROM `jz_record` WHERE  `userid` = '001001'  AND `CreatTime` BETWEEN '2022-06-21 00:00:00' AND '2022-06-21 23:59:59' LIMIT 1 [ RunTime:0.000305s ]
[2022-06-21T22:37:41+08:00][sql] SELECT * FROM `jz_record` WHERE  `userid` = '001001' ORDER BY `time` DESC LIMIT 6 [ RunTime:0.000244s ]
[2022-06-21T22:38:00+08:00][sql] CONNECT:[ UseTime:0.000347s ] mysql:host=127.0.0.1;port=3306;dbname=jzapp_qingyunjia;charset=utf8
[2022-06-21T22:38:00+08:00][sql] SHOW FULL COLUMNS FROM `jz_record` [ RunTime:0.000778s ]
[2022-06-21T22:38:00+08:00][sql] SELECT SUM(`money`) AS think_sum FROM `jz_record` WHERE  `userid` = '001001'  AND `CreatTime` BETWEEN '2022-01-01 00:00:00' AND '2022-12-31 23:59:59' LIMIT 1 [ RunTime:0.000327s ]
[2022-06-21T22:38:00+08:00][sql] SELECT SUM(`money`) AS think_sum FROM `jz_record` WHERE  `userid` = '001001'  AND `CreatTime` BETWEEN '2022-06-01 00:00:00' AND '2022-06-30 23:59:59' LIMIT 1 [ RunTime:0.000255s ]
[2022-06-21T22:38:00+08:00][sql] SELECT SUM(`money`) AS think_sum FROM `jz_record` WHERE  `userid` = '001001'  AND `CreatTime` BETWEEN '2022-06-20 00:00:00' AND '2022-06-26 23:59:59' LIMIT 1 [ RunTime:0.000250s ]
[2022-06-21T22:38:00+08:00][sql] SELECT SUM(`money`) AS think_sum FROM `jz_record` WHERE  `userid` = '001001'  AND `CreatTime` BETWEEN '2022-06-21 00:00:00' AND '2022-06-21 23:59:59' LIMIT 1 [ RunTime:0.000226s ]
[2022-06-21T22:38:00+08:00][sql] SELECT * FROM `jz_record` WHERE  `userid` = '001001' ORDER BY `time` DESC LIMIT 6 [ RunTime:0.000313s ]
[2022-06-21T22:38:08+08:00][sql] CONNECT:[ UseTime:0.000399s ] mysql:host=127.0.0.1;port=3306;dbname=jzapp_qingyunjia;charset=utf8
[2022-06-21T22:38:08+08:00][sql] SHOW FULL COLUMNS FROM `jz_record` [ RunTime:0.001056s ]
[2022-06-21T22:38:08+08:00][sql] SELECT * FROM `jz_record` WHERE  `userid` = '001001'  AND `type` = 1  AND `CreatTime` BETWEEN '2022-04-01 00:00:00' AND '2022-04-30 23:59:59' [ RunTime:0.000344s ]
[2022-06-21T22:38:08+08:00][sql] SELECT SUM(`money`) AS think_sum FROM `jz_record` WHERE  `userid` = '001001'  AND `type` = 1  AND `CreatTime` BETWEEN '2022-04-01 00:00:00' AND '2022-04-30 23:59:59' LIMIT 1 [ RunTime:0.000234s ]
[2022-06-21T22:38:08+08:00][sql] SELECT SUM(`money`) AS think_sum FROM `jz_record` WHERE  `userid` = '001001'  AND `type` = 2  AND `CreatTime` BETWEEN '2022-04-01 00:00:00' AND '2022-04-30 23:59:59' LIMIT 1 [ RunTime:0.000367s ]
[2022-06-21T22:38:11+08:00][sql] CONNECT:[ UseTime:0.000695s ] mysql:host=127.0.0.1;port=3306;dbname=jzapp_qingyunjia;charset=utf8
[2022-06-21T22:38:11+08:00][sql] SHOW FULL COLUMNS FROM `jz_record` [ RunTime:0.000784s ]
[2022-06-21T22:38:11+08:00][sql] SELECT SUM(`money`) AS think_sum FROM `jz_record` WHERE  `userid` = '001001'  AND `type` = 1  AND `title` = '交通'  AND `CreatTime` BETWEEN '2022-04-01 00:00:00' AND '2022-04-30 23:59:59' LIMIT 1 [ RunTime:0.000303s ]
[2022-06-21T22:38:11+08:00][sql] SELECT SUM(`money`) AS think_sum FROM `jz_record` WHERE  `userid` = '001001'  AND `type` = 1  AND `title` = '餐饮'  AND `CreatTime` BETWEEN '2022-04-01 00:00:00' AND '2022-04-30 23:59:59' LIMIT 1 [ RunTime:0.000225s ]
[2022-06-21T22:38:11+08:00][sql] SELECT SUM(`money`) AS think_sum FROM `jz_record` WHERE  `userid` = '001001'  AND `type` = 1  AND `title` = '娱乐'  AND `CreatTime` BETWEEN '2022-04-01 00:00:00' AND '2022-04-30 23:59:59' LIMIT 1 [ RunTime:0.000298s ]
[2022-06-21T22:38:11+08:00][sql] SELECT SUM(`money`) AS think_sum FROM `jz_record` WHERE  `userid` = '001001'  AND `type` = 1  AND `title` = '健康'  AND `CreatTime` BETWEEN '2022-04-01 00:00:00' AND '2022-04-30 23:59:59' LIMIT 1 [ RunTime:0.000219s ]
[2022-06-21T22:38:11+08:00][sql] SELECT SUM(`money`) AS think_sum FROM `jz_record` WHERE  `userid` = '001001'  AND `type` = 1  AND `title` = '居家'  AND `CreatTime` BETWEEN '2022-04-01 00:00:00' AND '2022-04-30 23:59:59' LIMIT 1 [ RunTime:0.000215s ]
[2022-06-21T22:38:11+08:00][sql] SELECT SUM(`money`) AS think_sum FROM `jz_record` WHERE  `userid` = '001001'  AND `type` = 1  AND `title` = '购物'  AND `CreatTime` BETWEEN '2022-04-01 00:00:00' AND '2022-04-30 23:59:59' LIMIT 1 [ RunTime:0.000274s ]
[2022-06-21T22:38:11+08:00][sql] SELECT SUM(`money`) AS think_sum FROM `jz_record` WHERE  `userid` = '001001'  AND `type` = 1  AND `title` = '文教'  AND `CreatTime` BETWEEN '2022-04-01 00:00:00' AND '2022-04-30 23:59:59' LIMIT 1 [ RunTime:0.000228s ]
[2022-06-21T22:38:11+08:00][sql] SELECT SUM(`money`) AS think_sum FROM `jz_record` WHERE  `userid` = '001001'  AND `type` = 1  AND `title` = '其他'  AND `CreatTime` BETWEEN '2022-04-01 00:00:00' AND '2022-04-30 23:59:59' LIMIT 1 [ RunTime:0.000239s ]
[2022-06-21T22:38:17+08:00][sql] CONNECT:[ UseTime:0.000370s ] mysql:host=127.0.0.1;port=3306;dbname=jzapp_qingyunjia;charset=utf8
[2022-06-21T22:38:17+08:00][sql] SHOW FULL COLUMNS FROM `jz_record` [ RunTime:0.000831s ]
[2022-06-21T22:38:17+08:00][sql] SELECT * FROM `jz_record` WHERE  `userid` = '001001'  AND `type` = 1  AND `CreatTime` BETWEEN '2022-04-01 00:00:00' AND '2022-04-30 23:59:59' [ RunTime:0.000343s ]
[2022-06-21T22:38:17+08:00][sql] SELECT SUM(`money`) AS think_sum FROM `jz_record` WHERE  `userid` = '001001'  AND `type` = 1  AND `CreatTime` BETWEEN '2022-04-01 00:00:00' AND '2022-04-30 23:59:59' LIMIT 1 [ RunTime:0.000236s ]
[2022-06-21T22:38:17+08:00][sql] SELECT SUM(`money`) AS think_sum FROM `jz_record` WHERE  `userid` = '001001'  AND `type` = 2  AND `CreatTime` BETWEEN '2022-04-01 00:00:00' AND '2022-04-30 23:59:59' LIMIT 1 [ RunTime:0.000204s ]
[2022-06-21T22:38:33+08:00][sql] CONNECT:[ UseTime:0.000397s ] mysql:host=127.0.0.1;port=3306;dbname=jzapp_qingyunjia;charset=utf8
[2022-06-21T22:38:33+08:00][sql] SHOW FULL COLUMNS FROM `jz_record` [ RunTime:0.000842s ]
[2022-06-21T22:38:33+08:00][sql] SELECT * FROM `jz_record` WHERE  `userid` = '001001'  AND `type` = 1  AND `CreatTime` BETWEEN '2022-04-01 00:00:00' AND '2022-04-30 23:59:59' [ RunTime:0.000407s ]
[2022-06-21T22:38:33+08:00][sql] SELECT SUM(`money`) AS think_sum FROM `jz_record` WHERE  `userid` = '001001'  AND `type` = 1  AND `CreatTime` BETWEEN '2022-04-01 00:00:00' AND '2022-04-30 23:59:59' LIMIT 1 [ RunTime:0.000262s ]
[2022-06-21T22:38:33+08:00][sql] SELECT SUM(`money`) AS think_sum FROM `jz_record` WHERE  `userid` = '001001'  AND `type` = 2  AND `CreatTime` BETWEEN '2022-04-01 00:00:00' AND '2022-04-30 23:59:59' LIMIT 1 [ RunTime:0.000219s ]
[2022-06-21T22:38:35+08:00][sql] CONNECT:[ UseTime:0.000446s ] mysql:host=127.0.0.1;port=3306;dbname=jzapp_qingyunjia;charset=utf8
[2022-06-21T22:38:35+08:00][sql] SHOW FULL COLUMNS FROM `jz_record` [ RunTime:0.000924s ]
[2022-06-21T22:38:35+08:00][sql] SELECT SUM(`money`) AS think_sum FROM `jz_record` WHERE  `userid` = '001001'  AND `CreatTime` BETWEEN '2022-01-01 00:00:00' AND '2022-12-31 23:59:59' LIMIT 1 [ RunTime:0.000354s ]
[2022-06-21T22:38:35+08:00][sql] SELECT SUM(`money`) AS think_sum FROM `jz_record` WHERE  `userid` = '001001'  AND `CreatTime` BETWEEN '2022-06-01 00:00:00' AND '2022-06-30 23:59:59' LIMIT 1 [ RunTime:0.000229s ]
[2022-06-21T22:38:35+08:00][sql] SELECT SUM(`money`) AS think_sum FROM `jz_record` WHERE  `userid` = '001001'  AND `CreatTime` BETWEEN '2022-06-20 00:00:00' AND '2022-06-26 23:59:59' LIMIT 1 [ RunTime:0.000220s ]
[2022-06-21T22:38:35+08:00][sql] SELECT SUM(`money`) AS think_sum FROM `jz_record` WHERE  `userid` = '001001'  AND `CreatTime` BETWEEN '2022-06-21 00:00:00' AND '2022-06-21 23:59:59' LIMIT 1 [ RunTime:0.000206s ]
[2022-06-21T22:38:35+08:00][sql] SELECT * FROM `jz_record` WHERE  `userid` = '001001' ORDER BY `time` DESC LIMIT 6 [ RunTime:0.000269s ]
[2022-06-21T22:38:36+08:00][sql] CONNECT:[ UseTime:0.000347s ] mysql:host=127.0.0.1;port=3306;dbname=jzapp_qingyunjia;charset=utf8
[2022-06-21T22:38:36+08:00][sql] SHOW FULL COLUMNS FROM `jz_record` [ RunTime:0.000725s ]
[2022-06-21T22:38:36+08:00][sql] SELECT * FROM `jz_record` WHERE  `userid` = '001001'  AND `type` = 1  AND `CreatTime` BETWEEN '2022-04-01 00:00:00' AND '2022-04-30 23:59:59' [ RunTime:0.000418s ]
[2022-06-21T22:38:36+08:00][sql] SELECT SUM(`money`) AS think_sum FROM `jz_record` WHERE  `userid` = '001001'  AND `type` = 1  AND `CreatTime` BETWEEN '2022-04-01 00:00:00' AND '2022-04-30 23:59:59' LIMIT 1 [ RunTime:0.000359s ]
[2022-06-21T22:38:36+08:00][sql] SELECT SUM(`money`) AS think_sum FROM `jz_record` WHERE  `userid` = '001001'  AND `type` = 2  AND `CreatTime` BETWEEN '2022-04-01 00:00:00' AND '2022-04-30 23:59:59' LIMIT 1 [ RunTime:0.000226s ]
[2022-06-21T22:38:38+08:00][sql] CONNECT:[ UseTime:0.000386s ] mysql:host=127.0.0.1;port=3306;dbname=jzapp_qingyunjia;charset=utf8
[2022-06-21T22:38:38+08:00][sql] SHOW FULL COLUMNS FROM `jz_record` [ RunTime:0.000815s ]
[2022-06-21T22:38:38+08:00][sql] SELECT SUM(`money`) AS think_sum FROM `jz_record` WHERE  `userid` = '001001'  AND `type` = 1  AND `title` = '交通'  AND `CreatTime` BETWEEN '2022-04-01 00:00:00' AND '2022-04-30 23:59:59' LIMIT 1 [ RunTime:0.000457s ]
[2022-06-21T22:38:38+08:00][sql] SELECT SUM(`money`) AS think_sum FROM `jz_record` WHERE  `userid` = '001001'  AND `type` = 1  AND `title` = '餐饮'  AND `CreatTime` BETWEEN '2022-04-01 00:00:00' AND '2022-04-30 23:59:59' LIMIT 1 [ RunTime:0.000234s ]
[2022-06-21T22:38:38+08:00][sql] SELECT SUM(`money`) AS think_sum FROM `jz_record` WHERE  `userid` = '001001'  AND `type` = 1  AND `title` = '娱乐'  AND `CreatTime` BETWEEN '2022-04-01 00:00:00' AND '2022-04-30 23:59:59' LIMIT 1 [ RunTime:0.000236s ]
[2022-06-21T22:38:38+08:00][sql] SELECT SUM(`money`) AS think_sum FROM `jz_record` WHERE  `userid` = '001001'  AND `type` = 1  AND `title` = '健康'  AND `CreatTime` BETWEEN '2022-04-01 00:00:00' AND '2022-04-30 23:59:59' LIMIT 1 [ RunTime:0.000262s ]
[2022-06-21T22:38:38+08:00][sql] SELECT SUM(`money`) AS think_sum FROM `jz_record` WHERE  `userid` = '001001'  AND `type` = 1  AND `title` = '居家'  AND `CreatTime` BETWEEN '2022-04-01 00:00:00' AND '2022-04-30 23:59:59' LIMIT 1 [ RunTime:0.000267s ]
[2022-06-21T22:38:38+08:00][sql] SELECT SUM(`money`) AS think_sum FROM `jz_record` WHERE  `userid` = '001001'  AND `type` = 1  AND `title` = '购物'  AND `CreatTime` BETWEEN '2022-04-01 00:00:00' AND '2022-04-30 23:59:59' LIMIT 1 [ RunTime:0.000230s ]
[2022-06-21T22:38:38+08:00][sql] SELECT SUM(`money`) AS think_sum FROM `jz_record` WHERE  `userid` = '001001'  AND `type` = 1  AND `title` = '文教'  AND `CreatTime` BETWEEN '2022-04-01 00:00:00' AND '2022-04-30 23:59:59' LIMIT 1 [ RunTime:0.000238s ]
[2022-06-21T22:38:38+08:00][sql] SELECT SUM(`money`) AS think_sum FROM `jz_record` WHERE  `userid` = '001001'  AND `type` = 1  AND `title` = '其他'  AND `CreatTime` BETWEEN '2022-04-01 00:00:00' AND '2022-04-30 23:59:59' LIMIT 1 [ RunTime:0.000238s ]
[2022-06-21T22:38:43+08:00][sql] CONNECT:[ UseTime:0.000378s ] mysql:host=127.0.0.1;port=3306;dbname=jzapp_qingyunjia;charset=utf8
[2022-06-21T22:38:43+08:00][sql] SHOW FULL COLUMNS FROM `jz_record` [ RunTime:0.000867s ]
[2022-06-21T22:38:43+08:00][sql] SELECT SUM(`money`) AS think_sum FROM `jz_record` WHERE  `userid` = '001001'  AND `type` = 1  AND `title` = '交通'  AND `CreatTime` BETWEEN '2022-04-01 00:00:00' AND '2022-04-30 23:59:59' LIMIT 1 [ RunTime:0.000421s ]
[2022-06-21T22:38:43+08:00][sql] SELECT SUM(`money`) AS think_sum FROM `jz_record` WHERE  `userid` = '001001'  AND `type` = 1  AND `title` = '餐饮'  AND `CreatTime` BETWEEN '2022-04-01 00:00:00' AND '2022-04-30 23:59:59' LIMIT 1 [ RunTime:0.000289s ]
[2022-06-21T22:38:43+08:00][sql] SELECT SUM(`money`) AS think_sum FROM `jz_record` WHERE  `userid` = '001001'  AND `type` = 1  AND `title` = '娱乐'  AND `CreatTime` BETWEEN '2022-04-01 00:00:00' AND '2022-04-30 23:59:59' LIMIT 1 [ RunTime:0.000244s ]
[2022-06-21T22:38:43+08:00][sql] SELECT SUM(`money`) AS think_sum FROM `jz_record` WHERE  `userid` = '001001'  AND `type` = 1  AND `title` = '健康'  AND `CreatTime` BETWEEN '2022-04-01 00:00:00' AND '2022-04-30 23:59:59' LIMIT 1 [ RunTime:0.000221s ]
[2022-06-21T22:38:43+08:00][sql] SELECT SUM(`money`) AS think_sum FROM `jz_record` WHERE  `userid` = '001001'  AND `type` = 1  AND `title` = '居家'  AND `CreatTime` BETWEEN '2022-04-01 00:00:00' AND '2022-04-30 23:59:59' LIMIT 1 [ RunTime:0.000285s ]
[2022-06-21T22:38:43+08:00][sql] SELECT SUM(`money`) AS think_sum FROM `jz_record` WHERE  `userid` = '001001'  AND `type` = 1  AND `title` = '购物'  AND `CreatTime` BETWEEN '2022-04-01 00:00:00' AND '2022-04-30 23:59:59' LIMIT 1 [ RunTime:0.000219s ]
[2022-06-21T22:38:43+08:00][sql] SELECT SUM(`money`) AS think_sum FROM `jz_record` WHERE  `userid` = '001001'  AND `type` = 1  AND `title` = '文教'  AND `CreatTime` BETWEEN '2022-04-01 00:00:00' AND '2022-04-30 23:59:59' LIMIT 1 [ RunTime:0.000224s ]
[2022-06-21T22:38:43+08:00][sql] SELECT SUM(`money`) AS think_sum FROM `jz_record` WHERE  `userid` = '001001'  AND `type` = 1  AND `title` = '其他'  AND `CreatTime` BETWEEN '2022-04-01 00:00:00' AND '2022-04-30 23:59:59' LIMIT 1 [ RunTime:0.000264s ]
[2022-06-21T22:38:51+08:00][sql] CONNECT:[ UseTime:0.000419s ] mysql:host=127.0.0.1;port=3306;dbname=jzapp_qingyunjia;charset=utf8
[2022-06-21T22:38:51+08:00][sql] SHOW FULL COLUMNS FROM `jz_record` [ RunTime:0.000910s ]
[2022-06-21T22:38:51+08:00][sql] SELECT SUM(`money`) AS think_sum FROM `jz_record` WHERE  `userid` = '001001'  AND `type` = 1  AND `title` = '交通'  AND `CreatTime` BETWEEN '2022-04-01 00:00:00' AND '2022-04-30 23:59:59' LIMIT 1 [ RunTime:0.000414s ]
[2022-06-21T22:38:51+08:00][sql] SELECT SUM(`money`) AS think_sum FROM `jz_record` WHERE  `userid` = '001001'  AND `type` = 1  AND `title` = '餐饮'  AND `CreatTime` BETWEEN '2022-04-01 00:00:00' AND '2022-04-30 23:59:59' LIMIT 1 [ RunTime:0.000301s ]
[2022-06-21T22:38:51+08:00][sql] SELECT SUM(`money`) AS think_sum FROM `jz_record` WHERE  `userid` = '001001'  AND `type` = 1  AND `title` = '娱乐'  AND `CreatTime` BETWEEN '2022-04-01 00:00:00' AND '2022-04-30 23:59:59' LIMIT 1 [ RunTime:0.000226s ]
[2022-06-21T22:38:51+08:00][sql] SELECT SUM(`money`) AS think_sum FROM `jz_record` WHERE  `userid` = '001001'  AND `type` = 1  AND `title` = '健康'  AND `CreatTime` BETWEEN '2022-04-01 00:00:00' AND '2022-04-30 23:59:59' LIMIT 1 [ RunTime:0.000222s ]
[2022-06-21T22:38:51+08:00][sql] SELECT SUM(`money`) AS think_sum FROM `jz_record` WHERE  `userid` = '001001'  AND `type` = 1  AND `title` = '居家'  AND `CreatTime` BETWEEN '2022-04-01 00:00:00' AND '2022-04-30 23:59:59' LIMIT 1 [ RunTime:0.000286s ]
[2022-06-21T22:38:51+08:00][sql] SELECT SUM(`money`) AS think_sum FROM `jz_record` WHERE  `userid` = '001001'  AND `type` = 1  AND `title` = '购物'  AND `CreatTime` BETWEEN '2022-04-01 00:00:00' AND '2022-04-30 23:59:59' LIMIT 1 [ RunTime:0.000230s ]
[2022-06-21T22:38:51+08:00][sql] SELECT SUM(`money`) AS think_sum FROM `jz_record` WHERE  `userid` = '001001'  AND `type` = 1  AND `title` = '文教'  AND `CreatTime` BETWEEN '2022-04-01 00:00:00' AND '2022-04-30 23:59:59' LIMIT 1 [ RunTime:0.000220s ]
[2022-06-21T22:38:51+08:00][sql] SELECT SUM(`money`) AS think_sum FROM `jz_record` WHERE  `userid` = '001001'  AND `type` = 1  AND `title` = '其他'  AND `CreatTime` BETWEEN '2022-04-01 00:00:00' AND '2022-04-30 23:59:59' LIMIT 1 [ RunTime:0.000255s ]
[2022-06-21T22:38:52+08:00][sql] CONNECT:[ UseTime:0.000368s ] mysql:host=127.0.0.1;port=3306;dbname=jzapp_qingyunjia;charset=utf8
[2022-06-21T22:38:52+08:00][sql] SHOW FULL COLUMNS FROM `jz_record` [ RunTime:0.000918s ]
[2022-06-21T22:38:52+08:00][sql] SELECT * FROM `jz_record` WHERE  `userid` = '001001'  AND `type` = 1  AND `CreatTime` BETWEEN '2022-04-01 00:00:00' AND '2022-04-30 23:59:59' [ RunTime:0.000367s ]
[2022-06-21T22:38:52+08:00][sql] SELECT SUM(`money`) AS think_sum FROM `jz_record` WHERE  `userid` = '001001'  AND `type` = 1  AND `CreatTime` BETWEEN '2022-04-01 00:00:00' AND '2022-04-30 23:59:59' LIMIT 1 [ RunTime:0.000240s ]
[2022-06-21T22:38:52+08:00][sql] SELECT SUM(`money`) AS think_sum FROM `jz_record` WHERE  `userid` = '001001'  AND `type` = 2  AND `CreatTime` BETWEEN '2022-04-01 00:00:00' AND '2022-04-30 23:59:59' LIMIT 1 [ RunTime:0.000228s ]
[2022-06-21T22:38:52+08:00][sql] CONNECT:[ UseTime:0.000686s ] mysql:host=127.0.0.1;port=3306;dbname=jzapp_qingyunjia;charset=utf8
[2022-06-21T22:38:52+08:00][sql] SHOW FULL COLUMNS FROM `jz_record` [ RunTime:0.000717s ]
[2022-06-21T22:38:52+08:00][sql] SELECT SUM(`money`) AS think_sum FROM `jz_record` WHERE  `userid` = '001001'  AND `CreatTime` BETWEEN '2022-01-01 00:00:00' AND '2022-12-31 23:59:59' LIMIT 1 [ RunTime:0.000488s ]
[2022-06-21T22:38:52+08:00][sql] SELECT SUM(`money`) AS think_sum FROM `jz_record` WHERE  `userid` = '001001'  AND `CreatTime` BETWEEN '2022-06-01 00:00:00' AND '2022-06-30 23:59:59' LIMIT 1 [ RunTime:0.000212s ]
[2022-06-21T22:38:52+08:00][sql] SELECT SUM(`money`) AS think_sum FROM `jz_record` WHERE  `userid` = '001001'  AND `CreatTime` BETWEEN '2022-06-20 00:00:00' AND '2022-06-26 23:59:59' LIMIT 1 [ RunTime:0.000269s ]
[2022-06-21T22:38:52+08:00][sql] SELECT SUM(`money`) AS think_sum FROM `jz_record` WHERE  `userid` = '001001'  AND `CreatTime` BETWEEN '2022-06-21 00:00:00' AND '2022-06-21 23:59:59' LIMIT 1 [ RunTime:0.000205s ]
[2022-06-21T22:38:52+08:00][sql] SELECT * FROM `jz_record` WHERE  `userid` = '001001' ORDER BY `time` DESC LIMIT 6 [ RunTime:0.000250s ]
[2022-06-21T22:39:20+08:00][sql] CONNECT:[ UseTime:0.000424s ] mysql:host=127.0.0.1;port=3306;dbname=jzapp_qingyunjia;charset=utf8
[2022-06-21T22:39:20+08:00][sql] SHOW FULL COLUMNS FROM `jz_record` [ RunTime:0.000787s ]
[2022-06-21T22:39:20+08:00][sql] SELECT SUM(`money`) AS think_sum FROM `jz_record` WHERE  `userid` = '001001'  AND `CreatTime` BETWEEN '2022-01-01 00:00:00' AND '2022-12-31 23:59:59' LIMIT 1 [ RunTime:0.000320s ]
[2022-06-21T22:39:20+08:00][sql] SELECT SUM(`money`) AS think_sum FROM `jz_record` WHERE  `userid` = '001001'  AND `CreatTime` BETWEEN '2022-06-01 00:00:00' AND '2022-06-30 23:59:59' LIMIT 1 [ RunTime:0.000213s ]
[2022-06-21T22:39:20+08:00][sql] SELECT SUM(`money`) AS think_sum FROM `jz_record` WHERE  `userid` = '001001'  AND `CreatTime` BETWEEN '2022-06-20 00:00:00' AND '2022-06-26 23:59:59' LIMIT 1 [ RunTime:0.000243s ]
[2022-06-21T22:39:20+08:00][sql] SELECT SUM(`money`) AS think_sum FROM `jz_record` WHERE  `userid` = '001001'  AND `CreatTime` BETWEEN '2022-06-21 00:00:00' AND '2022-06-21 23:59:59' LIMIT 1 [ RunTime:0.000261s ]
[2022-06-21T22:39:20+08:00][sql] SELECT * FROM `jz_record` WHERE  `userid` = '001001' ORDER BY `time` DESC LIMIT 6 [ RunTime:0.000261s ]
[2022-06-21T22:39:25+08:00][sql] CONNECT:[ UseTime:0.000396s ] mysql:host=127.0.0.1;port=3306;dbname=jzapp_qingyunjia;charset=utf8
[2022-06-21T22:39:25+08:00][sql] SHOW FULL COLUMNS FROM `jz_record` [ RunTime:0.000773s ]
[2022-06-21T22:39:25+08:00][sql] SELECT SUM(`money`) AS think_sum FROM `jz_record` WHERE  `userid` = '001001'  AND `type` = 1  AND `title` = '交通'  AND `CreatTime` BETWEEN '2022-04-01 00:00:00' AND '2022-04-30 23:59:59' LIMIT 1 [ RunTime:0.000324s ]
[2022-06-21T22:39:25+08:00][sql] SELECT SUM(`money`) AS think_sum FROM `jz_record` WHERE  `userid` = '001001'  AND `type` = 1  AND `title` = '餐饮'  AND `CreatTime` BETWEEN '2022-04-01 00:00:00' AND '2022-04-30 23:59:59' LIMIT 1 [ RunTime:0.000295s ]
[2022-06-21T22:39:25+08:00][sql] SELECT SUM(`money`) AS think_sum FROM `jz_record` WHERE  `userid` = '001001'  AND `type` = 1  AND `title` = '娱乐'  AND `CreatTime` BETWEEN '2022-04-01 00:00:00' AND '2022-04-30 23:59:59' LIMIT 1 [ RunTime:0.000222s ]
[2022-06-21T22:39:25+08:00][sql] SELECT SUM(`money`) AS think_sum FROM `jz_record` WHERE  `userid` = '001001'  AND `type` = 1  AND `title` = '健康'  AND `CreatTime` BETWEEN '2022-04-01 00:00:00' AND '2022-04-30 23:59:59' LIMIT 1 [ RunTime:0.000218s ]
[2022-06-21T22:39:25+08:00][sql] SELECT SUM(`money`) AS think_sum FROM `jz_record` WHERE  `userid` = '001001'  AND `type` = 1  AND `title` = '居家'  AND `CreatTime` BETWEEN '2022-04-01 00:00:00' AND '2022-04-30 23:59:59' LIMIT 1 [ RunTime:0.000246s ]
[2022-06-21T22:39:25+08:00][sql] SELECT SUM(`money`) AS think_sum FROM `jz_record` WHERE  `userid` = '001001'  AND `type` = 1  AND `title` = '购物'  AND `CreatTime` BETWEEN '2022-04-01 00:00:00' AND '2022-04-30 23:59:59' LIMIT 1 [ RunTime:0.000236s ]
[2022-06-21T22:39:25+08:00][sql] SELECT SUM(`money`) AS think_sum FROM `jz_record` WHERE  `userid` = '001001'  AND `type` = 1  AND `title` = '文教'  AND `CreatTime` BETWEEN '2022-04-01 00:00:00' AND '2022-04-30 23:59:59' LIMIT 1 [ RunTime:0.000223s ]
[2022-06-21T22:39:25+08:00][sql] SELECT SUM(`money`) AS think_sum FROM `jz_record` WHERE  `userid` = '001001'  AND `type` = 1  AND `title` = '其他'  AND `CreatTime` BETWEEN '2022-04-01 00:00:00' AND '2022-04-30 23:59:59' LIMIT 1 [ RunTime:0.000285s ]
[2022-06-21T22:39:26+08:00][sql] CONNECT:[ UseTime:0.000372s ] mysql:host=127.0.0.1;port=3306;dbname=jzapp_qingyunjia;charset=utf8
[2022-06-21T22:39:26+08:00][sql] SHOW FULL COLUMNS FROM `jz_record` [ RunTime:0.000710s ]
[2022-06-21T22:39:26+08:00][sql] SELECT * FROM `jz_record` WHERE  `userid` = '001001'  AND `type` = 1  AND `CreatTime` BETWEEN '2022-04-01 00:00:00' AND '2022-04-30 23:59:59' [ RunTime:0.000374s ]
[2022-06-21T22:39:26+08:00][sql] SELECT SUM(`money`) AS think_sum FROM `jz_record` WHERE  `userid` = '001001'  AND `type` = 1  AND `CreatTime` BETWEEN '2022-04-01 00:00:00' AND '2022-04-30 23:59:59' LIMIT 1 [ RunTime:0.000259s ]
[2022-06-21T22:39:26+08:00][sql] SELECT SUM(`money`) AS think_sum FROM `jz_record` WHERE  `userid` = '001001'  AND `type` = 2  AND `CreatTime` BETWEEN '2022-04-01 00:00:00' AND '2022-04-30 23:59:59' LIMIT 1 [ RunTime:0.000287s ]
[2022-06-21T22:39:27+08:00][sql] CONNECT:[ UseTime:0.000500s ] mysql:host=127.0.0.1;port=3306;dbname=jzapp_qingyunjia;charset=utf8
[2022-06-21T22:39:27+08:00][sql] SHOW FULL COLUMNS FROM `jz_record` [ RunTime:0.000768s ]
[2022-06-21T22:39:27+08:00][sql] SELECT SUM(`money`) AS think_sum FROM `jz_record` WHERE  `userid` = '001001'  AND `CreatTime` BETWEEN '2022-01-01 00:00:00' AND '2022-12-31 23:59:59' LIMIT 1 [ RunTime:0.000304s ]
[2022-06-21T22:39:27+08:00][sql] SELECT SUM(`money`) AS think_sum FROM `jz_record` WHERE  `userid` = '001001'  AND `CreatTime` BETWEEN '2022-06-01 00:00:00' AND '2022-06-30 23:59:59' LIMIT 1 [ RunTime:0.000341s ]
[2022-06-21T22:39:27+08:00][sql] SELECT SUM(`money`) AS think_sum FROM `jz_record` WHERE  `userid` = '001001'  AND `CreatTime` BETWEEN '2022-06-20 00:00:00' AND '2022-06-26 23:59:59' LIMIT 1 [ RunTime:0.000231s ]
[2022-06-21T22:39:27+08:00][sql] SELECT SUM(`money`) AS think_sum FROM `jz_record` WHERE  `userid` = '001001'  AND `CreatTime` BETWEEN '2022-06-21 00:00:00' AND '2022-06-21 23:59:59' LIMIT 1 [ RunTime:0.000207s ]
[2022-06-21T22:39:27+08:00][sql] SELECT * FROM `jz_record` WHERE  `userid` = '001001' ORDER BY `time` DESC LIMIT 6 [ RunTime:0.000326s ]
[2022-06-21T22:39:32+08:00][sql] CONNECT:[ UseTime:0.000363s ] mysql:host=127.0.0.1;port=3306;dbname=jzapp_qingyunjia;charset=utf8
[2022-06-21T22:39:32+08:00][sql] SHOW FULL COLUMNS FROM `jz_record` [ RunTime:0.000718s ]
[2022-06-21T22:39:32+08:00][sql] SELECT SUM(`money`) AS think_sum FROM `jz_record` WHERE  `userid` = '001001'  AND `type` = 1  AND `title` = '交通'  AND `CreatTime` BETWEEN '2022-04-01 00:00:00' AND '2022-04-30 23:59:59' LIMIT 1 [ RunTime:0.000429s ]
[2022-06-21T22:39:32+08:00][sql] SELECT SUM(`money`) AS think_sum FROM `jz_record` WHERE  `userid` = '001001'  AND `type` = 1  AND `title` = '餐饮'  AND `CreatTime` BETWEEN '2022-04-01 00:00:00' AND '2022-04-30 23:59:59' LIMIT 1 [ RunTime:0.000263s ]
[2022-06-21T22:39:32+08:00][sql] SELECT SUM(`money`) AS think_sum FROM `jz_record` WHERE  `userid` = '001001'  AND `type` = 1  AND `title` = '娱乐'  AND `CreatTime` BETWEEN '2022-04-01 00:00:00' AND '2022-04-30 23:59:59' LIMIT 1 [ RunTime:0.000348s ]
[2022-06-21T22:39:32+08:00][sql] SELECT SUM(`money`) AS think_sum FROM `jz_record` WHERE  `userid` = '001001'  AND `type` = 1  AND `title` = '健康'  AND `CreatTime` BETWEEN '2022-04-01 00:00:00' AND '2022-04-30 23:59:59' LIMIT 1 [ RunTime:0.000236s ]
[2022-06-21T22:39:32+08:00][sql] SELECT SUM(`money`) AS think_sum FROM `jz_record` WHERE  `userid` = '001001'  AND `type` = 1  AND `title` = '居家'  AND `CreatTime` BETWEEN '2022-04-01 00:00:00' AND '2022-04-30 23:59:59' LIMIT 1 [ RunTime:0.000252s ]
[2022-06-21T22:39:32+08:00][sql] SELECT SUM(`money`) AS think_sum FROM `jz_record` WHERE  `userid` = '001001'  AND `type` = 1  AND `title` = '购物'  AND `CreatTime` BETWEEN '2022-04-01 00:00:00' AND '2022-04-30 23:59:59' LIMIT 1 [ RunTime:0.000276s ]
[2022-06-21T22:39:32+08:00][sql] SELECT SUM(`money`) AS think_sum FROM `jz_record` WHERE  `userid` = '001001'  AND `type` = 1  AND `title` = '文教'  AND `CreatTime` BETWEEN '2022-04-01 00:00:00' AND '2022-04-30 23:59:59' LIMIT 1 [ RunTime:0.000220s ]
[2022-06-21T22:39:32+08:00][sql] SELECT SUM(`money`) AS think_sum FROM `jz_record` WHERE  `userid` = '001001'  AND `type` = 1  AND `title` = '其他'  AND `CreatTime` BETWEEN '2022-04-01 00:00:00' AND '2022-04-30 23:59:59' LIMIT 1 [ RunTime:0.000215s ]
[2022-06-21T22:39:33+08:00][sql] CONNECT:[ UseTime:0.000613s ] mysql:host=127.0.0.1;port=3306;dbname=jzapp_qingyunjia;charset=utf8
[2022-06-21T22:39:33+08:00][sql] SHOW FULL COLUMNS FROM `jz_record` [ RunTime:0.000711s ]
[2022-06-21T22:39:33+08:00][sql] SELECT * FROM `jz_record` WHERE  `userid` = '001001'  AND `type` = 1  AND `CreatTime` BETWEEN '2022-04-01 00:00:00' AND '2022-04-30 23:59:59' [ RunTime:0.000394s ]
[2022-06-21T22:39:33+08:00][sql] SELECT SUM(`money`) AS think_sum FROM `jz_record` WHERE  `userid` = '001001'  AND `type` = 1  AND `CreatTime` BETWEEN '2022-04-01 00:00:00' AND '2022-04-30 23:59:59' LIMIT 1 [ RunTime:0.000278s ]
[2022-06-21T22:39:33+08:00][sql] SELECT SUM(`money`) AS think_sum FROM `jz_record` WHERE  `userid` = '001001'  AND `type` = 2  AND `CreatTime` BETWEEN '2022-04-01 00:00:00' AND '2022-04-30 23:59:59' LIMIT 1 [ RunTime:0.000220s ]
[2022-06-21T22:39:33+08:00][sql] CONNECT:[ UseTime:0.000309s ] mysql:host=127.0.0.1;port=3306;dbname=jzapp_qingyunjia;charset=utf8
[2022-06-21T22:39:33+08:00][sql] SHOW FULL COLUMNS FROM `jz_record` [ RunTime:0.000713s ]
[2022-06-21T22:39:33+08:00][sql] SELECT SUM(`money`) AS think_sum FROM `jz_record` WHERE  `userid` = '001001'  AND `CreatTime` BETWEEN '2022-01-01 00:00:00' AND '2022-12-31 23:59:59' LIMIT 1 [ RunTime:0.000336s ]
[2022-06-21T22:39:33+08:00][sql] SELECT SUM(`money`) AS think_sum FROM `jz_record` WHERE  `userid` = '001001'  AND `CreatTime` BETWEEN '2022-06-01 00:00:00' AND '2022-06-30 23:59:59' LIMIT 1 [ RunTime:0.000212s ]
[2022-06-21T22:39:33+08:00][sql] SELECT SUM(`money`) AS think_sum FROM `jz_record` WHERE  `userid` = '001001'  AND `CreatTime` BETWEEN '2022-06-20 00:00:00' AND '2022-06-26 23:59:59' LIMIT 1 [ RunTime:0.000293s ]
[2022-06-21T22:39:33+08:00][sql] SELECT SUM(`money`) AS think_sum FROM `jz_record` WHERE  `userid` = '001001'  AND `CreatTime` BETWEEN '2022-06-21 00:00:00' AND '2022-06-21 23:59:59' LIMIT 1 [ RunTime:0.000221s ]
[2022-06-21T22:39:33+08:00][sql] SELECT * FROM `jz_record` WHERE  `userid` = '001001' ORDER BY `time` DESC LIMIT 6 [ RunTime:0.000247s ]
[2022-06-21T22:39:37+08:00][sql] CONNECT:[ UseTime:0.000335s ] mysql:host=127.0.0.1;port=3306;dbname=jzapp_qingyunjia;charset=utf8
[2022-06-21T22:39:37+08:00][sql] SHOW FULL COLUMNS FROM `jz_record` [ RunTime:0.000710s ]
[2022-06-21T22:39:37+08:00][sql] SELECT SUM(`money`) AS think_sum FROM `jz_record` WHERE  `userid` = '001001'  AND `CreatTime` BETWEEN '2022-01-01 00:00:00' AND '2022-12-31 23:59:59' LIMIT 1 [ RunTime:0.000282s ]
[2022-06-21T22:39:37+08:00][sql] SELECT SUM(`money`) AS think_sum FROM `jz_record` WHERE  `userid` = '001001'  AND `CreatTime` BETWEEN '2022-06-01 00:00:00' AND '2022-06-30 23:59:59' LIMIT 1 [ RunTime:0.000203s ]
[2022-06-21T22:39:37+08:00][sql] SELECT SUM(`money`) AS think_sum FROM `jz_record` WHERE  `userid` = '001001'  AND `CreatTime` BETWEEN '2022-06-20 00:00:00' AND '2022-06-26 23:59:59' LIMIT 1 [ RunTime:0.000264s ]
[2022-06-21T22:39:37+08:00][sql] SELECT SUM(`money`) AS think_sum FROM `jz_record` WHERE  `userid` = '001001'  AND `CreatTime` BETWEEN '2022-06-21 00:00:00' AND '2022-06-21 23:59:59' LIMIT 1 [ RunTime:0.000205s ]
[2022-06-21T22:39:37+08:00][sql] SELECT * FROM `jz_record` WHERE  `userid` = '001001' ORDER BY `time` DESC LIMIT 6 [ RunTime:0.000241s ]
[2022-06-21T22:39:39+08:00][sql] CONNECT:[ UseTime:0.000408s ] mysql:host=127.0.0.1;port=3306;dbname=jzapp_qingyunjia;charset=utf8
[2022-06-21T22:39:39+08:00][sql] SHOW FULL COLUMNS FROM `jz_record` [ RunTime:0.000956s ]
[2022-06-21T22:39:39+08:00][sql] SELECT * FROM `jz_record` WHERE  `userid` = '001001'  AND `type` = 1  AND `CreatTime` BETWEEN '2022-04-01 00:00:00' AND '2022-04-30 23:59:59' [ RunTime:0.000356s ]
[2022-06-21T22:39:39+08:00][sql] SELECT SUM(`money`) AS think_sum FROM `jz_record` WHERE  `userid` = '001001'  AND `type` = 1  AND `CreatTime` BETWEEN '2022-04-01 00:00:00' AND '2022-04-30 23:59:59' LIMIT 1 [ RunTime:0.000256s ]
[2022-06-21T22:39:39+08:00][sql] SELECT SUM(`money`) AS think_sum FROM `jz_record` WHERE  `userid` = '001001'  AND `type` = 2  AND `CreatTime` BETWEEN '2022-04-01 00:00:00' AND '2022-04-30 23:59:59' LIMIT 1 [ RunTime:0.000204s ]
[2022-06-21T22:39:41+08:00][sql] CONNECT:[ UseTime:0.000377s ] mysql:host=127.0.0.1;port=3306;dbname=jzapp_qingyunjia;charset=utf8
[2022-06-21T22:39:41+08:00][sql] SHOW FULL COLUMNS FROM `jz_record` [ RunTime:0.000766s ]
[2022-06-21T22:39:41+08:00][sql] SELECT SUM(`money`) AS think_sum FROM `jz_record` WHERE  `userid` = '001001'  AND `CreatTime` BETWEEN '2022-01-01 00:00:00' AND '2022-12-31 23:59:59' LIMIT 1 [ RunTime:0.000355s ]
[2022-06-21T22:39:41+08:00][sql] SELECT SUM(`money`) AS think_sum FROM `jz_record` WHERE  `userid` = '001001'  AND `CreatTime` BETWEEN '2022-06-01 00:00:00' AND '2022-06-30 23:59:59' LIMIT 1 [ RunTime:0.000272s ]
[2022-06-21T22:39:41+08:00][sql] SELECT SUM(`money`) AS think_sum FROM `jz_record` WHERE  `userid` = '001001'  AND `CreatTime` BETWEEN '2022-06-20 00:00:00' AND '2022-06-26 23:59:59' LIMIT 1 [ RunTime:0.000292s ]
[2022-06-21T22:39:41+08:00][sql] SELECT SUM(`money`) AS think_sum FROM `jz_record` WHERE  `userid` = '001001'  AND `CreatTime` BETWEEN '2022-06-21 00:00:00' AND '2022-06-21 23:59:59' LIMIT 1 [ RunTime:0.000253s ]
[2022-06-21T22:39:41+08:00][sql] SELECT * FROM `jz_record` WHERE  `userid` = '001001' ORDER BY `time` DESC LIMIT 6 [ RunTime:0.000349s ]
[2022-06-21T22:39:42+08:00][sql] CONNECT:[ UseTime:0.000421s ] mysql:host=127.0.0.1;port=3306;dbname=jzapp_qingyunjia;charset=utf8
[2022-06-21T22:39:42+08:00][sql] SHOW FULL COLUMNS FROM `jz_record` [ RunTime:0.000956s ]
[2022-06-21T22:39:42+08:00][sql] SELECT * FROM `jz_record` WHERE  `id` = 19 LIMIT 1 [ RunTime:0.000280s ]
[2022-06-21T22:39:45+08:00][sql] CONNECT:[ UseTime:0.000361s ] mysql:host=127.0.0.1;port=3306;dbname=jzapp_qingyunjia;charset=utf8
[2022-06-21T22:39:45+08:00][sql] SHOW FULL COLUMNS FROM `jz_record` [ RunTime:0.000733s ]
[2022-06-21T22:39:45+08:00][sql] SELECT * FROM `jz_record` WHERE  `id` = 15 LIMIT 1 [ RunTime:0.000281s ]
[2022-06-21T22:41:55+08:00][error] [8]未定义数组索引: userid[/www/wwwroot/jzapp.qingyunjian.cn/app/api/controller/Record.php:26]
[2022-06-21T22:42:10+08:00][sql] CONNECT:[ UseTime:0.000356s ] mysql:host=127.0.0.1;port=3306;dbname=jzapp_qingyunjia;charset=utf8
[2022-06-21T22:42:10+08:00][sql] SHOW FULL COLUMNS FROM `jz_user` [ RunTime:0.000733s ]
[2022-06-21T22:42:10+08:00][sql] SELECT * FROM `jz_user` WHERE  `username` = '蛋炒饭' LIMIT 1 [ RunTime:0.000305s ]
[2022-06-21T22:42:11+08:00][sql] CONNECT:[ UseTime:0.000290s ] mysql:host=127.0.0.1;port=3306;dbname=jzapp_qingyunjia;charset=utf8
[2022-06-21T22:42:11+08:00][sql] SHOW FULL COLUMNS FROM `jz_record` [ RunTime:0.000775s ]
[2022-06-21T22:42:11+08:00][sql] SELECT SUM(`money`) AS think_sum FROM `jz_record` WHERE  `userid` = '001001'  AND `CreatTime` BETWEEN '2022-01-01 00:00:00' AND '2022-12-31 23:59:59' LIMIT 1 [ RunTime:0.000282s ]
[2022-06-21T22:42:11+08:00][sql] SELECT SUM(`money`) AS think_sum FROM `jz_record` WHERE  `userid` = '001001'  AND `CreatTime` BETWEEN '2022-06-01 00:00:00' AND '2022-06-30 23:59:59' LIMIT 1 [ RunTime:0.000272s ]
[2022-06-21T22:42:11+08:00][sql] SELECT SUM(`money`) AS think_sum FROM `jz_record` WHERE  `userid` = '001001'  AND `CreatTime` BETWEEN '2022-06-20 00:00:00' AND '2022-06-26 23:59:59' LIMIT 1 [ RunTime:0.000199s ]
[2022-06-21T22:42:11+08:00][sql] SELECT SUM(`money`) AS think_sum FROM `jz_record` WHERE  `userid` = '001001'  AND `CreatTime` BETWEEN '2022-06-21 00:00:00' AND '2022-06-21 23:59:59' LIMIT 1 [ RunTime:0.000197s ]
[2022-06-21T22:42:11+08:00][sql] SELECT * FROM `jz_record` WHERE  `userid` = '001001' ORDER BY `time` DESC LIMIT 6 [ RunTime:0.000302s ]
[2022-06-21T22:42:30+08:00][sql] CONNECT:[ UseTime:0.000532s ] mysql:host=127.0.0.1;port=3306;dbname=jzapp_qingyunjia;charset=utf8
[2022-06-21T22:42:30+08:00][sql] SHOW FULL COLUMNS FROM `jz_record` [ RunTime:0.000802s ]
[2022-06-21T22:42:30+08:00][sql] INSERT INTO `jz_record` SET `userid` = '001001' , `username` = '蛋炒饭' , `title` = '餐饮' , `time` = '2022-06-21' , `account` = '云闪付' , `type` = 1 , `icon` = 'https://jzapp.youfanzi.cn/static/icon/Restaurant.svg' , `remarks` = '餐饮' , `money` = 111 [ RunTime:0.004256s ]
[2022-06-21T22:42:35+08:00][sql] CONNECT:[ UseTime:0.000538s ] mysql:host=127.0.0.1;port=3306;dbname=jzapp_qingyunjia;charset=utf8
[2022-06-21T22:42:35+08:00][sql] SHOW FULL COLUMNS FROM `jz_record` [ RunTime:0.000724s ]
[2022-06-21T22:42:35+08:00][sql] SELECT * FROM `jz_record` WHERE  `userid` = '001001'  AND `type` = 1  AND `CreatTime` BETWEEN '2022-04-01 00:00:00' AND '2022-04-30 23:59:59' [ RunTime:0.000373s ]
[2022-06-21T22:42:35+08:00][sql] SELECT SUM(`money`) AS think_sum FROM `jz_record` WHERE  `userid` = '001001'  AND `type` = 1  AND `CreatTime` BETWEEN '2022-04-01 00:00:00' AND '2022-04-30 23:59:59' LIMIT 1 [ RunTime:0.000257s ]
[2022-06-21T22:42:35+08:00][sql] SELECT SUM(`money`) AS think_sum FROM `jz_record` WHERE  `userid` = '001001'  AND `type` = 2  AND `CreatTime` BETWEEN '2022-04-01 00:00:00' AND '2022-04-30 23:59:59' LIMIT 1 [ RunTime:0.000267s ]
[2022-06-21T22:42:35+08:00][sql] CONNECT:[ UseTime:0.000390s ] mysql:host=127.0.0.1;port=3306;dbname=jzapp_qingyunjia;charset=utf8
[2022-06-21T22:42:35+08:00][sql] SHOW FULL COLUMNS FROM `jz_record` [ RunTime:0.000810s ]
[2022-06-21T22:42:35+08:00][sql] SELECT SUM(`money`) AS think_sum FROM `jz_record` WHERE  `userid` = '001001'  AND `CreatTime` BETWEEN '2022-01-01 00:00:00' AND '2022-12-31 23:59:59' LIMIT 1 [ RunTime:0.000304s ]
[2022-06-21T22:42:35+08:00][sql] SELECT SUM(`money`) AS think_sum FROM `jz_record` WHERE  `userid` = '001001'  AND `CreatTime` BETWEEN '2022-06-01 00:00:00' AND '2022-06-30 23:59:59' LIMIT 1 [ RunTime:0.000209s ]
[2022-06-21T22:42:35+08:00][sql] SELECT SUM(`money`) AS think_sum FROM `jz_record` WHERE  `userid` = '001001'  AND `CreatTime` BETWEEN '2022-06-20 00:00:00' AND '2022-06-26 23:59:59' LIMIT 1 [ RunTime:0.000251s ]
[2022-06-21T22:42:35+08:00][sql] SELECT SUM(`money`) AS think_sum FROM `jz_record` WHERE  `userid` = '001001'  AND `CreatTime` BETWEEN '2022-06-21 00:00:00' AND '2022-06-21 23:59:59' LIMIT 1 [ RunTime:0.000257s ]
[2022-06-21T22:42:35+08:00][sql] SELECT * FROM `jz_record` WHERE  `userid` = '001001' ORDER BY `time` DESC LIMIT 6 [ RunTime:0.000233s ]
[2022-06-21T22:42:36+08:00][sql] CONNECT:[ UseTime:0.000448s ] mysql:host=127.0.0.1;port=3306;dbname=jzapp_qingyunjia;charset=utf8
[2022-06-21T22:42:36+08:00][sql] SHOW FULL COLUMNS FROM `jz_record` [ RunTime:0.000725s ]
[2022-06-21T22:42:36+08:00][sql] SELECT * FROM `jz_record` WHERE  `id` = 34 LIMIT 1 [ RunTime:0.000278s ]
[2022-06-21T22:42:42+08:00][sql] CONNECT:[ UseTime:0.000413s ] mysql:host=127.0.0.1;port=3306;dbname=jzapp_qingyunjia;charset=utf8
[2022-06-21T22:42:42+08:00][sql] SHOW FULL COLUMNS FROM `jz_record` [ RunTime:0.000828s ]
[2022-06-21T22:42:42+08:00][sql] SELECT SUM(`money`) AS think_sum FROM `jz_record` WHERE  `userid` = '001001'  AND `type` = 1  AND `title` = '交通'  AND `CreatTime` BETWEEN '2022-04-01 00:00:00' AND '2022-04-30 23:59:59' LIMIT 1 [ RunTime:0.000394s ]
[2022-06-21T22:42:42+08:00][sql] SELECT SUM(`money`) AS think_sum FROM `jz_record` WHERE  `userid` = '001001'  AND `type` = 1  AND `title` = '餐饮'  AND `CreatTime` BETWEEN '2022-04-01 00:00:00' AND '2022-04-30 23:59:59' LIMIT 1 [ RunTime:0.000235s ]
[2022-06-21T22:42:42+08:00][sql] SELECT SUM(`money`) AS think_sum FROM `jz_record` WHERE  `userid` = '001001'  AND `type` = 1  AND `title` = '娱乐'  AND `CreatTime` BETWEEN '2022-04-01 00:00:00' AND '2022-04-30 23:59:59' LIMIT 1 [ RunTime:0.000288s ]
[2022-06-21T22:42:42+08:00][sql] SELECT SUM(`money`) AS think_sum FROM `jz_record` WHERE  `userid` = '001001'  AND `type` = 1  AND `title` = '健康'  AND `CreatTime` BETWEEN '2022-04-01 00:00:00' AND '2022-04-30 23:59:59' LIMIT 1 [ RunTime:0.000317s ]
[2022-06-21T22:42:42+08:00][sql] SELECT SUM(`money`) AS think_sum FROM `jz_record` WHERE  `userid` = '001001'  AND `type` = 1  AND `title` = '居家'  AND `CreatTime` BETWEEN '2022-04-01 00:00:00' AND '2022-04-30 23:59:59' LIMIT 1 [ RunTime:0.000224s ]
[2022-06-21T22:42:42+08:00][sql] SELECT SUM(`money`) AS think_sum FROM `jz_record` WHERE  `userid` = '001001'  AND `type` = 1  AND `title` = '购物'  AND `CreatTime` BETWEEN '2022-04-01 00:00:00' AND '2022-04-30 23:59:59' LIMIT 1 [ RunTime:0.000270s ]
[2022-06-21T22:42:42+08:00][sql] SELECT SUM(`money`) AS think_sum FROM `jz_record` WHERE  `userid` = '001001'  AND `type` = 1  AND `title` = '文教'  AND `CreatTime` BETWEEN '2022-04-01 00:00:00' AND '2022-04-30 23:59:59' LIMIT 1 [ RunTime:0.000376s ]
[2022-06-21T22:42:42+08:00][sql] SELECT SUM(`money`) AS think_sum FROM `jz_record` WHERE  `userid` = '001001'  AND `type` = 1  AND `title` = '其他'  AND `CreatTime` BETWEEN '2022-04-01 00:00:00' AND '2022-04-30 23:59:59' LIMIT 1 [ RunTime:0.000273s ]
[2022-06-21T22:42:44+08:00][sql] CONNECT:[ UseTime:0.000456s ] mysql:host=127.0.0.1;port=3306;dbname=jzapp_qingyunjia;charset=utf8
[2022-06-21T22:42:44+08:00][sql] SHOW FULL COLUMNS FROM `jz_record` [ RunTime:0.000738s ]
[2022-06-21T22:42:44+08:00][sql] SELECT * FROM `jz_record` WHERE  `userid` = '001001'  AND `type` = 1  AND `CreatTime` BETWEEN '2022-04-01 00:00:00' AND '2022-04-30 23:59:59' [ RunTime:0.000421s ]
[2022-06-21T22:42:44+08:00][sql] SELECT SUM(`money`) AS think_sum FROM `jz_record` WHERE  `userid` = '001001'  AND `type` = 1  AND `CreatTime` BETWEEN '2022-04-01 00:00:00' AND '2022-04-30 23:59:59' LIMIT 1 [ RunTime:0.000246s ]
[2022-06-21T22:42:44+08:00][sql] SELECT SUM(`money`) AS think_sum FROM `jz_record` WHERE  `userid` = '001001'  AND `type` = 2  AND `CreatTime` BETWEEN '2022-04-01 00:00:00' AND '2022-04-30 23:59:59' LIMIT 1 [ RunTime:0.000219s ]
[2022-06-21T22:42:45+08:00][sql] CONNECT:[ UseTime:0.000482s ] mysql:host=127.0.0.1;port=3306;dbname=jzapp_qingyunjia;charset=utf8
[2022-06-21T22:42:45+08:00][sql] SHOW FULL COLUMNS FROM `jz_record` [ RunTime:0.000715s ]
[2022-06-21T22:42:45+08:00][sql] SELECT SUM(`money`) AS think_sum FROM `jz_record` WHERE  `userid` = '001001'  AND `type` = 1  AND `title` = '交通'  AND `CreatTime` BETWEEN '2022-04-01 00:00:00' AND '2022-04-30 23:59:59' LIMIT 1 [ RunTime:0.000408s ]
[2022-06-21T22:42:45+08:00][sql] SELECT SUM(`money`) AS think_sum FROM `jz_record` WHERE  `userid` = '001001'  AND `type` = 1  AND `title` = '餐饮'  AND `CreatTime` BETWEEN '2022-04-01 00:00:00' AND '2022-04-30 23:59:59' LIMIT 1 [ RunTime:0.000359s ]
[2022-06-21T22:42:45+08:00][sql] SELECT SUM(`money`) AS think_sum FROM `jz_record` WHERE  `userid` = '001001'  AND `type` = 1  AND `title` = '娱乐'  AND `CreatTime` BETWEEN '2022-04-01 00:00:00' AND '2022-04-30 23:59:59' LIMIT 1 [ RunTime:0.000250s ]
[2022-06-21T22:42:45+08:00][sql] SELECT SUM(`money`) AS think_sum FROM `jz_record` WHERE  `userid` = '001001'  AND `type` = 1  AND `title` = '健康'  AND `CreatTime` BETWEEN '2022-04-01 00:00:00' AND '2022-04-30 23:59:59' LIMIT 1 [ RunTime:0.000253s ]
[2022-06-21T22:42:45+08:00][sql] SELECT SUM(`money`) AS think_sum FROM `jz_record` WHERE  `userid` = '001001'  AND `type` = 1  AND `title` = '居家'  AND `CreatTime` BETWEEN '2022-04-01 00:00:00' AND '2022-04-30 23:59:59' LIMIT 1 [ RunTime:0.000222s ]
[2022-06-21T22:42:45+08:00][sql] SELECT SUM(`money`) AS think_sum FROM `jz_record` WHERE  `userid` = '001001'  AND `type` = 1  AND `title` = '购物'  AND `CreatTime` BETWEEN '2022-04-01 00:00:00' AND '2022-04-30 23:59:59' LIMIT 1 [ RunTime:0.000220s ]
[2022-06-21T22:42:45+08:00][sql] SELECT SUM(`money`) AS think_sum FROM `jz_record` WHERE  `userid` = '001001'  AND `type` = 1  AND `title` = '文教'  AND `CreatTime` BETWEEN '2022-04-01 00:00:00' AND '2022-04-30 23:59:59' LIMIT 1 [ RunTime:0.000263s ]
[2022-06-21T22:42:45+08:00][sql] SELECT SUM(`money`) AS think_sum FROM `jz_record` WHERE  `userid` = '001001'  AND `type` = 1  AND `title` = '其他'  AND `CreatTime` BETWEEN '2022-04-01 00:00:00' AND '2022-04-30 23:59:59' LIMIT 1 [ RunTime:0.000224s ]
[2022-06-21T22:42:49+08:00][sql] CONNECT:[ UseTime:0.000325s ] mysql:host=127.0.0.1;port=3306;dbname=jzapp_qingyunjia;charset=utf8
[2022-06-21T22:42:49+08:00][sql] SHOW FULL COLUMNS FROM `jz_record` [ RunTime:0.000732s ]
[2022-06-21T22:42:49+08:00][sql] SELECT SUM(`money`) AS think_sum FROM `jz_record` WHERE  `userid` = '001001'  AND `type` = 1  AND `title` = '交通'  AND `CreatTime` BETWEEN '2022-04-01 00:00:00' AND '2022-04-30 23:59:59' LIMIT 1 [ RunTime:0.000346s ]
[2022-06-21T22:42:49+08:00][sql] SELECT SUM(`money`) AS think_sum FROM `jz_record` WHERE  `userid` = '001001'  AND `type` = 1  AND `title` = '餐饮'  AND `CreatTime` BETWEEN '2022-04-01 00:00:00' AND '2022-04-30 23:59:59' LIMIT 1 [ RunTime:0.000253s ]
[2022-06-21T22:42:49+08:00][sql] SELECT SUM(`money`) AS think_sum FROM `jz_record` WHERE  `userid` = '001001'  AND `type` = 1  AND `title` = '娱乐'  AND `CreatTime` BETWEEN '2022-04-01 00:00:00' AND '2022-04-30 23:59:59' LIMIT 1 [ RunTime:0.000249s ]
[2022-06-21T22:42:49+08:00][sql] SELECT SUM(`money`) AS think_sum FROM `jz_record` WHERE  `userid` = '001001'  AND `type` = 1  AND `title` = '健康'  AND `CreatTime` BETWEEN '2022-04-01 00:00:00' AND '2022-04-30 23:59:59' LIMIT 1 [ RunTime:0.000245s ]
[2022-06-21T22:42:49+08:00][sql] SELECT SUM(`money`) AS think_sum FROM `jz_record` WHERE  `userid` = '001001'  AND `type` = 1  AND `title` = '居家'  AND `CreatTime` BETWEEN '2022-04-01 00:00:00' AND '2022-04-30 23:59:59' LIMIT 1 [ RunTime:0.000217s ]
[2022-06-21T22:42:49+08:00][sql] SELECT SUM(`money`) AS think_sum FROM `jz_record` WHERE  `userid` = '001001'  AND `type` = 1  AND `title` = '购物'  AND `CreatTime` BETWEEN '2022-04-01 00:00:00' AND '2022-04-30 23:59:59' LIMIT 1 [ RunTime:0.000221s ]
[2022-06-21T22:42:49+08:00][sql] SELECT SUM(`money`) AS think_sum FROM `jz_record` WHERE  `userid` = '001001'  AND `type` = 1  AND `title` = '文教'  AND `CreatTime` BETWEEN '2022-04-01 00:00:00' AND '2022-04-30 23:59:59' LIMIT 1 [ RunTime:0.000252s ]
[2022-06-21T22:42:49+08:00][sql] SELECT SUM(`money`) AS think_sum FROM `jz_record` WHERE  `userid` = '001001'  AND `type` = 1  AND `title` = '其他'  AND `CreatTime` BETWEEN '2022-04-01 00:00:00' AND '2022-04-30 23:59:59' LIMIT 1 [ RunTime:0.000223s ]
[2022-06-21T22:42:52+08:00][sql] CONNECT:[ UseTime:0.000348s ] mysql:host=127.0.0.1;port=3306;dbname=jzapp_qingyunjia;charset=utf8
[2022-06-21T22:42:52+08:00][sql] SHOW FULL COLUMNS FROM `jz_record` [ RunTime:0.000730s ]
[2022-06-21T22:42:52+08:00][sql] SELECT SUM(`money`) AS think_sum FROM `jz_record` WHERE  `userid` = '001001'  AND `type` = 1  AND `title` = '交通'  AND `CreatTime` BETWEEN '2022-04-01 00:00:00' AND '2022-04-30 23:59:59' LIMIT 1 [ RunTime:0.000305s ]
[2022-06-21T22:42:52+08:00][sql] SELECT SUM(`money`) AS think_sum FROM `jz_record` WHERE  `userid` = '001001'  AND `type` = 1  AND `title` = '餐饮'  AND `CreatTime` BETWEEN '2022-04-01 00:00:00' AND '2022-04-30 23:59:59' LIMIT 1 [ RunTime:0.000300s ]
[2022-06-21T22:42:52+08:00][sql] SELECT SUM(`money`) AS think_sum FROM `jz_record` WHERE  `userid` = '001001'  AND `type` = 1  AND `title` = '娱乐'  AND `CreatTime` BETWEEN '2022-04-01 00:00:00' AND '2022-04-30 23:59:59' LIMIT 1 [ RunTime:0.000227s ]
[2022-06-21T22:42:52+08:00][sql] SELECT SUM(`money`) AS think_sum FROM `jz_record` WHERE  `userid` = '001001'  AND `type` = 1  AND `title` = '健康'  AND `CreatTime` BETWEEN '2022-04-01 00:00:00' AND '2022-04-30 23:59:59' LIMIT 1 [ RunTime:0.000218s ]
[2022-06-21T22:42:52+08:00][sql] SELECT SUM(`money`) AS think_sum FROM `jz_record` WHERE  `userid` = '001001'  AND `type` = 1  AND `title` = '居家'  AND `CreatTime` BETWEEN '2022-04-01 00:00:00' AND '2022-04-30 23:59:59' LIMIT 1 [ RunTime:0.000271s ]
[2022-06-21T22:42:52+08:00][sql] SELECT SUM(`money`) AS think_sum FROM `jz_record` WHERE  `userid` = '001001'  AND `type` = 1  AND `title` = '购物'  AND `CreatTime` BETWEEN '2022-04-01 00:00:00' AND '2022-04-30 23:59:59' LIMIT 1 [ RunTime:0.000222s ]
[2022-06-21T22:42:52+08:00][sql] SELECT SUM(`money`) AS think_sum FROM `jz_record` WHERE  `userid` = '001001'  AND `type` = 1  AND `title` = '文教'  AND `CreatTime` BETWEEN '2022-04-01 00:00:00' AND '2022-04-30 23:59:59' LIMIT 1 [ RunTime:0.000223s ]
[2022-06-21T22:42:52+08:00][sql] SELECT SUM(`money`) AS think_sum FROM `jz_record` WHERE  `userid` = '001001'  AND `type` = 1  AND `title` = '其他'  AND `CreatTime` BETWEEN '2022-04-01 00:00:00' AND '2022-04-30 23:59:59' LIMIT 1 [ RunTime:0.000283s ]
[2022-06-21T22:43:00+08:00][sql] CONNECT:[ UseTime:0.000535s ] mysql:host=127.0.0.1;port=3306;dbname=jzapp_qingyunjia;charset=utf8
[2022-06-21T22:43:00+08:00][sql] SHOW FULL COLUMNS FROM `jz_record` [ RunTime:0.000819s ]
[2022-06-21T22:43:00+08:00][sql] SELECT SUM(`money`) AS think_sum FROM `jz_record` WHERE  `userid` = '001001'  AND `type` = 1  AND `title` = '交通'  AND `CreatTime` BETWEEN '2022-04-01 00:00:00' AND '2022-04-30 23:59:59' LIMIT 1 [ RunTime:0.000299s ]
[2022-06-21T22:43:00+08:00][sql] SELECT SUM(`money`) AS think_sum FROM `jz_record` WHERE  `userid` = '001001'  AND `type` = 1  AND `title` = '餐饮'  AND `CreatTime` BETWEEN '2022-04-01 00:00:00' AND '2022-04-30 23:59:59' LIMIT 1 [ RunTime:0.000288s ]
[2022-06-21T22:43:00+08:00][sql] SELECT SUM(`money`) AS think_sum FROM `jz_record` WHERE  `userid` = '001001'  AND `type` = 1  AND `title` = '娱乐'  AND `CreatTime` BETWEEN '2022-04-01 00:00:00' AND '2022-04-30 23:59:59' LIMIT 1 [ RunTime:0.000224s ]
[2022-06-21T22:43:00+08:00][sql] SELECT SUM(`money`) AS think_sum FROM `jz_record` WHERE  `userid` = '001001'  AND `type` = 1  AND `title` = '健康'  AND `CreatTime` BETWEEN '2022-04-01 00:00:00' AND '2022-04-30 23:59:59' LIMIT 1 [ RunTime:0.000221s ]
[2022-06-21T22:43:00+08:00][sql] SELECT SUM(`money`) AS think_sum FROM `jz_record` WHERE  `userid` = '001001'  AND `type` = 1  AND `title` = '居家'  AND `CreatTime` BETWEEN '2022-04-01 00:00:00' AND '2022-04-30 23:59:59' LIMIT 1 [ RunTime:0.000253s ]
[2022-06-21T22:43:00+08:00][sql] SELECT SUM(`money`) AS think_sum FROM `jz_record` WHERE  `userid` = '001001'  AND `type` = 1  AND `title` = '购物'  AND `CreatTime` BETWEEN '2022-04-01 00:00:00' AND '2022-04-30 23:59:59' LIMIT 1 [ RunTime:0.000220s ]
[2022-06-21T22:43:00+08:00][sql] SELECT SUM(`money`) AS think_sum FROM `jz_record` WHERE  `userid` = '001001'  AND `type` = 1  AND `title` = '文教'  AND `CreatTime` BETWEEN '2022-04-01 00:00:00' AND '2022-04-30 23:59:59' LIMIT 1 [ RunTime:0.000226s ]
[2022-06-21T22:43:00+08:00][sql] SELECT SUM(`money`) AS think_sum FROM `jz_record` WHERE  `userid` = '001001'  AND `type` = 1  AND `title` = '其他'  AND `CreatTime` BETWEEN '2022-04-01 00:00:00' AND '2022-04-30 23:59:59' LIMIT 1 [ RunTime:0.000233s ]
[2022-06-21T22:44:11+08:00][sql] CONNECT:[ UseTime:0.000383s ] mysql:host=127.0.0.1;port=3306;dbname=jzapp_qingyunjia;charset=utf8
[2022-06-21T22:44:11+08:00][sql] SHOW FULL COLUMNS FROM `jz_record` [ RunTime:0.000765s ]
[2022-06-21T22:44:11+08:00][sql] SELECT SUM(`money`) AS think_sum FROM `jz_record` WHERE  `userid` = '001001'  AND `type` = 1  AND `title` = '交通'  AND `CreatTime` BETWEEN '2022-04-01 00:00:00' AND '2022-04-30 23:59:59' LIMIT 1 [ RunTime:0.000355s ]
[2022-06-21T22:44:11+08:00][sql] SELECT SUM(`money`) AS think_sum FROM `jz_record` WHERE  `userid` = '001001'  AND `type` = 1  AND `title` = '餐饮'  AND `CreatTime` BETWEEN '2022-04-01 00:00:00' AND '2022-04-30 23:59:59' LIMIT 1 [ RunTime:0.000258s ]
[2022-06-21T22:44:11+08:00][sql] SELECT SUM(`money`) AS think_sum FROM `jz_record` WHERE  `userid` = '001001'  AND `type` = 1  AND `title` = '娱乐'  AND `CreatTime` BETWEEN '2022-04-01 00:00:00' AND '2022-04-30 23:59:59' LIMIT 1 [ RunTime:0.000270s ]
[2022-06-21T22:44:11+08:00][sql] SELECT SUM(`money`) AS think_sum FROM `jz_record` WHERE  `userid` = '001001'  AND `type` = 1  AND `title` = '健康'  AND `CreatTime` BETWEEN '2022-04-01 00:00:00' AND '2022-04-30 23:59:59' LIMIT 1 [ RunTime:0.000245s ]
[2022-06-21T22:44:11+08:00][sql] SELECT SUM(`money`) AS think_sum FROM `jz_record` WHERE  `userid` = '001001'  AND `type` = 1  AND `title` = '居家'  AND `CreatTime` BETWEEN '2022-04-01 00:00:00' AND '2022-04-30 23:59:59' LIMIT 1 [ RunTime:0.000246s ]
[2022-06-21T22:44:11+08:00][sql] SELECT SUM(`money`) AS think_sum FROM `jz_record` WHERE  `userid` = '001001'  AND `type` = 1  AND `title` = '购物'  AND `CreatTime` BETWEEN '2022-04-01 00:00:00' AND '2022-04-30 23:59:59' LIMIT 1 [ RunTime:0.000259s ]
[2022-06-21T22:44:11+08:00][sql] SELECT SUM(`money`) AS think_sum FROM `jz_record` WHERE  `userid` = '001001'  AND `type` = 1  AND `title` = '文教'  AND `CreatTime` BETWEEN '2022-04-01 00:00:00' AND '2022-04-30 23:59:59' LIMIT 1 [ RunTime:0.000258s ]
[2022-06-21T22:44:11+08:00][sql] SELECT SUM(`money`) AS think_sum FROM `jz_record` WHERE  `userid` = '001001'  AND `type` = 1  AND `title` = '其他'  AND `CreatTime` BETWEEN '2022-04-01 00:00:00' AND '2022-04-30 23:59:59' LIMIT 1 [ RunTime:0.000223s ]
[2022-06-21T22:44:14+08:00][sql] CONNECT:[ UseTime:0.000520s ] mysql:host=127.0.0.1;port=3306;dbname=jzapp_qingyunjia;charset=utf8
[2022-06-21T22:44:14+08:00][sql] SHOW FULL COLUMNS FROM `jz_record` [ RunTime:0.000736s ]
[2022-06-21T22:44:14+08:00][sql] SELECT SUM(`money`) AS think_sum FROM `jz_record` WHERE  `userid` = '001001'  AND `type` = 1  AND `title` = '交通'  AND `CreatTime` BETWEEN '2022-04-01 00:00:00' AND '2022-04-30 23:59:59' LIMIT 1 [ RunTime:0.000475s ]
[2022-06-21T22:44:14+08:00][sql] SELECT SUM(`money`) AS think_sum FROM `jz_record` WHERE  `userid` = '001001'  AND `type` = 1  AND `title` = '餐饮'  AND `CreatTime` BETWEEN '2022-04-01 00:00:00' AND '2022-04-30 23:59:59' LIMIT 1 [ RunTime:0.000233s ]
[2022-06-21T22:44:14+08:00][sql] SELECT SUM(`money`) AS think_sum FROM `jz_record` WHERE  `userid` = '001001'  AND `type` = 1  AND `title` = '娱乐'  AND `CreatTime` BETWEEN '2022-04-01 00:00:00' AND '2022-04-30 23:59:59' LIMIT 1 [ RunTime:0.000277s ]
[2022-06-21T22:44:14+08:00][sql] SELECT SUM(`money`) AS think_sum FROM `jz_record` WHERE  `userid` = '001001'  AND `type` = 1  AND `title` = '健康'  AND `CreatTime` BETWEEN '2022-04-01 00:00:00' AND '2022-04-30 23:59:59' LIMIT 1 [ RunTime:0.000246s ]
[2022-06-21T22:44:14+08:00][sql] SELECT SUM(`money`) AS think_sum FROM `jz_record` WHERE  `userid` = '001001'  AND `type` = 1  AND `title` = '居家'  AND `CreatTime` BETWEEN '2022-04-01 00:00:00' AND '2022-04-30 23:59:59' LIMIT 1 [ RunTime:0.000218s ]
[2022-06-21T22:44:14+08:00][sql] SELECT SUM(`money`) AS think_sum FROM `jz_record` WHERE  `userid` = '001001'  AND `type` = 1  AND `title` = '购物'  AND `CreatTime` BETWEEN '2022-04-01 00:00:00' AND '2022-04-30 23:59:59' LIMIT 1 [ RunTime:0.000265s ]
[2022-06-21T22:44:14+08:00][sql] SELECT SUM(`money`) AS think_sum FROM `jz_record` WHERE  `userid` = '001001'  AND `type` = 1  AND `title` = '文教'  AND `CreatTime` BETWEEN '2022-04-01 00:00:00' AND '2022-04-30 23:59:59' LIMIT 1 [ RunTime:0.000248s ]
[2022-06-21T22:44:14+08:00][sql] SELECT SUM(`money`) AS think_sum FROM `jz_record` WHERE  `userid` = '001001'  AND `type` = 1  AND `title` = '其他'  AND `CreatTime` BETWEEN '2022-04-01 00:00:00' AND '2022-04-30 23:59:59' LIMIT 1 [ RunTime:0.000220s ]
[2022-06-21T22:44:15+08:00][sql] CONNECT:[ UseTime:0.000589s ] mysql:host=127.0.0.1;port=3306;dbname=jzapp_qingyunjia;charset=utf8
[2022-06-21T22:44:15+08:00][sql] SHOW FULL COLUMNS FROM `jz_record` [ RunTime:0.000738s ]
[2022-06-21T22:44:15+08:00][sql] SELECT * FROM `jz_record` WHERE  `userid` = '001001'  AND `type` = 1  AND `CreatTime` BETWEEN '2022-04-01 00:00:00' AND '2022-04-30 23:59:59' [ RunTime:0.000348s ]
[2022-06-21T22:44:15+08:00][sql] SELECT SUM(`money`) AS think_sum FROM `jz_record` WHERE  `userid` = '001001'  AND `type` = 1  AND `CreatTime` BETWEEN '2022-04-01 00:00:00' AND '2022-04-30 23:59:59' LIMIT 1 [ RunTime:0.000262s ]
[2022-06-21T22:44:15+08:00][sql] SELECT SUM(`money`) AS think_sum FROM `jz_record` WHERE  `userid` = '001001'  AND `type` = 2  AND `CreatTime` BETWEEN '2022-04-01 00:00:00' AND '2022-04-30 23:59:59' LIMIT 1 [ RunTime:0.000232s ]
[2022-06-21T22:44:16+08:00][sql] CONNECT:[ UseTime:0.000350s ] mysql:host=127.0.0.1;port=3306;dbname=jzapp_qingyunjia;charset=utf8
[2022-06-21T22:44:16+08:00][sql] SHOW FULL COLUMNS FROM `jz_record` [ RunTime:0.000949s ]
[2022-06-21T22:44:16+08:00][sql] SELECT SUM(`money`) AS think_sum FROM `jz_record` WHERE  `userid` = '001001'  AND `CreatTime` BETWEEN '2022-01-01 00:00:00' AND '2022-12-31 23:59:59' LIMIT 1 [ RunTime:0.000340s ]
[2022-06-21T22:44:16+08:00][sql] SELECT SUM(`money`) AS think_sum FROM `jz_record` WHERE  `userid` = '001001'  AND `CreatTime` BETWEEN '2022-06-01 00:00:00' AND '2022-06-30 23:59:59' LIMIT 1 [ RunTime:0.000258s ]
[2022-06-21T22:44:16+08:00][sql] SELECT SUM(`money`) AS think_sum FROM `jz_record` WHERE  `userid` = '001001'  AND `CreatTime` BETWEEN '2022-06-20 00:00:00' AND '2022-06-26 23:59:59' LIMIT 1 [ RunTime:0.000259s ]
[2022-06-21T22:44:16+08:00][sql] SELECT SUM(`money`) AS think_sum FROM `jz_record` WHERE  `userid` = '001001'  AND `CreatTime` BETWEEN '2022-06-21 00:00:00' AND '2022-06-21 23:59:59' LIMIT 1 [ RunTime:0.000337s ]
[2022-06-21T22:44:16+08:00][sql] SELECT * FROM `jz_record` WHERE  `userid` = '001001' ORDER BY `time` DESC LIMIT 6 [ RunTime:0.000245s ]
[2022-06-21T22:44:52+08:00][sql] CONNECT:[ UseTime:0.000456s ] mysql:host=127.0.0.1;port=3306;dbname=jzapp_qingyunjia;charset=utf8
[2022-06-21T22:44:52+08:00][sql] SHOW FULL COLUMNS FROM `jz_record` [ RunTime:0.000836s ]
[2022-06-21T22:44:52+08:00][sql] SELECT SUM(`money`) AS think_sum FROM `jz_record` WHERE  `userid` = '001001'  AND `CreatTime` BETWEEN '2022-01-01 00:00:00' AND '2022-12-31 23:59:59' LIMIT 1 [ RunTime:0.000290s ]
[2022-06-21T22:44:52+08:00][sql] SELECT SUM(`money`) AS think_sum FROM `jz_record` WHERE  `userid` = '001001'  AND `CreatTime` BETWEEN '2022-06-01 00:00:00' AND '2022-06-30 23:59:59' LIMIT 1 [ RunTime:0.000249s ]
[2022-06-21T22:44:52+08:00][sql] SELECT SUM(`money`) AS think_sum FROM `jz_record` WHERE  `userid` = '001001'  AND `CreatTime` BETWEEN '2022-06-20 00:00:00' AND '2022-06-26 23:59:59' LIMIT 1 [ RunTime:0.000237s ]
[2022-06-21T22:44:52+08:00][sql] SELECT SUM(`money`) AS think_sum FROM `jz_record` WHERE  `userid` = '001001'  AND `CreatTime` BETWEEN '2022-06-21 00:00:00' AND '2022-06-21 23:59:59' LIMIT 1 [ RunTime:0.000241s ]
[2022-06-21T22:44:52+08:00][sql] SELECT * FROM `jz_record` WHERE  `userid` = '001001' ORDER BY `time` DESC LIMIT 6 [ RunTime:0.000266s ]
