[2022-04-18T16:59:33+08:00][sql] CONNECT:[ UseTime:0.000482s ] mysql:host=127.0.0.1;port=3306;dbname=ceshi_youfanzi_c;charset=utf8
[2022-04-18T16:59:33+08:00][sql] SHOW FULL COLUMNS FROM `admin` [ RunTime:0.000682s ]
[2022-04-18T16:59:33+08:00][sql] SELECT * FROM `admin` WHERE  `username` LIKE '%' LIMIT 0,10 [ RunTime:0.000263s ]
[2022-04-18T16:59:33+08:00][sql] SELECT COUNT(*) AS think_count FROM `admin` WHERE  `username` LIKE '%' LIMIT 1 [ RunTime:0.000191s ]
[2022-04-18T16:59:34+08:00][sql] CONNECT:[ UseTime:0.000373s ] mysql:host=127.0.0.1;port=3306;dbname=ceshi_youfanzi_c;charset=utf8
[2022-04-18T16:59:34+08:00][sql] SHOW FULL COLUMNS FROM `admin` [ RunTime:0.000690s ]
[2022-04-18T16:59:34+08:00][sql] SELECT * FROM `admin` WHERE  `username` LIKE '%' LIMIT 0,10 [ RunTime:0.000270s ]
[2022-04-18T16:59:34+08:00][sql] SELECT COUNT(*) AS think_count FROM `admin` WHERE  `username` LIKE '%' LIMIT 1 [ RunTime:0.000189s ]
[2022-04-18T16:59:36+08:00][sql] CONNECT:[ UseTime:0.000356s ] mysql:host=127.0.0.1;port=3306;dbname=ceshi_youfanzi_c;charset=utf8
[2022-04-18T16:59:36+08:00][sql] SHOW FULL COLUMNS FROM `admin` [ RunTime:0.000650s ]
[2022-04-18T16:59:36+08:00][sql] SELECT * FROM `admin` WHERE  `username` LIKE '%' LIMIT 0,10 [ RunTime:0.000301s ]
[2022-04-18T16:59:36+08:00][sql] SELECT COUNT(*) AS think_count FROM `admin` WHERE  `username` LIKE '%' LIMIT 1 [ RunTime:0.000203s ]
[2022-04-18T17:01:40+08:00][error] [8]未定义数组索引: username[/www/wwwroot/ceshi.youfanzi.cn/app/api/controller/Login.php:25]
[2022-04-18T17:02:08+08:00][error] [8]未定义数组索引: username[/www/wwwroot/ceshi.youfanzi.cn/app/api/controller/Login.php:25]
[2022-04-18T17:03:25+08:00][error] [0]Class 'app\api\controller\Session' not found[/www/wwwroot/ceshi.youfanzi.cn/app/api/controller/Login.php:24]
[2022-04-18T17:03:50+08:00][error] [8]未定义数组索引: username[/www/wwwroot/ceshi.youfanzi.cn/app/api/controller/Login.php:26]
[2022-04-18T17:04:29+08:00][error] [8]未定义数组索引: page[/www/wwwroot/ceshi.youfanzi.cn/app/common/api/AdminList.php:18]
[2022-04-18T17:11:48+08:00][error] [8]未定义数组索引: page[/www/wwwroot/ceshi.youfanzi.cn/app/common/api/AdminList.php:18]
[2022-04-18T17:12:16+08:00][error] [0]Argument 2 passed to think\Request::checkToken() must be of the type array, string given[/www/wwwroot/ceshi.youfanzi.cn/vendor/topthink/framework/src/think/Request.php:1944]
[2022-04-18T17:12:44+08:00][error] [2]Use of undefined constant Request - assumed 'Request' (this will throw an Error in a future version of PHP)[/www/wwwroot/ceshi.youfanzi.cn/app/common/middleware/LoginPermission.php:13]
[2022-04-18T17:13:05+08:00][error] [2]Use of undefined constant Request - assumed 'Request' (this will throw an Error in a future version of PHP)[/www/wwwroot/ceshi.youfanzi.cn/app/common/middleware/LoginPermission.php:14]
[2022-04-18T17:13:43+08:00][error] [2]Use of undefined constant Request - assumed 'Request' (this will throw an Error in a future version of PHP)[/www/wwwroot/ceshi.youfanzi.cn/app/common/middleware/LoginPermission.php:14]
[2022-04-18T17:15:36+08:00][error] [2]Use of undefined constant Request - assumed 'Request' (this will throw an Error in a future version of PHP)[/www/wwwroot/ceshi.youfanzi.cn/app/common/middleware/LoginPermission.php:14]
[2022-04-18T17:15:55+08:00][error] [8]未定义数组索引: page[/www/wwwroot/ceshi.youfanzi.cn/app/common/api/AdminList.php:18]
[2022-04-18T17:17:58+08:00][error] [8]未定义数组索引: page[/www/wwwroot/ceshi.youfanzi.cn/app/common/api/AdminList.php:18]
[2022-04-18T17:22:08+08:00][error] [8]未定义数组索引: username[/www/wwwroot/ceshi.youfanzi.cn/app/api/controller/Login.php:24]
[2022-04-18T17:22:15+08:00][sql] CONNECT:[ UseTime:0.000362s ] mysql:host=127.0.0.1;port=3306;dbname=ceshi_youfanzi_c;charset=utf8
[2022-04-18T17:22:15+08:00][sql] SHOW FULL COLUMNS FROM `admin` [ RunTime:0.000706s ]
[2022-04-18T17:22:15+08:00][sql] SELECT * FROM `admin` WHERE  `username` = 'admin' LIMIT 1 [ RunTime:0.000263s ]
[2022-04-18T17:23:12+08:00][error] [8]未定义数组索引: page[/www/wwwroot/ceshi.youfanzi.cn/app/common/api/AdminList.php:18]
[2022-04-18T17:24:53+08:00][sql] CONNECT:[ UseTime:0.000401s ] mysql:host=127.0.0.1;port=3306;dbname=ceshi_youfanzi_c;charset=utf8
[2022-04-18T17:24:53+08:00][sql] SHOW FULL COLUMNS FROM `admin` [ RunTime:0.000866s ]
[2022-04-18T17:24:53+08:00][sql] SELECT * FROM `admin` WHERE  `username` = 'admin' LIMIT 1 [ RunTime:0.000287s ]
[2022-04-18T17:24:56+08:00][error] [8]未定义数组索引: page[/www/wwwroot/ceshi.youfanzi.cn/app/common/api/AdminList.php:18]
[2022-04-18T17:25:00+08:00][error] [8]未定义数组索引: page[/www/wwwroot/ceshi.youfanzi.cn/app/common/api/AdminList.php:18]
[2022-04-18T17:25:02+08:00][error] [8]未定义数组索引: page[/www/wwwroot/ceshi.youfanzi.cn/app/common/api/AdminList.php:18]
[2022-04-18T17:25:12+08:00][error] [8]未定义数组索引: page[/www/wwwroot/ceshi.youfanzi.cn/app/common/api/AdminList.php:18]
[2022-04-18T17:25:13+08:00][error] [8]未定义数组索引: page[/www/wwwroot/ceshi.youfanzi.cn/app/common/api/AdminList.php:18]
[2022-04-18T17:25:15+08:00][error] [8]未定义数组索引: page[/www/wwwroot/ceshi.youfanzi.cn/app/common/api/AdminList.php:18]
[2022-04-18T17:25:18+08:00][error] [8]未定义数组索引: page[/www/wwwroot/ceshi.youfanzi.cn/app/common/api/AdminList.php:18]
[2022-04-18T17:25:28+08:00][error] [8]未定义数组索引: page[/www/wwwroot/ceshi.youfanzi.cn/app/common/api/AdminList.php:18]
[2022-04-18T17:25:45+08:00][error] [8]未定义数组索引: page[/www/wwwroot/ceshi.youfanzi.cn/app/common/api/AdminList.php:18]
[2022-04-18T17:25:52+08:00][error] [8]未定义数组索引: page[/www/wwwroot/ceshi.youfanzi.cn/app/common/api/AdminList.php:18]
[2022-04-18T17:26:00+08:00][error] [8]未定义数组索引: page[/www/wwwroot/ceshi.youfanzi.cn/app/common/api/AdminList.php:18]
[2022-04-18T17:27:24+08:00][sql] CONNECT:[ UseTime:0.000331s ] mysql:host=127.0.0.1;port=3306;dbname=ceshi_youfanzi_c;charset=utf8
[2022-04-18T17:27:24+08:00][sql] SHOW FULL COLUMNS FROM `admin` [ RunTime:0.000644s ]
[2022-04-18T17:27:24+08:00][sql] SELECT * FROM `admin` WHERE  `username` = 'admin' LIMIT 1 [ RunTime:0.000277s ]
[2022-04-18T17:27:26+08:00][error] [8]未定义数组索引: page[/www/wwwroot/ceshi.youfanzi.cn/app/common/api/AdminList.php:18]
[2022-04-18T17:27:43+08:00][sql] CONNECT:[ UseTime:0.000311s ] mysql:host=127.0.0.1;port=3306;dbname=ceshi_youfanzi_c;charset=utf8
[2022-04-18T17:27:43+08:00][sql] SHOW FULL COLUMNS FROM `admin` [ RunTime:0.000711s ]
[2022-04-18T17:27:43+08:00][sql] SELECT * FROM `admin` WHERE  `username` = 'admin' LIMIT 1 [ RunTime:0.000256s ]
[2022-04-18T17:27:44+08:00][sql] CONNECT:[ UseTime:0.000412s ] mysql:host=127.0.0.1;port=3306;dbname=ceshi_youfanzi_c;charset=utf8
[2022-04-18T17:27:44+08:00][sql] SHOW FULL COLUMNS FROM `admin` [ RunTime:0.000789s ]
[2022-04-18T17:27:44+08:00][sql] SELECT * FROM `admin` WHERE  `username` LIKE '%' LIMIT 0,10 [ RunTime:0.000256s ]
[2022-04-18T17:27:44+08:00][sql] SELECT COUNT(*) AS think_count FROM `admin` WHERE  `username` LIKE '%' LIMIT 1 [ RunTime:0.000205s ]
[2022-04-18T17:27:46+08:00][sql] CONNECT:[ UseTime:0.000437s ] mysql:host=127.0.0.1;port=3306;dbname=ceshi_youfanzi_c;charset=utf8
[2022-04-18T17:27:46+08:00][sql] SHOW FULL COLUMNS FROM `admin` [ RunTime:0.000815s ]
[2022-04-18T17:27:46+08:00][sql] SELECT * FROM `admin` WHERE  `username` LIKE '%' LIMIT 0,10 [ RunTime:0.000283s ]
[2022-04-18T17:27:46+08:00][sql] SELECT COUNT(*) AS think_count FROM `admin` WHERE  `username` LIKE '%' LIMIT 1 [ RunTime:0.000186s ]
[2022-04-18T17:28:06+08:00][sql] CONNECT:[ UseTime:0.000357s ] mysql:host=127.0.0.1;port=3306;dbname=ceshi_youfanzi_c;charset=utf8
[2022-04-18T17:28:06+08:00][sql] SHOW FULL COLUMNS FROM `admin` [ RunTime:0.000787s ]
[2022-04-18T17:28:06+08:00][sql] SELECT * FROM `admin` WHERE  `username` LIKE '%' LIMIT 0,10 [ RunTime:0.000311s ]
[2022-04-18T17:28:06+08:00][sql] SELECT COUNT(*) AS think_count FROM `admin` WHERE  `username` LIKE '%' LIMIT 1 [ RunTime:0.000204s ]
[2022-04-18T17:28:10+08:00][error] [0]Call to undefined method app\common\api\AdminList::update_user_data()[/www/wwwroot/ceshi.youfanzi.cn/app/api/controller/Admin.php:40]
[2022-04-18T17:28:19+08:00][error] [0]Call to undefined method app\common\api\AdminList::update_user_data()[/www/wwwroot/ceshi.youfanzi.cn/app/api/controller/Admin.php:40]
[2022-04-18T17:29:33+08:00][sql] CONNECT:[ UseTime:0.000427s ] mysql:host=127.0.0.1;port=3306;dbname=ceshi_youfanzi_c;charset=utf8
[2022-04-18T17:29:33+08:00][sql] SHOW FULL COLUMNS FROM `admin` [ RunTime:0.000641s ]
[2022-04-18T17:29:33+08:00][sql] UPDATE `admin`  SET `id` = 1 , `username` = 'admin' , `nickname` = '超级管理员' , `password` = '123456' , `email` = '2733411327@qq.com' , `description` = '拥有所有权限1' , `state` = 1 , `CreatTime` = '2022-04-16 21:28:07'  WHERE  `id` = 1 [ RunTime:0.007879s ]
[2022-04-18T17:29:36+08:00][sql] CONNECT:[ UseTime:0.000327s ] mysql:host=127.0.0.1;port=3306;dbname=ceshi_youfanzi_c;charset=utf8
[2022-04-18T17:29:36+08:00][sql] SHOW FULL COLUMNS FROM `admin` [ RunTime:0.000872s ]
[2022-04-18T17:29:36+08:00][sql] SELECT * FROM `admin` WHERE  `username` LIKE '%' LIMIT 0,10 [ RunTime:0.000272s ]
[2022-04-18T17:29:36+08:00][sql] SELECT COUNT(*) AS think_count FROM `admin` WHERE  `username` LIKE '%' LIMIT 1 [ RunTime:0.000188s ]
[2022-04-18T17:30:37+08:00][sql] CONNECT:[ UseTime:0.000410s ] mysql:host=127.0.0.1;port=3306;dbname=ceshi_youfanzi_c;charset=utf8
[2022-04-18T17:30:37+08:00][sql] SHOW FULL COLUMNS FROM `admin` [ RunTime:0.000670s ]
[2022-04-18T17:30:37+08:00][sql] SELECT * FROM `admin` WHERE  `username` LIKE '%' LIMIT 0,10 [ RunTime:0.000356s ]
[2022-04-18T17:30:37+08:00][sql] SELECT COUNT(*) AS think_count FROM `admin` WHERE  `username` LIKE '%' LIMIT 1 [ RunTime:0.000219s ]
[2022-04-18T18:59:14+08:00][sql] CONNECT:[ UseTime:0.000390s ] mysql:host=127.0.0.1;port=3306;dbname=ceshi_youfanzi_c;charset=utf8
[2022-04-18T18:59:14+08:00][sql] SHOW FULL COLUMNS FROM `admin` [ RunTime:0.000699s ]
[2022-04-18T18:59:14+08:00][sql] SELECT * FROM `admin` WHERE  `username` = '1' LIMIT 1 [ RunTime:0.000278s ]
[2022-04-18T18:59:15+08:00][sql] CONNECT:[ UseTime:0.000362s ] mysql:host=127.0.0.1;port=3306;dbname=ceshi_youfanzi_c;charset=utf8
[2022-04-18T18:59:15+08:00][sql] SHOW FULL COLUMNS FROM `admin` [ RunTime:0.000650s ]
[2022-04-18T18:59:15+08:00][sql] SELECT * FROM `admin` WHERE  `username` LIKE '%' LIMIT 0,10 [ RunTime:0.000279s ]
[2022-04-18T18:59:15+08:00][sql] SELECT COUNT(*) AS think_count FROM `admin` WHERE  `username` LIKE '%' LIMIT 1 [ RunTime:0.000188s ]
[2022-04-18T19:01:06+08:00][sql] CONNECT:[ UseTime:0.000330s ] mysql:host=127.0.0.1;port=3306;dbname=ceshi_youfanzi_c;charset=utf8
[2022-04-18T19:01:06+08:00][sql] SHOW FULL COLUMNS FROM `admin` [ RunTime:0.000672s ]
[2022-04-18T19:01:06+08:00][sql] SELECT * FROM `admin` WHERE  `username` = '1' LIMIT 1 [ RunTime:0.000311s ]
[2022-04-18T19:01:19+08:00][sql] CONNECT:[ UseTime:0.000400s ] mysql:host=127.0.0.1;port=3306;dbname=ceshi_youfanzi_c;charset=utf8
[2022-04-18T19:01:19+08:00][sql] SHOW FULL COLUMNS FROM `admin` [ RunTime:0.000773s ]
[2022-04-18T19:01:19+08:00][sql] SELECT * FROM `admin` WHERE  `username` = '1' LIMIT 1 [ RunTime:0.000269s ]
[2022-04-18T19:03:54+08:00][error] [8]未定义数组索引: page[/www/wwwroot/ceshi.youfanzi.cn/app/common/api/AdminList.php:18]
[2022-04-18T19:04:14+08:00][error] [8]未定义数组索引: limit[/www/wwwroot/ceshi.youfanzi.cn/app/common/api/AdminList.php:18]
[2022-04-18T19:04:23+08:00][sql] CONNECT:[ UseTime:0.000391s ] mysql:host=127.0.0.1;port=3306;dbname=ceshi_youfanzi_c;charset=utf8
[2022-04-18T19:04:23+08:00][sql] SHOW FULL COLUMNS FROM `admin` [ RunTime:0.000693s ]
[2022-04-18T19:04:23+08:00][sql] SELECT * FROM `admin` WHERE  `username` LIKE '%' LIMIT 0,10 [ RunTime:0.000398s ]
[2022-04-18T19:04:23+08:00][sql] SELECT COUNT(*) AS think_count FROM `admin` WHERE  `username` LIKE '%' LIMIT 1 [ RunTime:0.000220s ]
[2022-04-18T19:04:41+08:00][sql] CONNECT:[ UseTime:0.000400s ] mysql:host=127.0.0.1;port=3306;dbname=ceshi_youfanzi_c;charset=utf8
[2022-04-18T19:04:41+08:00][sql] SHOW FULL COLUMNS FROM `admin` [ RunTime:0.000650s ]
[2022-04-18T19:04:41+08:00][sql] SELECT * FROM `admin` WHERE  `username` LIKE '%' LIMIT 0,10 [ RunTime:0.000406s ]
[2022-04-18T19:04:41+08:00][sql] SELECT COUNT(*) AS think_count FROM `admin` WHERE  `username` LIKE '%' LIMIT 1 [ RunTime:0.000223s ]
[2022-04-18T19:05:03+08:00][sql] CONNECT:[ UseTime:0.000373s ] mysql:host=127.0.0.1;port=3306;dbname=ceshi_youfanzi_c;charset=utf8
[2022-04-18T19:05:03+08:00][sql] SHOW FULL COLUMNS FROM `admin` [ RunTime:0.000680s ]
[2022-04-18T19:05:03+08:00][sql] SELECT * FROM `admin` WHERE  `username` LIKE '%' LIMIT 0,10 [ RunTime:0.000298s ]
[2022-04-18T19:05:03+08:00][sql] SELECT COUNT(*) AS think_count FROM `admin` WHERE  `username` LIKE '%' LIMIT 1 [ RunTime:0.000213s ]
[2022-04-18T19:06:16+08:00][sql] CONNECT:[ UseTime:0.000366s ] mysql:host=127.0.0.1;port=3306;dbname=ceshi_youfanzi_c;charset=utf8
[2022-04-18T19:06:16+08:00][sql] SHOW FULL COLUMNS FROM `admin` [ RunTime:0.000735s ]
[2022-04-18T19:06:16+08:00][sql] SELECT * FROM `admin` WHERE  `username` LIKE '%' LIMIT 0,10 [ RunTime:0.000432s ]
[2022-04-18T19:06:16+08:00][sql] SELECT COUNT(*) AS think_count FROM `admin` WHERE  `username` LIKE '%' LIMIT 1 [ RunTime:0.000189s ]
[2022-04-18T19:08:58+08:00][sql] CONNECT:[ UseTime:0.000347s ] mysql:host=127.0.0.1;port=3306;dbname=ceshi_youfanzi_c;charset=utf8
[2022-04-18T19:08:58+08:00][sql] SHOW FULL COLUMNS FROM `admin` [ RunTime:0.000726s ]
[2022-04-18T19:08:58+08:00][sql] SELECT * FROM `admin` WHERE  `username` = 'admin' LIMIT 1 [ RunTime:0.000255s ]
[2022-04-18T19:08:59+08:00][sql] CONNECT:[ UseTime:0.000360s ] mysql:host=127.0.0.1;port=3306;dbname=ceshi_youfanzi_c;charset=utf8
[2022-04-18T19:08:59+08:00][sql] SHOW FULL COLUMNS FROM `admin` [ RunTime:0.000660s ]
[2022-04-18T19:08:59+08:00][sql] SELECT * FROM `admin` WHERE  `username` LIKE '%' LIMIT 0,10 [ RunTime:0.000267s ]
[2022-04-18T19:08:59+08:00][sql] SELECT COUNT(*) AS think_count FROM `admin` WHERE  `username` LIKE '%' LIMIT 1 [ RunTime:0.000201s ]
[2022-04-18T19:21:11+08:00][error] [0]中间件方法必须返回Response对象实例
[2022-04-18T19:21:21+08:00][error] [0]中间件方法必须返回Response对象实例
[2022-04-18T19:22:34+08:00][error] [0]Call to undefined method app\common\middleware\LoginCheck::display()
[2022-04-18T19:22:36+08:00][error] [0]Call to undefined method app\common\middleware\LoginCheck::display()
[2022-04-18T19:22:55+08:00][error] [0]Call to undefined method app\common\middleware\LoginCheck::display()[/www/wwwroot/ceshi.youfanzi.cn/app/common/middleware/LoginCheck.php:12]
[2022-04-18T19:25:03+08:00][error] [0]中间件方法必须返回Response对象实例[/www/wwwroot/ceshi.youfanzi.cn/vendor/topthink/framework/src/think/Middleware.php:145]
[2022-04-18T20:08:13+08:00][error] [0]Call to undefined method app\common\middleware\LoginCheck::fetch()[/www/wwwroot/ceshi.youfanzi.cn/app/common/middleware/LoginCheck.php:12]
[2022-04-18T20:09:24+08:00][error] [0]模板文件不存在:/www/wwwroot/ceshi.youfanzi.cn/view/api/404/index.html[/www/wwwroot/ceshi.youfanzi.cn/vendor/topthink/think-view/src/Think.php:146]
[2022-04-18T20:09:52+08:00][error] [0]模板文件不存在:/www/wwwroot/ceshi.youfanzi.cn/view/api/404/index.html[/www/wwwroot/ceshi.youfanzi.cn/vendor/topthink/think-view/src/Think.php:146]
[2022-04-18T20:10:55+08:00][error] [0]模板文件不存在:/www/wwwroot/ceshi.youfanzi.cn/view/api/404/index.html[/www/wwwroot/ceshi.youfanzi.cn/vendor/topthink/think-view/src/Think.php:146]
[2022-04-18T20:11:27+08:00][error] [0]中间件方法必须返回Response对象实例[/www/wwwroot/ceshi.youfanzi.cn/vendor/topthink/framework/src/think/Middleware.php:145]
[2022-04-18T20:12:30+08:00][error] [0]中间件方法必须返回Response对象实例[/www/wwwroot/ceshi.youfanzi.cn/vendor/topthink/framework/src/think/Middleware.php:145]
[2022-04-18T20:13:50+08:00][error] [0]Class 'app\common\middleware\Request' not found[/www/wwwroot/ceshi.youfanzi.cn/app/common/middleware/LoginCheck.php:12]
[2022-04-18T20:23:06+08:00][error] [0]Argument 3 passed to abort() must be of the type array, string given, called in /www/wwwroot/ceshi.youfanzi.cn/app/common/middleware/LoginCheck.php on line 12[/www/wwwroot/ceshi.youfanzi.cn/vendor/topthink/framework/src/helper.php:48]
[2022-04-18T20:23:17+08:00][error] [0]Argument 3 passed to abort() must be of the type array, string given, called in /www/wwwroot/ceshi.youfanzi.cn/app/common/middleware/LoginCheck.php on line 12[/www/wwwroot/ceshi.youfanzi.cn/vendor/topthink/framework/src/helper.php:48]
[2022-04-18T20:27:26+08:00][error] [0]中间件方法必须返回Response对象实例[/www/wwwroot/ceshi.youfanzi.cn/vendor/topthink/framework/src/think/Middleware.php:145]
[2022-04-18T21:01:20+08:00][error] [0]Class 'app\common\middleware\HttpException' not found
[2022-04-18T21:01:27+08:00][error] [0]Class 'app\common\middleware\HttpException' not found
[2022-04-18T21:01:28+08:00][error] [0]Class 'app\common\middleware\HttpException' not found
[2022-04-18T21:01:28+08:00][error] [0]Class 'app\common\middleware\HttpException' not found
[2022-04-18T21:01:47+08:00][error] [0]Class 'app\common\middleware\HttpException' not found[/www/wwwroot/ceshi.youfanzi.cn/app/common/middleware/LoginCheck.php:12]
[2022-04-18T22:02:13+08:00][error] [8]未定义数组索引: username
