[2022-08-23T15:43:10+08:00][sql] CONNECT:[ UseTime:0.000361s ] mysql:host=127.0.0.1;port=3306;dbname=jzapp_qingyunjia;charset=utf8
[2022-08-23T15:43:10+08:00][sql] SHOW FULL COLUMNS FROM `jz_user` [ RunTime:0.000676s ]
[2022-08-23T15:43:10+08:00][sql] SELECT * FROM `jz_user` WHERE  `username` = '15224492302' LIMIT 1 [ RunTime:0.000271s ]
[2022-08-23T15:43:18+08:00][sql] CONNECT:[ UseTime:0.000361s ] mysql:host=127.0.0.1;port=3306;dbname=jzapp_qingyunjia;charset=utf8
[2022-08-23T15:43:18+08:00][sql] SHOW FULL COLUMNS FROM `jz_user` [ RunTime:0.000707s ]
[2022-08-23T15:43:18+08:00][sql] SELECT * FROM `jz_user` WHERE  `username` = '蛋炒饭' LIMIT 1 [ RunTime:0.000261s ]
[2022-08-23T15:43:19+08:00][sql] CONNECT:[ UseTime:0.000395s ] mysql:host=127.0.0.1;port=3306;dbname=jzapp_qingyunjia;charset=utf8
[2022-08-23T15:43:19+08:00][sql] SHOW FULL COLUMNS FROM `jz_record` [ RunTime:0.000810s ]
[2022-08-23T15:43:19+08:00][sql] SELECT SUM(`money`) AS think_sum FROM `jz_record` WHERE  `userid` = '001001'  AND `CreatTime` BETWEEN '2022-01-01 00:00:00' AND '2022-12-31 23:59:59' LIMIT 1 [ RunTime:0.000448s ]
[2022-08-23T15:43:19+08:00][sql] SELECT SUM(`money`) AS think_sum FROM `jz_record` WHERE  `userid` = '001001'  AND `CreatTime` BETWEEN '2022-08-01 00:00:00' AND '2022-08-31 23:59:59' LIMIT 1 [ RunTime:0.000247s ]
[2022-08-23T15:43:19+08:00][sql] SELECT SUM(`money`) AS think_sum FROM `jz_record` WHERE  `userid` = '001001'  AND `CreatTime` BETWEEN '2022-08-22 00:00:00' AND '2022-08-28 23:59:59' LIMIT 1 [ RunTime:0.000290s ]
[2022-08-23T15:43:19+08:00][sql] SELECT SUM(`money`) AS think_sum FROM `jz_record` WHERE  `userid` = '001001'  AND `CreatTime` BETWEEN '2022-08-23 00:00:00' AND '2022-08-23 23:59:59' LIMIT 1 [ RunTime:0.000220s ]
[2022-08-23T15:43:19+08:00][sql] SELECT * FROM `jz_record` WHERE  `userid` = '001001' ORDER BY `time` DESC LIMIT 6 [ RunTime:0.000273s ]
[2022-08-23T15:43:22+08:00][sql] CONNECT:[ UseTime:0.000385s ] mysql:host=127.0.0.1;port=3306;dbname=jzapp_qingyunjia;charset=utf8
[2022-08-23T15:43:22+08:00][sql] SHOW FULL COLUMNS FROM `jz_record` [ RunTime:0.000718s ]
[2022-08-23T15:43:22+08:00][sql] SELECT * FROM `jz_record` WHERE  `userid` = '001001'  AND `type` = 1  AND `CreatTime` BETWEEN '2022-04-01 00:00:00' AND '2022-04-30 23:59:59' [ RunTime:0.000339s ]
[2022-08-23T15:43:22+08:00][sql] SELECT SUM(`money`) AS think_sum FROM `jz_record` WHERE  `userid` = '001001'  AND `type` = 1  AND `CreatTime` BETWEEN '2022-04-01 00:00:00' AND '2022-04-30 23:59:59' LIMIT 1 [ RunTime:0.000236s ]
[2022-08-23T15:43:22+08:00][sql] SELECT SUM(`money`) AS think_sum FROM `jz_record` WHERE  `userid` = '001001'  AND `type` = 2  AND `CreatTime` BETWEEN '2022-04-01 00:00:00' AND '2022-04-30 23:59:59' LIMIT 1 [ RunTime:0.000229s ]
[2022-08-23T15:43:23+08:00][sql] CONNECT:[ UseTime:0.000372s ] mysql:host=127.0.0.1;port=3306;dbname=jzapp_qingyunjia;charset=utf8
[2022-08-23T15:43:23+08:00][sql] SHOW FULL COLUMNS FROM `jz_record` [ RunTime:0.000695s ]
[2022-08-23T15:43:23+08:00][sql] SELECT SUM(`money`) AS think_sum FROM `jz_record` WHERE  `userid` = '001001'  AND `CreatTime` BETWEEN '2022-01-01 00:00:00' AND '2022-12-31 23:59:59' LIMIT 1 [ RunTime:0.000300s ]
[2022-08-23T15:43:23+08:00][sql] SELECT SUM(`money`) AS think_sum FROM `jz_record` WHERE  `userid` = '001001'  AND `CreatTime` BETWEEN '2022-08-01 00:00:00' AND '2022-08-31 23:59:59' LIMIT 1 [ RunTime:0.000227s ]
[2022-08-23T15:43:23+08:00][sql] SELECT SUM(`money`) AS think_sum FROM `jz_record` WHERE  `userid` = '001001'  AND `CreatTime` BETWEEN '2022-08-22 00:00:00' AND '2022-08-28 23:59:59' LIMIT 1 [ RunTime:0.000225s ]
[2022-08-23T15:43:23+08:00][sql] SELECT SUM(`money`) AS think_sum FROM `jz_record` WHERE  `userid` = '001001'  AND `CreatTime` BETWEEN '2022-08-23 00:00:00' AND '2022-08-23 23:59:59' LIMIT 1 [ RunTime:0.000219s ]
[2022-08-23T15:43:23+08:00][sql] SELECT * FROM `jz_record` WHERE  `userid` = '001001' ORDER BY `time` DESC LIMIT 6 [ RunTime:0.000252s ]
[2022-08-23T15:44:24+08:00][sql] CONNECT:[ UseTime:0.000302s ] mysql:host=127.0.0.1;port=3306;dbname=jzapp_qingyunjia;charset=utf8
[2022-08-23T15:44:24+08:00][sql] SHOW FULL COLUMNS FROM `jz_record` [ RunTime:0.000762s ]
[2022-08-23T15:44:24+08:00][sql] SELECT SUM(`money`) AS think_sum FROM `jz_record` WHERE  `userid` = '001001'  AND `CreatTime` BETWEEN '2022-01-01 00:00:00' AND '2022-12-31 23:59:59' LIMIT 1 [ RunTime:0.000315s ]
[2022-08-23T15:44:24+08:00][sql] SELECT SUM(`money`) AS think_sum FROM `jz_record` WHERE  `userid` = '001001'  AND `CreatTime` BETWEEN '2022-08-01 00:00:00' AND '2022-08-31 23:59:59' LIMIT 1 [ RunTime:0.000219s ]
[2022-08-23T15:44:24+08:00][sql] SELECT SUM(`money`) AS think_sum FROM `jz_record` WHERE  `userid` = '001001'  AND `CreatTime` BETWEEN '2022-08-22 00:00:00' AND '2022-08-28 23:59:59' LIMIT 1 [ RunTime:0.000215s ]
[2022-08-23T15:44:24+08:00][sql] SELECT SUM(`money`) AS think_sum FROM `jz_record` WHERE  `userid` = '001001'  AND `CreatTime` BETWEEN '2022-08-23 00:00:00' AND '2022-08-23 23:59:59' LIMIT 1 [ RunTime:0.000227s ]
[2022-08-23T15:44:24+08:00][sql] SELECT * FROM `jz_record` WHERE  `userid` = '001001' ORDER BY `time` DESC LIMIT 6 [ RunTime:0.000243s ]
[2022-08-23T15:45:19+08:00][sql] CONNECT:[ UseTime:0.000335s ] mysql:host=127.0.0.1;port=3306;dbname=jzapp_qingyunjia;charset=utf8
[2022-08-23T15:45:19+08:00][sql] SHOW FULL COLUMNS FROM `jz_record` [ RunTime:0.000798s ]
[2022-08-23T15:45:19+08:00][sql] SELECT SUM(`money`) AS think_sum FROM `jz_record` WHERE  `userid` = '001001'  AND `CreatTime` BETWEEN '2022-01-01 00:00:00' AND '2022-12-31 23:59:59' LIMIT 1 [ RunTime:0.000462s ]
[2022-08-23T15:45:19+08:00][sql] SELECT SUM(`money`) AS think_sum FROM `jz_record` WHERE  `userid` = '001001'  AND `CreatTime` BETWEEN '2022-08-01 00:00:00' AND '2022-08-31 23:59:59' LIMIT 1 [ RunTime:0.000208s ]
[2022-08-23T15:45:19+08:00][sql] SELECT SUM(`money`) AS think_sum FROM `jz_record` WHERE  `userid` = '001001'  AND `CreatTime` BETWEEN '2022-08-22 00:00:00' AND '2022-08-28 23:59:59' LIMIT 1 [ RunTime:0.000207s ]
[2022-08-23T15:45:19+08:00][sql] SELECT SUM(`money`) AS think_sum FROM `jz_record` WHERE  `userid` = '001001'  AND `CreatTime` BETWEEN '2022-08-23 00:00:00' AND '2022-08-23 23:59:59' LIMIT 1 [ RunTime:0.000213s ]
[2022-08-23T15:45:19+08:00][sql] SELECT * FROM `jz_record` WHERE  `userid` = '001001' ORDER BY `time` DESC LIMIT 6 [ RunTime:0.000255s ]
[2022-08-23T15:45:45+08:00][sql] CONNECT:[ UseTime:0.000335s ] mysql:host=127.0.0.1;port=3306;dbname=jzapp_qingyunjia;charset=utf8
[2022-08-23T15:45:45+08:00][sql] SHOW FULL COLUMNS FROM `jz_record` [ RunTime:0.000706s ]
[2022-08-23T15:45:45+08:00][sql] SELECT * FROM `jz_record` WHERE  `userid` = '001001'  AND `type` = 1  AND `CreatTime` BETWEEN '2022-04-01 00:00:00' AND '2022-04-30 23:59:59' [ RunTime:0.000361s ]
[2022-08-23T15:45:45+08:00][sql] SELECT SUM(`money`) AS think_sum FROM `jz_record` WHERE  `userid` = '001001'  AND `type` = 1  AND `CreatTime` BETWEEN '2022-04-01 00:00:00' AND '2022-04-30 23:59:59' LIMIT 1 [ RunTime:0.000252s ]
[2022-08-23T15:45:45+08:00][sql] SELECT SUM(`money`) AS think_sum FROM `jz_record` WHERE  `userid` = '001001'  AND `type` = 2  AND `CreatTime` BETWEEN '2022-04-01 00:00:00' AND '2022-04-30 23:59:59' LIMIT 1 [ RunTime:0.000204s ]
[2022-08-23T15:45:46+08:00][sql] CONNECT:[ UseTime:0.000348s ] mysql:host=127.0.0.1;port=3306;dbname=jzapp_qingyunjia;charset=utf8
[2022-08-23T15:45:46+08:00][sql] SHOW FULL COLUMNS FROM `jz_record` [ RunTime:0.000723s ]
[2022-08-23T15:45:46+08:00][sql] SELECT SUM(`money`) AS think_sum FROM `jz_record` WHERE  `userid` = '001001'  AND `type` = 1  AND `title` = '交通'  AND `CreatTime` BETWEEN '2022-04-01 00:00:00' AND '2022-04-30 23:59:59' LIMIT 1 [ RunTime:0.000366s ]
[2022-08-23T15:45:46+08:00][sql] SELECT SUM(`money`) AS think_sum FROM `jz_record` WHERE  `userid` = '001001'  AND `type` = 1  AND `title` = '餐饮'  AND `CreatTime` BETWEEN '2022-04-01 00:00:00' AND '2022-04-30 23:59:59' LIMIT 1 [ RunTime:0.000239s ]
[2022-08-23T15:45:46+08:00][sql] SELECT SUM(`money`) AS think_sum FROM `jz_record` WHERE  `userid` = '001001'  AND `type` = 1  AND `title` = '娱乐'  AND `CreatTime` BETWEEN '2022-04-01 00:00:00' AND '2022-04-30 23:59:59' LIMIT 1 [ RunTime:0.000322s ]
[2022-08-23T15:45:46+08:00][sql] SELECT SUM(`money`) AS think_sum FROM `jz_record` WHERE  `userid` = '001001'  AND `type` = 1  AND `title` = '健康'  AND `CreatTime` BETWEEN '2022-04-01 00:00:00' AND '2022-04-30 23:59:59' LIMIT 1 [ RunTime:0.000229s ]
[2022-08-23T15:45:46+08:00][sql] SELECT SUM(`money`) AS think_sum FROM `jz_record` WHERE  `userid` = '001001'  AND `type` = 1  AND `title` = '居家'  AND `CreatTime` BETWEEN '2022-04-01 00:00:00' AND '2022-04-30 23:59:59' LIMIT 1 [ RunTime:0.000265s ]
[2022-08-23T15:45:46+08:00][sql] SELECT SUM(`money`) AS think_sum FROM `jz_record` WHERE  `userid` = '001001'  AND `type` = 1  AND `title` = '购物'  AND `CreatTime` BETWEEN '2022-04-01 00:00:00' AND '2022-04-30 23:59:59' LIMIT 1 [ RunTime:0.000259s ]
[2022-08-23T15:45:46+08:00][sql] SELECT SUM(`money`) AS think_sum FROM `jz_record` WHERE  `userid` = '001001'  AND `type` = 1  AND `title` = '文教'  AND `CreatTime` BETWEEN '2022-04-01 00:00:00' AND '2022-04-30 23:59:59' LIMIT 1 [ RunTime:0.000265s ]
[2022-08-23T15:45:46+08:00][sql] SELECT SUM(`money`) AS think_sum FROM `jz_record` WHERE  `userid` = '001001'  AND `type` = 1  AND `title` = '其他'  AND `CreatTime` BETWEEN '2022-04-01 00:00:00' AND '2022-04-30 23:59:59' LIMIT 1 [ RunTime:0.000247s ]
[2022-08-23T15:46:09+08:00][sql] CONNECT:[ UseTime:0.000785s ] mysql:host=127.0.0.1;port=3306;dbname=jzapp_qingyunjia;charset=utf8
[2022-08-23T15:46:09+08:00][sql] SHOW FULL COLUMNS FROM `jz_record` [ RunTime:0.000734s ]
[2022-08-23T15:46:09+08:00][sql] SELECT SUM(`money`) AS think_sum FROM `jz_record` WHERE  `userid` = '001001'  AND `CreatTime` BETWEEN '2022-01-01 00:00:00' AND '2022-12-31 23:59:59' LIMIT 1 [ RunTime:0.000287s ]
[2022-08-23T15:46:09+08:00][sql] SELECT SUM(`money`) AS think_sum FROM `jz_record` WHERE  `userid` = '001001'  AND `CreatTime` BETWEEN '2022-08-01 00:00:00' AND '2022-08-31 23:59:59' LIMIT 1 [ RunTime:0.000201s ]
[2022-08-23T15:46:09+08:00][sql] SELECT SUM(`money`) AS think_sum FROM `jz_record` WHERE  `userid` = '001001'  AND `CreatTime` BETWEEN '2022-08-22 00:00:00' AND '2022-08-28 23:59:59' LIMIT 1 [ RunTime:0.000220s ]
[2022-08-23T15:46:09+08:00][sql] SELECT SUM(`money`) AS think_sum FROM `jz_record` WHERE  `userid` = '001001'  AND `CreatTime` BETWEEN '2022-08-23 00:00:00' AND '2022-08-23 23:59:59' LIMIT 1 [ RunTime:0.000200s ]
[2022-08-23T15:46:09+08:00][sql] SELECT * FROM `jz_record` WHERE  `userid` = '001001' ORDER BY `time` DESC LIMIT 6 [ RunTime:0.000244s ]
[2022-08-23T15:46:12+08:00][sql] CONNECT:[ UseTime:0.000357s ] mysql:host=127.0.0.1;port=3306;dbname=jzapp_qingyunjia;charset=utf8
[2022-08-23T15:46:12+08:00][sql] SHOW FULL COLUMNS FROM `jz_record` [ RunTime:0.000998s ]
[2022-08-23T15:46:12+08:00][sql] SELECT SUM(`money`) AS think_sum FROM `jz_record` WHERE  `userid` = '001001'  AND `CreatTime` BETWEEN '2022-01-01 00:00:00' AND '2022-12-31 23:59:59' LIMIT 1 [ RunTime:0.000384s ]
[2022-08-23T15:46:12+08:00][sql] SELECT SUM(`money`) AS think_sum FROM `jz_record` WHERE  `userid` = '001001'  AND `CreatTime` BETWEEN '2022-08-01 00:00:00' AND '2022-08-31 23:59:59' LIMIT 1 [ RunTime:0.000265s ]
[2022-08-23T15:46:12+08:00][sql] SELECT SUM(`money`) AS think_sum FROM `jz_record` WHERE  `userid` = '001001'  AND `CreatTime` BETWEEN '2022-08-22 00:00:00' AND '2022-08-28 23:59:59' LIMIT 1 [ RunTime:0.000282s ]
[2022-08-23T15:46:12+08:00][sql] SELECT SUM(`money`) AS think_sum FROM `jz_record` WHERE  `userid` = '001001'  AND `CreatTime` BETWEEN '2022-08-23 00:00:00' AND '2022-08-23 23:59:59' LIMIT 1 [ RunTime:0.000265s ]
[2022-08-23T15:46:12+08:00][sql] SELECT * FROM `jz_record` WHERE  `userid` = '001001' ORDER BY `time` DESC LIMIT 6 [ RunTime:0.000409s ]
[2022-08-23T15:46:13+08:00][sql] CONNECT:[ UseTime:0.000328s ] mysql:host=127.0.0.1;port=3306;dbname=jzapp_qingyunjia;charset=utf8
[2022-08-23T15:46:13+08:00][sql] SHOW FULL COLUMNS FROM `jz_record` [ RunTime:0.000959s ]
[2022-08-23T15:46:13+08:00][sql] SELECT SUM(`money`) AS think_sum FROM `jz_record` WHERE  `userid` = '001001'  AND `CreatTime` BETWEEN '2022-01-01 00:00:00' AND '2022-12-31 23:59:59' LIMIT 1 [ RunTime:0.000359s ]
[2022-08-23T15:46:13+08:00][sql] SELECT SUM(`money`) AS think_sum FROM `jz_record` WHERE  `userid` = '001001'  AND `CreatTime` BETWEEN '2022-08-01 00:00:00' AND '2022-08-31 23:59:59' LIMIT 1 [ RunTime:0.000271s ]
[2022-08-23T15:46:13+08:00][sql] SELECT SUM(`money`) AS think_sum FROM `jz_record` WHERE  `userid` = '001001'  AND `CreatTime` BETWEEN '2022-08-22 00:00:00' AND '2022-08-28 23:59:59' LIMIT 1 [ RunTime:0.000286s ]
[2022-08-23T15:46:13+08:00][sql] SELECT SUM(`money`) AS think_sum FROM `jz_record` WHERE  `userid` = '001001'  AND `CreatTime` BETWEEN '2022-08-23 00:00:00' AND '2022-08-23 23:59:59' LIMIT 1 [ RunTime:0.000273s ]
[2022-08-23T15:46:13+08:00][sql] SELECT * FROM `jz_record` WHERE  `userid` = '001001' ORDER BY `time` DESC LIMIT 6 [ RunTime:0.000355s ]
[2022-08-23T15:47:52+08:00][sql] CONNECT:[ UseTime:0.000332s ] mysql:host=127.0.0.1;port=3306;dbname=jzapp_qingyunjia;charset=utf8
[2022-08-23T15:47:52+08:00][sql] SHOW FULL COLUMNS FROM `jz_record` [ RunTime:0.000723s ]
[2022-08-23T15:47:52+08:00][sql] SELECT SUM(`money`) AS think_sum FROM `jz_record` WHERE  `userid` = '001001'  AND `CreatTime` BETWEEN '2022-01-01 00:00:00' AND '2022-12-31 23:59:59' LIMIT 1 [ RunTime:0.000282s ]
[2022-08-23T15:47:52+08:00][sql] SELECT SUM(`money`) AS think_sum FROM `jz_record` WHERE  `userid` = '001001'  AND `CreatTime` BETWEEN '2022-08-01 00:00:00' AND '2022-08-31 23:59:59' LIMIT 1 [ RunTime:0.000205s ]
[2022-08-23T15:47:52+08:00][sql] SELECT SUM(`money`) AS think_sum FROM `jz_record` WHERE  `userid` = '001001'  AND `CreatTime` BETWEEN '2022-08-22 00:00:00' AND '2022-08-28 23:59:59' LIMIT 1 [ RunTime:0.000216s ]
[2022-08-23T15:47:52+08:00][sql] SELECT SUM(`money`) AS think_sum FROM `jz_record` WHERE  `userid` = '001001'  AND `CreatTime` BETWEEN '2022-08-23 00:00:00' AND '2022-08-23 23:59:59' LIMIT 1 [ RunTime:0.000207s ]
[2022-08-23T15:47:52+08:00][sql] SELECT * FROM `jz_record` WHERE  `userid` = '001001' ORDER BY `time` DESC LIMIT 6 [ RunTime:0.000246s ]
[2022-08-23T15:48:58+08:00][sql] CONNECT:[ UseTime:0.000290s ] mysql:host=127.0.0.1;port=3306;dbname=jzapp_qingyunjia;charset=utf8
[2022-08-23T15:48:58+08:00][sql] SHOW FULL COLUMNS FROM `jz_record` [ RunTime:0.000700s ]
[2022-08-23T15:48:58+08:00][sql] SELECT SUM(`money`) AS think_sum FROM `jz_record` WHERE  `userid` = '001001'  AND `CreatTime` BETWEEN '2022-01-01 00:00:00' AND '2022-12-31 23:59:59' LIMIT 1 [ RunTime:0.000302s ]
[2022-08-23T15:48:58+08:00][sql] SELECT SUM(`money`) AS think_sum FROM `jz_record` WHERE  `userid` = '001001'  AND `CreatTime` BETWEEN '2022-08-01 00:00:00' AND '2022-08-31 23:59:59' LIMIT 1 [ RunTime:0.000207s ]
[2022-08-23T15:48:58+08:00][sql] SELECT SUM(`money`) AS think_sum FROM `jz_record` WHERE  `userid` = '001001'  AND `CreatTime` BETWEEN '2022-08-22 00:00:00' AND '2022-08-28 23:59:59' LIMIT 1 [ RunTime:0.000204s ]
[2022-08-23T15:48:58+08:00][sql] SELECT SUM(`money`) AS think_sum FROM `jz_record` WHERE  `userid` = '001001'  AND `CreatTime` BETWEEN '2022-08-23 00:00:00' AND '2022-08-23 23:59:59' LIMIT 1 [ RunTime:0.000218s ]
[2022-08-23T15:48:58+08:00][sql] SELECT * FROM `jz_record` WHERE  `userid` = '001001' ORDER BY `time` DESC LIMIT 6 [ RunTime:0.000240s ]
[2022-08-23T15:49:00+08:00][sql] CONNECT:[ UseTime:0.000310s ] mysql:host=127.0.0.1;port=3306;dbname=jzapp_qingyunjia;charset=utf8
[2022-08-23T15:49:00+08:00][sql] SHOW FULL COLUMNS FROM `jz_record` [ RunTime:0.000719s ]
[2022-08-23T15:49:00+08:00][sql] SELECT * FROM `jz_record` WHERE  `userid` = '001001'  AND `type` = 1  AND `CreatTime` BETWEEN '2022-04-01 00:00:00' AND '2022-04-30 23:59:59' [ RunTime:0.000367s ]
[2022-08-23T15:49:00+08:00][sql] SELECT SUM(`money`) AS think_sum FROM `jz_record` WHERE  `userid` = '001001'  AND `type` = 1  AND `CreatTime` BETWEEN '2022-04-01 00:00:00' AND '2022-04-30 23:59:59' LIMIT 1 [ RunTime:0.000265s ]
[2022-08-23T15:49:00+08:00][sql] SELECT SUM(`money`) AS think_sum FROM `jz_record` WHERE  `userid` = '001001'  AND `type` = 2  AND `CreatTime` BETWEEN '2022-04-01 00:00:00' AND '2022-04-30 23:59:59' LIMIT 1 [ RunTime:0.000231s ]
[2022-08-23T15:49:01+08:00][sql] CONNECT:[ UseTime:0.000537s ] mysql:host=127.0.0.1;port=3306;dbname=jzapp_qingyunjia;charset=utf8
[2022-08-23T15:49:01+08:00][sql] SHOW FULL COLUMNS FROM `jz_record` [ RunTime:0.000737s ]
[2022-08-23T15:49:01+08:00][sql] SELECT SUM(`money`) AS think_sum FROM `jz_record` WHERE  `userid` = '001001'  AND `type` = 1  AND `title` = '交通'  AND `CreatTime` BETWEEN '2022-04-01 00:00:00' AND '2022-04-30 23:59:59' LIMIT 1 [ RunTime:0.000306s ]
[2022-08-23T15:49:01+08:00][sql] SELECT SUM(`money`) AS think_sum FROM `jz_record` WHERE  `userid` = '001001'  AND `type` = 1  AND `title` = '餐饮'  AND `CreatTime` BETWEEN '2022-04-01 00:00:00' AND '2022-04-30 23:59:59' LIMIT 1 [ RunTime:0.000231s ]
[2022-08-23T15:49:01+08:00][sql] SELECT SUM(`money`) AS think_sum FROM `jz_record` WHERE  `userid` = '001001'  AND `type` = 1  AND `title` = '娱乐'  AND `CreatTime` BETWEEN '2022-04-01 00:00:00' AND '2022-04-30 23:59:59' LIMIT 1 [ RunTime:0.000236s ]
[2022-08-23T15:49:01+08:00][sql] SELECT SUM(`money`) AS think_sum FROM `jz_record` WHERE  `userid` = '001001'  AND `type` = 1  AND `title` = '健康'  AND `CreatTime` BETWEEN '2022-04-01 00:00:00' AND '2022-04-30 23:59:59' LIMIT 1 [ RunTime:0.000217s ]
[2022-08-23T15:49:01+08:00][sql] SELECT SUM(`money`) AS think_sum FROM `jz_record` WHERE  `userid` = '001001'  AND `type` = 1  AND `title` = '居家'  AND `CreatTime` BETWEEN '2022-04-01 00:00:00' AND '2022-04-30 23:59:59' LIMIT 1 [ RunTime:0.000218s ]
[2022-08-23T15:49:01+08:00][sql] SELECT SUM(`money`) AS think_sum FROM `jz_record` WHERE  `userid` = '001001'  AND `type` = 1  AND `title` = '购物'  AND `CreatTime` BETWEEN '2022-04-01 00:00:00' AND '2022-04-30 23:59:59' LIMIT 1 [ RunTime:0.000246s ]
[2022-08-23T15:49:01+08:00][sql] SELECT SUM(`money`) AS think_sum FROM `jz_record` WHERE  `userid` = '001001'  AND `type` = 1  AND `title` = '文教'  AND `CreatTime` BETWEEN '2022-04-01 00:00:00' AND '2022-04-30 23:59:59' LIMIT 1 [ RunTime:0.000224s ]
[2022-08-23T15:49:01+08:00][sql] SELECT SUM(`money`) AS think_sum FROM `jz_record` WHERE  `userid` = '001001'  AND `type` = 1  AND `title` = '其他'  AND `CreatTime` BETWEEN '2022-04-01 00:00:00' AND '2022-04-30 23:59:59' LIMIT 1 [ RunTime:0.000219s ]
[2022-08-23T15:50:22+08:00][sql] CONNECT:[ UseTime:0.000401s ] mysql:host=127.0.0.1;port=3306;dbname=jzapp_qingyunjia;charset=utf8
[2022-08-23T15:50:22+08:00][sql] SHOW FULL COLUMNS FROM `jz_record` [ RunTime:0.001313s ]
[2022-08-23T15:50:22+08:00][sql] SELECT SUM(`money`) AS think_sum FROM `jz_record` WHERE  `userid` = '001001'  AND `CreatTime` BETWEEN '2022-01-01 00:00:00' AND '2022-12-31 23:59:59' LIMIT 1 [ RunTime:0.000407s ]
[2022-08-23T15:50:22+08:00][sql] SELECT SUM(`money`) AS think_sum FROM `jz_record` WHERE  `userid` = '001001'  AND `CreatTime` BETWEEN '2022-08-01 00:00:00' AND '2022-08-31 23:59:59' LIMIT 1 [ RunTime:0.000268s ]
[2022-08-23T15:50:22+08:00][sql] SELECT SUM(`money`) AS think_sum FROM `jz_record` WHERE  `userid` = '001001'  AND `CreatTime` BETWEEN '2022-08-22 00:00:00' AND '2022-08-28 23:59:59' LIMIT 1 [ RunTime:0.000260s ]
[2022-08-23T15:50:22+08:00][sql] SELECT SUM(`money`) AS think_sum FROM `jz_record` WHERE  `userid` = '001001'  AND `CreatTime` BETWEEN '2022-08-23 00:00:00' AND '2022-08-23 23:59:59' LIMIT 1 [ RunTime:0.000204s ]
[2022-08-23T15:50:22+08:00][sql] SELECT * FROM `jz_record` WHERE  `userid` = '001001' ORDER BY `time` DESC LIMIT 6 [ RunTime:0.000417s ]
[2022-08-23T15:51:26+08:00][sql] CONNECT:[ UseTime:0.000662s ] mysql:host=127.0.0.1;port=3306;dbname=jzapp_qingyunjia;charset=utf8
[2022-08-23T15:51:26+08:00][sql] SHOW FULL COLUMNS FROM `jz_record` [ RunTime:0.000727s ]
[2022-08-23T15:51:26+08:00][sql] SELECT SUM(`money`) AS think_sum FROM `jz_record` WHERE  `userid` = '001001'  AND `type` = 1  AND `title` = '交通'  AND `CreatTime` BETWEEN '2022-04-01 00:00:00' AND '2022-04-30 23:59:59' LIMIT 1 [ RunTime:0.000325s ]
[2022-08-23T15:51:26+08:00][sql] SELECT SUM(`money`) AS think_sum FROM `jz_record` WHERE  `userid` = '001001'  AND `type` = 1  AND `title` = '餐饮'  AND `CreatTime` BETWEEN '2022-04-01 00:00:00' AND '2022-04-30 23:59:59' LIMIT 1 [ RunTime:0.000322s ]
[2022-08-23T15:51:26+08:00][sql] SELECT SUM(`money`) AS think_sum FROM `jz_record` WHERE  `userid` = '001001'  AND `type` = 1  AND `title` = '娱乐'  AND `CreatTime` BETWEEN '2022-04-01 00:00:00' AND '2022-04-30 23:59:59' LIMIT 1 [ RunTime:0.000222s ]
[2022-08-23T15:51:26+08:00][sql] SELECT SUM(`money`) AS think_sum FROM `jz_record` WHERE  `userid` = '001001'  AND `type` = 1  AND `title` = '健康'  AND `CreatTime` BETWEEN '2022-04-01 00:00:00' AND '2022-04-30 23:59:59' LIMIT 1 [ RunTime:0.000218s ]
[2022-08-23T15:51:26+08:00][sql] SELECT SUM(`money`) AS think_sum FROM `jz_record` WHERE  `userid` = '001001'  AND `type` = 1  AND `title` = '居家'  AND `CreatTime` BETWEEN '2022-04-01 00:00:00' AND '2022-04-30 23:59:59' LIMIT 1 [ RunTime:0.000222s ]
[2022-08-23T15:51:26+08:00][sql] SELECT SUM(`money`) AS think_sum FROM `jz_record` WHERE  `userid` = '001001'  AND `type` = 1  AND `title` = '购物'  AND `CreatTime` BETWEEN '2022-04-01 00:00:00' AND '2022-04-30 23:59:59' LIMIT 1 [ RunTime:0.000217s ]
[2022-08-23T15:51:26+08:00][sql] SELECT SUM(`money`) AS think_sum FROM `jz_record` WHERE  `userid` = '001001'  AND `type` = 1  AND `title` = '文教'  AND `CreatTime` BETWEEN '2022-04-01 00:00:00' AND '2022-04-30 23:59:59' LIMIT 1 [ RunTime:0.000224s ]
[2022-08-23T15:51:26+08:00][sql] SELECT SUM(`money`) AS think_sum FROM `jz_record` WHERE  `userid` = '001001'  AND `type` = 1  AND `title` = '其他'  AND `CreatTime` BETWEEN '2022-04-01 00:00:00' AND '2022-04-30 23:59:59' LIMIT 1 [ RunTime:0.000218s ]
[2022-08-23T15:51:27+08:00][sql] CONNECT:[ UseTime:0.000375s ] mysql:host=127.0.0.1;port=3306;dbname=jzapp_qingyunjia;charset=utf8
[2022-08-23T15:51:27+08:00][sql] SHOW FULL COLUMNS FROM `jz_record` [ RunTime:0.000781s ]
[2022-08-23T15:51:27+08:00][sql] SELECT * FROM `jz_record` WHERE  `userid` = '001001'  AND `type` = 1  AND `CreatTime` BETWEEN '2022-04-01 00:00:00' AND '2022-04-30 23:59:59' [ RunTime:0.000336s ]
[2022-08-23T15:51:27+08:00][sql] SELECT SUM(`money`) AS think_sum FROM `jz_record` WHERE  `userid` = '001001'  AND `type` = 1  AND `CreatTime` BETWEEN '2022-04-01 00:00:00' AND '2022-04-30 23:59:59' LIMIT 1 [ RunTime:0.000236s ]
[2022-08-23T15:51:27+08:00][sql] SELECT SUM(`money`) AS think_sum FROM `jz_record` WHERE  `userid` = '001001'  AND `type` = 2  AND `CreatTime` BETWEEN '2022-04-01 00:00:00' AND '2022-04-30 23:59:59' LIMIT 1 [ RunTime:0.000206s ]
[2022-08-23T15:51:38+08:00][error] [8]未定义数组索引: userid[/www/wwwroot/jzapp.qingyunjian.cn/app/api/controller/Record.php:26]
[2022-08-23T15:52:07+08:00][error] [8]未定义数组索引: userid[/www/wwwroot/jzapp.qingyunjian.cn/app/api/controller/Record.php:68]
[2022-08-23T15:52:11+08:00][error] [8]未定义数组索引: userid[/www/wwwroot/jzapp.qingyunjian.cn/app/api/controller/Record.php:38]
[2022-08-23T15:53:20+08:00][sql] CONNECT:[ UseTime:0.000371s ] mysql:host=127.0.0.1;port=3306;dbname=jzapp_qingyunjia;charset=utf8
[2022-08-23T15:53:20+08:00][sql] SHOW FULL COLUMNS FROM `jz_record` [ RunTime:0.000720s ]
[2022-08-23T15:53:20+08:00][sql] SELECT SUM(`money`) AS think_sum FROM `jz_record` WHERE  `userid` = '001001'  AND `type` = 1  AND `title` = '交通'  AND `CreatTime` BETWEEN '2022-04-01 00:00:00' AND '2022-04-30 23:59:59' LIMIT 1 [ RunTime:0.000312s ]
[2022-08-23T15:53:20+08:00][sql] SELECT SUM(`money`) AS think_sum FROM `jz_record` WHERE  `userid` = '001001'  AND `type` = 1  AND `title` = '餐饮'  AND `CreatTime` BETWEEN '2022-04-01 00:00:00' AND '2022-04-30 23:59:59' LIMIT 1 [ RunTime:0.000289s ]
[2022-08-23T15:53:20+08:00][sql] SELECT SUM(`money`) AS think_sum FROM `jz_record` WHERE  `userid` = '001001'  AND `type` = 1  AND `title` = '娱乐'  AND `CreatTime` BETWEEN '2022-04-01 00:00:00' AND '2022-04-30 23:59:59' LIMIT 1 [ RunTime:0.000221s ]
[2022-08-23T15:53:20+08:00][sql] SELECT SUM(`money`) AS think_sum FROM `jz_record` WHERE  `userid` = '001001'  AND `type` = 1  AND `title` = '健康'  AND `CreatTime` BETWEEN '2022-04-01 00:00:00' AND '2022-04-30 23:59:59' LIMIT 1 [ RunTime:0.000244s ]
[2022-08-23T15:53:20+08:00][sql] SELECT SUM(`money`) AS think_sum FROM `jz_record` WHERE  `userid` = '001001'  AND `type` = 1  AND `title` = '居家'  AND `CreatTime` BETWEEN '2022-04-01 00:00:00' AND '2022-04-30 23:59:59' LIMIT 1 [ RunTime:0.000220s ]
[2022-08-23T15:53:20+08:00][sql] SELECT SUM(`money`) AS think_sum FROM `jz_record` WHERE  `userid` = '001001'  AND `type` = 1  AND `title` = '购物'  AND `CreatTime` BETWEEN '2022-04-01 00:00:00' AND '2022-04-30 23:59:59' LIMIT 1 [ RunTime:0.000220s ]
[2022-08-23T15:53:20+08:00][sql] SELECT SUM(`money`) AS think_sum FROM `jz_record` WHERE  `userid` = '001001'  AND `type` = 1  AND `title` = '文教'  AND `CreatTime` BETWEEN '2022-04-01 00:00:00' AND '2022-04-30 23:59:59' LIMIT 1 [ RunTime:0.000232s ]
[2022-08-23T15:53:20+08:00][sql] SELECT SUM(`money`) AS think_sum FROM `jz_record` WHERE  `userid` = '001001'  AND `type` = 1  AND `title` = '其他'  AND `CreatTime` BETWEEN '2022-04-01 00:00:00' AND '2022-04-30 23:59:59' LIMIT 1 [ RunTime:0.000222s ]
[2022-08-23T15:53:28+08:00][sql] CONNECT:[ UseTime:0.000365s ] mysql:host=127.0.0.1;port=3306;dbname=jzapp_qingyunjia;charset=utf8
[2022-08-23T15:53:28+08:00][sql] SHOW FULL COLUMNS FROM `jz_record` [ RunTime:0.000686s ]
[2022-08-23T15:53:28+08:00][sql] SELECT SUM(`money`) AS think_sum FROM `jz_record` WHERE  `userid` = '001001'  AND `CreatTime` BETWEEN '2022-01-01 00:00:00' AND '2022-12-31 23:59:59' LIMIT 1 [ RunTime:0.000282s ]
[2022-08-23T15:53:28+08:00][sql] SELECT SUM(`money`) AS think_sum FROM `jz_record` WHERE  `userid` = '001001'  AND `CreatTime` BETWEEN '2022-08-01 00:00:00' AND '2022-08-31 23:59:59' LIMIT 1 [ RunTime:0.000203s ]
[2022-08-23T15:53:28+08:00][sql] SELECT SUM(`money`) AS think_sum FROM `jz_record` WHERE  `userid` = '001001'  AND `CreatTime` BETWEEN '2022-08-22 00:00:00' AND '2022-08-28 23:59:59' LIMIT 1 [ RunTime:0.000232s ]
[2022-08-23T15:53:28+08:00][sql] SELECT SUM(`money`) AS think_sum FROM `jz_record` WHERE  `userid` = '001001'  AND `CreatTime` BETWEEN '2022-08-23 00:00:00' AND '2022-08-23 23:59:59' LIMIT 1 [ RunTime:0.000225s ]
[2022-08-23T15:53:28+08:00][sql] SELECT * FROM `jz_record` WHERE  `userid` = '001001' ORDER BY `time` DESC LIMIT 6 [ RunTime:0.000302s ]
[2022-08-23T15:54:40+08:00][sql] CONNECT:[ UseTime:0.000321s ] mysql:host=127.0.0.1;port=3306;dbname=jzapp_qingyunjia;charset=utf8
[2022-08-23T15:54:40+08:00][sql] SHOW FULL COLUMNS FROM `jz_record` [ RunTime:0.000762s ]
[2022-08-23T15:54:40+08:00][sql] SELECT SUM(`money`) AS think_sum FROM `jz_record` WHERE  `userid` = '001001'  AND `CreatTime` BETWEEN '2022-01-01 00:00:00' AND '2022-12-31 23:59:59' LIMIT 1 [ RunTime:0.000328s ]
[2022-08-23T15:54:40+08:00][sql] SELECT SUM(`money`) AS think_sum FROM `jz_record` WHERE  `userid` = '001001'  AND `CreatTime` BETWEEN '2022-08-01 00:00:00' AND '2022-08-31 23:59:59' LIMIT 1 [ RunTime:0.000269s ]
[2022-08-23T15:54:40+08:00][sql] SELECT SUM(`money`) AS think_sum FROM `jz_record` WHERE  `userid` = '001001'  AND `CreatTime` BETWEEN '2022-08-22 00:00:00' AND '2022-08-28 23:59:59' LIMIT 1 [ RunTime:0.000282s ]
[2022-08-23T15:54:40+08:00][sql] SELECT SUM(`money`) AS think_sum FROM `jz_record` WHERE  `userid` = '001001'  AND `CreatTime` BETWEEN '2022-08-23 00:00:00' AND '2022-08-23 23:59:59' LIMIT 1 [ RunTime:0.000268s ]
[2022-08-23T15:54:40+08:00][sql] SELECT * FROM `jz_record` WHERE  `userid` = '001001' ORDER BY `time` DESC LIMIT 6 [ RunTime:0.000338s ]
[2022-08-23T15:54:54+08:00][sql] CONNECT:[ UseTime:0.000319s ] mysql:host=127.0.0.1;port=3306;dbname=jzapp_qingyunjia;charset=utf8
[2022-08-23T15:54:54+08:00][sql] SHOW FULL COLUMNS FROM `jz_record` [ RunTime:0.000733s ]
[2022-08-23T15:54:54+08:00][sql] SELECT SUM(`money`) AS think_sum FROM `jz_record` WHERE  `userid` = '001001'  AND `CreatTime` BETWEEN '2022-01-01 00:00:00' AND '2022-12-31 23:59:59' LIMIT 1 [ RunTime:0.000280s ]
[2022-08-23T15:54:54+08:00][sql] SELECT SUM(`money`) AS think_sum FROM `jz_record` WHERE  `userid` = '001001'  AND `CreatTime` BETWEEN '2022-08-01 00:00:00' AND '2022-08-31 23:59:59' LIMIT 1 [ RunTime:0.000221s ]
[2022-08-23T15:54:54+08:00][sql] SELECT SUM(`money`) AS think_sum FROM `jz_record` WHERE  `userid` = '001001'  AND `CreatTime` BETWEEN '2022-08-22 00:00:00' AND '2022-08-28 23:59:59' LIMIT 1 [ RunTime:0.000202s ]
[2022-08-23T15:54:54+08:00][sql] SELECT SUM(`money`) AS think_sum FROM `jz_record` WHERE  `userid` = '001001'  AND `CreatTime` BETWEEN '2022-08-23 00:00:00' AND '2022-08-23 23:59:59' LIMIT 1 [ RunTime:0.000219s ]
[2022-08-23T15:54:54+08:00][sql] SELECT * FROM `jz_record` WHERE  `userid` = '001001' ORDER BY `time` DESC LIMIT 6 [ RunTime:0.000286s ]
[2022-08-23T15:55:08+08:00][sql] CONNECT:[ UseTime:0.000350s ] mysql:host=127.0.0.1;port=3306;dbname=jzapp_qingyunjia;charset=utf8
[2022-08-23T15:55:08+08:00][sql] SHOW FULL COLUMNS FROM `jz_record` [ RunTime:0.000707s ]
[2022-08-23T15:55:08+08:00][sql] SELECT * FROM `jz_record` WHERE  `userid` = '001001'  AND `type` = 1  AND `CreatTime` BETWEEN '2022-04-01 00:00:00' AND '2022-04-30 23:59:59' [ RunTime:0.000368s ]
[2022-08-23T15:55:08+08:00][sql] SELECT SUM(`money`) AS think_sum FROM `jz_record` WHERE  `userid` = '001001'  AND `type` = 1  AND `CreatTime` BETWEEN '2022-04-01 00:00:00' AND '2022-04-30 23:59:59' LIMIT 1 [ RunTime:0.000251s ]
[2022-08-23T15:55:08+08:00][sql] SELECT SUM(`money`) AS think_sum FROM `jz_record` WHERE  `userid` = '001001'  AND `type` = 2  AND `CreatTime` BETWEEN '2022-04-01 00:00:00' AND '2022-04-30 23:59:59' LIMIT 1 [ RunTime:0.000213s ]
[2022-08-23T15:55:08+08:00][sql] CONNECT:[ UseTime:0.000324s ] mysql:host=127.0.0.1;port=3306;dbname=jzapp_qingyunjia;charset=utf8
[2022-08-23T15:55:08+08:00][sql] SHOW FULL COLUMNS FROM `jz_record` [ RunTime:0.000731s ]
[2022-08-23T15:55:08+08:00][sql] SELECT SUM(`money`) AS think_sum FROM `jz_record` WHERE  `userid` = '001001'  AND `type` = 1  AND `title` = '交通'  AND `CreatTime` BETWEEN '2022-04-01 00:00:00' AND '2022-04-30 23:59:59' LIMIT 1 [ RunTime:0.000299s ]
[2022-08-23T15:55:08+08:00][sql] SELECT SUM(`money`) AS think_sum FROM `jz_record` WHERE  `userid` = '001001'  AND `type` = 1  AND `title` = '餐饮'  AND `CreatTime` BETWEEN '2022-04-01 00:00:00' AND '2022-04-30 23:59:59' LIMIT 1 [ RunTime:0.000248s ]
[2022-08-23T15:55:08+08:00][sql] SELECT SUM(`money`) AS think_sum FROM `jz_record` WHERE  `userid` = '001001'  AND `type` = 1  AND `title` = '娱乐'  AND `CreatTime` BETWEEN '2022-04-01 00:00:00' AND '2022-04-30 23:59:59' LIMIT 1 [ RunTime:0.000220s ]
[2022-08-23T15:55:08+08:00][sql] SELECT SUM(`money`) AS think_sum FROM `jz_record` WHERE  `userid` = '001001'  AND `type` = 1  AND `title` = '健康'  AND `CreatTime` BETWEEN '2022-04-01 00:00:00' AND '2022-04-30 23:59:59' LIMIT 1 [ RunTime:0.000214s ]
[2022-08-23T15:55:08+08:00][sql] SELECT SUM(`money`) AS think_sum FROM `jz_record` WHERE  `userid` = '001001'  AND `type` = 1  AND `title` = '居家'  AND `CreatTime` BETWEEN '2022-04-01 00:00:00' AND '2022-04-30 23:59:59' LIMIT 1 [ RunTime:0.000243s ]
[2022-08-23T15:55:08+08:00][sql] SELECT SUM(`money`) AS think_sum FROM `jz_record` WHERE  `userid` = '001001'  AND `type` = 1  AND `title` = '购物'  AND `CreatTime` BETWEEN '2022-04-01 00:00:00' AND '2022-04-30 23:59:59' LIMIT 1 [ RunTime:0.000217s ]
[2022-08-23T15:55:08+08:00][sql] SELECT SUM(`money`) AS think_sum FROM `jz_record` WHERE  `userid` = '001001'  AND `type` = 1  AND `title` = '文教'  AND `CreatTime` BETWEEN '2022-04-01 00:00:00' AND '2022-04-30 23:59:59' LIMIT 1 [ RunTime:0.000218s ]
[2022-08-23T15:55:08+08:00][sql] SELECT SUM(`money`) AS think_sum FROM `jz_record` WHERE  `userid` = '001001'  AND `type` = 1  AND `title` = '其他'  AND `CreatTime` BETWEEN '2022-04-01 00:00:00' AND '2022-04-30 23:59:59' LIMIT 1 [ RunTime:0.000220s ]
[2022-08-23T15:55:13+08:00][sql] CONNECT:[ UseTime:0.000377s ] mysql:host=127.0.0.1;port=3306;dbname=jzapp_qingyunjia;charset=utf8
[2022-08-23T15:55:13+08:00][sql] SHOW FULL COLUMNS FROM `jz_record` [ RunTime:0.000765s ]
[2022-08-23T15:55:13+08:00][sql] SELECT * FROM `jz_record` WHERE  `id` = 3 LIMIT 1 [ RunTime:0.000272s ]
[2022-08-23T15:55:24+08:00][sql] CONNECT:[ UseTime:0.000436s ] mysql:host=127.0.0.1;port=3306;dbname=jzapp_qingyunjia;charset=utf8
[2022-08-23T15:55:24+08:00][sql] SHOW FULL COLUMNS FROM `jz_record` [ RunTime:0.000922s ]
[2022-08-23T15:55:24+08:00][sql] SELECT * FROM `jz_record` WHERE  `userid` = '001001'  AND `type` = 1  AND `CreatTime` BETWEEN '2022-04-01 00:00:00' AND '2022-04-30 23:59:59' [ RunTime:0.000368s ]
[2022-08-23T15:55:24+08:00][sql] SELECT SUM(`money`) AS think_sum FROM `jz_record` WHERE  `userid` = '001001'  AND `type` = 1  AND `CreatTime` BETWEEN '2022-04-01 00:00:00' AND '2022-04-30 23:59:59' LIMIT 1 [ RunTime:0.000264s ]
[2022-08-23T15:55:24+08:00][sql] SELECT SUM(`money`) AS think_sum FROM `jz_record` WHERE  `userid` = '001001'  AND `type` = 2  AND `CreatTime` BETWEEN '2022-04-01 00:00:00' AND '2022-04-30 23:59:59' LIMIT 1 [ RunTime:0.000204s ]
[2022-08-23T15:57:11+08:00][sql] CONNECT:[ UseTime:0.000324s ] mysql:host=127.0.0.1;port=3306;dbname=jzapp_qingyunjia;charset=utf8
[2022-08-23T15:57:11+08:00][sql] SHOW FULL COLUMNS FROM `jz_record` [ RunTime:0.000762s ]
[2022-08-23T15:57:11+08:00][sql] SELECT SUM(`money`) AS think_sum FROM `jz_record` WHERE  `userid` = '001001'  AND `CreatTime` BETWEEN '2022-01-01 00:00:00' AND '2022-12-31 23:59:59' LIMIT 1 [ RunTime:0.000286s ]
[2022-08-23T15:57:11+08:00][sql] SELECT SUM(`money`) AS think_sum FROM `jz_record` WHERE  `userid` = '001001'  AND `CreatTime` BETWEEN '2022-08-01 00:00:00' AND '2022-08-31 23:59:59' LIMIT 1 [ RunTime:0.000203s ]
[2022-08-23T15:57:11+08:00][sql] SELECT SUM(`money`) AS think_sum FROM `jz_record` WHERE  `userid` = '001001'  AND `CreatTime` BETWEEN '2022-08-22 00:00:00' AND '2022-08-28 23:59:59' LIMIT 1 [ RunTime:0.000212s ]
[2022-08-23T15:57:11+08:00][sql] SELECT SUM(`money`) AS think_sum FROM `jz_record` WHERE  `userid` = '001001'  AND `CreatTime` BETWEEN '2022-08-23 00:00:00' AND '2022-08-23 23:59:59' LIMIT 1 [ RunTime:0.000200s ]
[2022-08-23T15:57:11+08:00][sql] SELECT * FROM `jz_record` WHERE  `userid` = '001001' ORDER BY `time` DESC LIMIT 6 [ RunTime:0.000243s ]
[2022-08-23T15:57:27+08:00][sql] CONNECT:[ UseTime:0.000306s ] mysql:host=127.0.0.1;port=3306;dbname=jzapp_qingyunjia;charset=utf8
[2022-08-23T15:57:27+08:00][sql] SHOW FULL COLUMNS FROM `jz_record` [ RunTime:0.000702s ]
[2022-08-23T15:57:27+08:00][sql] SELECT SUM(`money`) AS think_sum FROM `jz_record` WHERE  `userid` = '001001'  AND `type` = 1  AND `title` = '交通'  AND `CreatTime` BETWEEN '2022-04-01 00:00:00' AND '2022-04-30 23:59:59' LIMIT 1 [ RunTime:0.000316s ]
[2022-08-23T15:57:27+08:00][sql] SELECT SUM(`money`) AS think_sum FROM `jz_record` WHERE  `userid` = '001001'  AND `type` = 1  AND `title` = '餐饮'  AND `CreatTime` BETWEEN '2022-04-01 00:00:00' AND '2022-04-30 23:59:59' LIMIT 1 [ RunTime:0.000253s ]
[2022-08-23T15:57:27+08:00][sql] SELECT SUM(`money`) AS think_sum FROM `jz_record` WHERE  `userid` = '001001'  AND `type` = 1  AND `title` = '娱乐'  AND `CreatTime` BETWEEN '2022-04-01 00:00:00' AND '2022-04-30 23:59:59' LIMIT 1 [ RunTime:0.000222s ]
[2022-08-23T15:57:27+08:00][sql] SELECT SUM(`money`) AS think_sum FROM `jz_record` WHERE  `userid` = '001001'  AND `type` = 1  AND `title` = '健康'  AND `CreatTime` BETWEEN '2022-04-01 00:00:00' AND '2022-04-30 23:59:59' LIMIT 1 [ RunTime:0.000220s ]
[2022-08-23T15:57:27+08:00][sql] SELECT SUM(`money`) AS think_sum FROM `jz_record` WHERE  `userid` = '001001'  AND `type` = 1  AND `title` = '居家'  AND `CreatTime` BETWEEN '2022-04-01 00:00:00' AND '2022-04-30 23:59:59' LIMIT 1 [ RunTime:0.000217s ]
[2022-08-23T15:57:27+08:00][sql] SELECT SUM(`money`) AS think_sum FROM `jz_record` WHERE  `userid` = '001001'  AND `type` = 1  AND `title` = '购物'  AND `CreatTime` BETWEEN '2022-04-01 00:00:00' AND '2022-04-30 23:59:59' LIMIT 1 [ RunTime:0.000216s ]
[2022-08-23T15:57:27+08:00][sql] SELECT SUM(`money`) AS think_sum FROM `jz_record` WHERE  `userid` = '001001'  AND `type` = 1  AND `title` = '文教'  AND `CreatTime` BETWEEN '2022-04-01 00:00:00' AND '2022-04-30 23:59:59' LIMIT 1 [ RunTime:0.000222s ]
[2022-08-23T15:57:27+08:00][sql] SELECT SUM(`money`) AS think_sum FROM `jz_record` WHERE  `userid` = '001001'  AND `type` = 1  AND `title` = '其他'  AND `CreatTime` BETWEEN '2022-04-01 00:00:00' AND '2022-04-30 23:59:59' LIMIT 1 [ RunTime:0.000217s ]
[2022-08-23T15:57:42+08:00][sql] CONNECT:[ UseTime:0.000313s ] mysql:host=127.0.0.1;port=3306;dbname=jzapp_qingyunjia;charset=utf8
[2022-08-23T15:57:42+08:00][sql] SHOW FULL COLUMNS FROM `jz_record` [ RunTime:0.000721s ]
[2022-08-23T15:57:42+08:00][sql] SELECT SUM(`money`) AS think_sum FROM `jz_record` WHERE  `userid` = '001001'  AND `CreatTime` BETWEEN '2022-01-01 00:00:00' AND '2022-12-31 23:59:59' LIMIT 1 [ RunTime:0.000280s ]
[2022-08-23T15:57:42+08:00][sql] SELECT SUM(`money`) AS think_sum FROM `jz_record` WHERE  `userid` = '001001'  AND `CreatTime` BETWEEN '2022-08-01 00:00:00' AND '2022-08-31 23:59:59' LIMIT 1 [ RunTime:0.000204s ]
[2022-08-23T15:57:42+08:00][sql] SELECT SUM(`money`) AS think_sum FROM `jz_record` WHERE  `userid` = '001001'  AND `CreatTime` BETWEEN '2022-08-22 00:00:00' AND '2022-08-28 23:59:59' LIMIT 1 [ RunTime:0.000198s ]
[2022-08-23T15:57:42+08:00][sql] SELECT SUM(`money`) AS think_sum FROM `jz_record` WHERE  `userid` = '001001'  AND `CreatTime` BETWEEN '2022-08-23 00:00:00' AND '2022-08-23 23:59:59' LIMIT 1 [ RunTime:0.000203s ]
[2022-08-23T15:57:42+08:00][sql] SELECT * FROM `jz_record` WHERE  `userid` = '001001' ORDER BY `time` DESC LIMIT 6 [ RunTime:0.000245s ]
[2022-08-23T15:57:45+08:00][sql] CONNECT:[ UseTime:0.000547s ] mysql:host=127.0.0.1;port=3306;dbname=jzapp_qingyunjia;charset=utf8
[2022-08-23T15:57:45+08:00][sql] SHOW FULL COLUMNS FROM `jz_record` [ RunTime:0.000773s ]
[2022-08-23T15:57:45+08:00][sql] SELECT SUM(`money`) AS think_sum FROM `jz_record` WHERE  `userid` = '001001'  AND `CreatTime` BETWEEN '2022-01-01 00:00:00' AND '2022-12-31 23:59:59' LIMIT 1 [ RunTime:0.000444s ]
[2022-08-23T15:57:45+08:00][sql] SELECT SUM(`money`) AS think_sum FROM `jz_record` WHERE  `userid` = '001001'  AND `CreatTime` BETWEEN '2022-08-01 00:00:00' AND '2022-08-31 23:59:59' LIMIT 1 [ RunTime:0.000205s ]
[2022-08-23T15:57:45+08:00][sql] SELECT SUM(`money`) AS think_sum FROM `jz_record` WHERE  `userid` = '001001'  AND `CreatTime` BETWEEN '2022-08-22 00:00:00' AND '2022-08-28 23:59:59' LIMIT 1 [ RunTime:0.000199s ]
[2022-08-23T15:57:45+08:00][sql] SELECT SUM(`money`) AS think_sum FROM `jz_record` WHERE  `userid` = '001001'  AND `CreatTime` BETWEEN '2022-08-23 00:00:00' AND '2022-08-23 23:59:59' LIMIT 1 [ RunTime:0.000223s ]
[2022-08-23T15:57:45+08:00][sql] SELECT * FROM `jz_record` WHERE  `userid` = '001001' ORDER BY `time` DESC LIMIT 6 [ RunTime:0.000244s ]
[2022-08-23T16:01:09+08:00][sql] CONNECT:[ UseTime:0.000301s ] mysql:host=127.0.0.1;port=3306;dbname=jzapp_qingyunjia;charset=utf8
[2022-08-23T16:01:09+08:00][sql] SHOW FULL COLUMNS FROM `jz_record` [ RunTime:0.000729s ]
[2022-08-23T16:01:09+08:00][sql] SELECT SUM(`money`) AS think_sum FROM `jz_record` WHERE  `userid` = '001001'  AND `CreatTime` BETWEEN '2022-01-01 00:00:00' AND '2022-12-31 23:59:59' LIMIT 1 [ RunTime:0.000281s ]
[2022-08-23T16:01:09+08:00][sql] SELECT SUM(`money`) AS think_sum FROM `jz_record` WHERE  `userid` = '001001'  AND `CreatTime` BETWEEN '2022-08-01 00:00:00' AND '2022-08-31 23:59:59' LIMIT 1 [ RunTime:0.000203s ]
[2022-08-23T16:01:09+08:00][sql] SELECT SUM(`money`) AS think_sum FROM `jz_record` WHERE  `userid` = '001001'  AND `CreatTime` BETWEEN '2022-08-22 00:00:00' AND '2022-08-28 23:59:59' LIMIT 1 [ RunTime:0.000234s ]
[2022-08-23T16:01:09+08:00][sql] SELECT SUM(`money`) AS think_sum FROM `jz_record` WHERE  `userid` = '001001'  AND `CreatTime` BETWEEN '2022-08-23 00:00:00' AND '2022-08-23 23:59:59' LIMIT 1 [ RunTime:0.000200s ]
[2022-08-23T16:01:09+08:00][sql] SELECT * FROM `jz_record` WHERE  `userid` = '001001' ORDER BY `time` DESC LIMIT 6 [ RunTime:0.000240s ]
[2022-08-23T16:01:32+08:00][sql] CONNECT:[ UseTime:0.000323s ] mysql:host=127.0.0.1;port=3306;dbname=jzapp_qingyunjia;charset=utf8
[2022-08-23T16:01:32+08:00][sql] SHOW FULL COLUMNS FROM `jz_record` [ RunTime:0.000717s ]
[2022-08-23T16:01:32+08:00][sql] SELECT * FROM `jz_record` WHERE  `id` = 3 LIMIT 1 [ RunTime:0.000269s ]
[2022-08-23T16:01:34+08:00][sql] CONNECT:[ UseTime:0.000398s ] mysql:host=127.0.0.1;port=3306;dbname=jzapp_qingyunjia;charset=utf8
[2022-08-23T16:01:34+08:00][sql] SHOW FULL COLUMNS FROM `jz_user` [ RunTime:0.000709s ]
[2022-08-23T16:01:34+08:00][sql] SELECT * FROM `jz_user` WHERE  `username` = '蛋炒饭' LIMIT 1 [ RunTime:0.000300s ]
[2022-08-23T16:03:26+08:00][sql] CONNECT:[ UseTime:0.000368s ] mysql:host=127.0.0.1;port=3306;dbname=jzapp_qingyunjia;charset=utf8
[2022-08-23T16:03:26+08:00][sql] SHOW FULL COLUMNS FROM `jz_record` [ RunTime:0.000749s ]
[2022-08-23T16:03:26+08:00][sql] SELECT SUM(`money`) AS think_sum FROM `jz_record` WHERE  `userid` = '001001'  AND `CreatTime` BETWEEN '2022-01-01 00:00:00' AND '2022-12-31 23:59:59' LIMIT 1 [ RunTime:0.000284s ]
[2022-08-23T16:03:26+08:00][sql] SELECT SUM(`money`) AS think_sum FROM `jz_record` WHERE  `userid` = '001001'  AND `CreatTime` BETWEEN '2022-08-01 00:00:00' AND '2022-08-31 23:59:59' LIMIT 1 [ RunTime:0.000310s ]
[2022-08-23T16:03:26+08:00][sql] SELECT SUM(`money`) AS think_sum FROM `jz_record` WHERE  `userid` = '001001'  AND `CreatTime` BETWEEN '2022-08-22 00:00:00' AND '2022-08-28 23:59:59' LIMIT 1 [ RunTime:0.000222s ]
[2022-08-23T16:03:26+08:00][sql] SELECT SUM(`money`) AS think_sum FROM `jz_record` WHERE  `userid` = '001001'  AND `CreatTime` BETWEEN '2022-08-23 00:00:00' AND '2022-08-23 23:59:59' LIMIT 1 [ RunTime:0.000203s ]
[2022-08-23T16:03:26+08:00][sql] SELECT * FROM `jz_record` WHERE  `userid` = '001001' ORDER BY `time` DESC LIMIT 6 [ RunTime:0.000290s ]
[2022-08-23T16:03:48+08:00][sql] CONNECT:[ UseTime:0.000472s ] mysql:host=127.0.0.1;port=3306;dbname=jzapp_qingyunjia;charset=utf8
[2022-08-23T16:03:48+08:00][sql] SHOW FULL COLUMNS FROM `jz_user` [ RunTime:0.000790s ]
[2022-08-23T16:03:48+08:00][sql] SELECT * FROM `jz_user` WHERE  `username` = '蛋炒饭' LIMIT 1 [ RunTime:0.000375s ]
[2022-08-23T16:03:52+08:00][sql] CONNECT:[ UseTime:0.000488s ] mysql:host=127.0.0.1;port=3306;dbname=jzapp_qingyunjia;charset=utf8
[2022-08-23T16:03:52+08:00][sql] SHOW FULL COLUMNS FROM `jz_user` [ RunTime:0.000882s ]
[2022-08-23T16:03:52+08:00][sql] SELECT * FROM `jz_user` WHERE  `username` = '蛋炒饭' LIMIT 1 [ RunTime:0.000554s ]
[2022-08-23T16:03:52+08:00][sql] CONNECT:[ UseTime:0.000321s ] mysql:host=127.0.0.1;port=3306;dbname=jzapp_qingyunjia;charset=utf8
[2022-08-23T16:03:52+08:00][sql] SHOW FULL COLUMNS FROM `jz_record` [ RunTime:0.000953s ]
[2022-08-23T16:03:52+08:00][sql] SELECT SUM(`money`) AS think_sum FROM `jz_record` WHERE  `userid` = '001001'  AND `CreatTime` BETWEEN '2022-01-01 00:00:00' AND '2022-12-31 23:59:59' LIMIT 1 [ RunTime:0.000341s ]
[2022-08-23T16:03:52+08:00][sql] SELECT SUM(`money`) AS think_sum FROM `jz_record` WHERE  `userid` = '001001'  AND `CreatTime` BETWEEN '2022-08-01 00:00:00' AND '2022-08-31 23:59:59' LIMIT 1 [ RunTime:0.000289s ]
[2022-08-23T16:03:52+08:00][sql] SELECT SUM(`money`) AS think_sum FROM `jz_record` WHERE  `userid` = '001001'  AND `CreatTime` BETWEEN '2022-08-22 00:00:00' AND '2022-08-28 23:59:59' LIMIT 1 [ RunTime:0.000271s ]
[2022-08-23T16:03:52+08:00][sql] SELECT SUM(`money`) AS think_sum FROM `jz_record` WHERE  `userid` = '001001'  AND `CreatTime` BETWEEN '2022-08-23 00:00:00' AND '2022-08-23 23:59:59' LIMIT 1 [ RunTime:0.000274s ]
[2022-08-23T16:03:52+08:00][sql] SELECT * FROM `jz_record` WHERE  `userid` = '001001' ORDER BY `time` DESC LIMIT 6 [ RunTime:0.000325s ]
[2022-08-23T16:03:56+08:00][sql] CONNECT:[ UseTime:0.000629s ] mysql:host=127.0.0.1;port=3306;dbname=jzapp_qingyunjia;charset=utf8
[2022-08-23T16:03:56+08:00][sql] SHOW FULL COLUMNS FROM `jz_record` [ RunTime:0.000690s ]
[2022-08-23T16:03:56+08:00][sql] SELECT SUM(`money`) AS think_sum FROM `jz_record` WHERE  `userid` = '001001'  AND `type` = 1  AND `title` = '交通'  AND `CreatTime` BETWEEN '2022-04-01 00:00:00' AND '2022-04-30 23:59:59' LIMIT 1 [ RunTime:0.000315s ]
[2022-08-23T16:03:56+08:00][sql] SELECT SUM(`money`) AS think_sum FROM `jz_record` WHERE  `userid` = '001001'  AND `type` = 1  AND `title` = '餐饮'  AND `CreatTime` BETWEEN '2022-04-01 00:00:00' AND '2022-04-30 23:59:59' LIMIT 1 [ RunTime:0.000230s ]
[2022-08-23T16:03:56+08:00][sql] SELECT SUM(`money`) AS think_sum FROM `jz_record` WHERE  `userid` = '001001'  AND `type` = 1  AND `title` = '娱乐'  AND `CreatTime` BETWEEN '2022-04-01 00:00:00' AND '2022-04-30 23:59:59' LIMIT 1 [ RunTime:0.000249s ]
[2022-08-23T16:03:56+08:00][sql] SELECT SUM(`money`) AS think_sum FROM `jz_record` WHERE  `userid` = '001001'  AND `type` = 1  AND `title` = '健康'  AND `CreatTime` BETWEEN '2022-04-01 00:00:00' AND '2022-04-30 23:59:59' LIMIT 1 [ RunTime:0.000221s ]
[2022-08-23T16:03:56+08:00][sql] SELECT SUM(`money`) AS think_sum FROM `jz_record` WHERE  `userid` = '001001'  AND `type` = 1  AND `title` = '居家'  AND `CreatTime` BETWEEN '2022-04-01 00:00:00' AND '2022-04-30 23:59:59' LIMIT 1 [ RunTime:0.000216s ]
[2022-08-23T16:03:56+08:00][sql] SELECT SUM(`money`) AS think_sum FROM `jz_record` WHERE  `userid` = '001001'  AND `type` = 1  AND `title` = '购物'  AND `CreatTime` BETWEEN '2022-04-01 00:00:00' AND '2022-04-30 23:59:59' LIMIT 1 [ RunTime:0.000247s ]
[2022-08-23T16:03:56+08:00][sql] SELECT SUM(`money`) AS think_sum FROM `jz_record` WHERE  `userid` = '001001'  AND `type` = 1  AND `title` = '文教'  AND `CreatTime` BETWEEN '2022-04-01 00:00:00' AND '2022-04-30 23:59:59' LIMIT 1 [ RunTime:0.000264s ]
[2022-08-23T16:03:56+08:00][sql] SELECT SUM(`money`) AS think_sum FROM `jz_record` WHERE  `userid` = '001001'  AND `type` = 1  AND `title` = '其他'  AND `CreatTime` BETWEEN '2022-04-01 00:00:00' AND '2022-04-30 23:59:59' LIMIT 1 [ RunTime:0.000222s ]
[2022-08-23T16:03:58+08:00][sql] CONNECT:[ UseTime:0.000323s ] mysql:host=127.0.0.1;port=3306;dbname=jzapp_qingyunjia;charset=utf8
[2022-08-23T16:03:58+08:00][sql] SHOW FULL COLUMNS FROM `jz_record` [ RunTime:0.000734s ]
[2022-08-23T16:03:58+08:00][sql] SELECT * FROM `jz_record` WHERE  `userid` = '001001'  AND `type` = 1  AND `CreatTime` BETWEEN '2022-04-01 00:00:00' AND '2022-04-30 23:59:59' [ RunTime:0.000504s ]
[2022-08-23T16:03:58+08:00][sql] SELECT SUM(`money`) AS think_sum FROM `jz_record` WHERE  `userid` = '001001'  AND `type` = 1  AND `CreatTime` BETWEEN '2022-04-01 00:00:00' AND '2022-04-30 23:59:59' LIMIT 1 [ RunTime:0.000274s ]
[2022-08-23T16:03:58+08:00][sql] SELECT SUM(`money`) AS think_sum FROM `jz_record` WHERE  `userid` = '001001'  AND `type` = 2  AND `CreatTime` BETWEEN '2022-04-01 00:00:00' AND '2022-04-30 23:59:59' LIMIT 1 [ RunTime:0.000212s ]
[2022-08-23T16:05:23+08:00][sql] CONNECT:[ UseTime:0.000416s ] mysql:host=127.0.0.1;port=3306;dbname=jzapp_qingyunjia;charset=utf8
[2022-08-23T16:05:23+08:00][sql] SHOW FULL COLUMNS FROM `jz_record` [ RunTime:0.000783s ]
[2022-08-23T16:05:23+08:00][sql] SELECT SUM(`money`) AS think_sum FROM `jz_record` WHERE  `userid` = '001001'  AND `type` = 1  AND `title` = '交通'  AND `CreatTime` BETWEEN '2022-04-01 00:00:00' AND '2022-04-30 23:59:59' LIMIT 1 [ RunTime:0.000339s ]
[2022-08-23T16:05:23+08:00][sql] SELECT SUM(`money`) AS think_sum FROM `jz_record` WHERE  `userid` = '001001'  AND `type` = 1  AND `title` = '餐饮'  AND `CreatTime` BETWEEN '2022-04-01 00:00:00' AND '2022-04-30 23:59:59' LIMIT 1 [ RunTime:0.000233s ]
[2022-08-23T16:05:23+08:00][sql] SELECT SUM(`money`) AS think_sum FROM `jz_record` WHERE  `userid` = '001001'  AND `type` = 1  AND `title` = '娱乐'  AND `CreatTime` BETWEEN '2022-04-01 00:00:00' AND '2022-04-30 23:59:59' LIMIT 1 [ RunTime:0.000221s ]
[2022-08-23T16:05:23+08:00][sql] SELECT SUM(`money`) AS think_sum FROM `jz_record` WHERE  `userid` = '001001'  AND `type` = 1  AND `title` = '健康'  AND `CreatTime` BETWEEN '2022-04-01 00:00:00' AND '2022-04-30 23:59:59' LIMIT 1 [ RunTime:0.000247s ]
[2022-08-23T16:05:23+08:00][sql] SELECT SUM(`money`) AS think_sum FROM `jz_record` WHERE  `userid` = '001001'  AND `type` = 1  AND `title` = '居家'  AND `CreatTime` BETWEEN '2022-04-01 00:00:00' AND '2022-04-30 23:59:59' LIMIT 1 [ RunTime:0.000238s ]
[2022-08-23T16:05:23+08:00][sql] SELECT SUM(`money`) AS think_sum FROM `jz_record` WHERE  `userid` = '001001'  AND `type` = 1  AND `title` = '购物'  AND `CreatTime` BETWEEN '2022-04-01 00:00:00' AND '2022-04-30 23:59:59' LIMIT 1 [ RunTime:0.000233s ]
[2022-08-23T16:05:23+08:00][sql] SELECT SUM(`money`) AS think_sum FROM `jz_record` WHERE  `userid` = '001001'  AND `type` = 1  AND `title` = '文教'  AND `CreatTime` BETWEEN '2022-04-01 00:00:00' AND '2022-04-30 23:59:59' LIMIT 1 [ RunTime:0.000242s ]
[2022-08-23T16:05:23+08:00][sql] SELECT SUM(`money`) AS think_sum FROM `jz_record` WHERE  `userid` = '001001'  AND `type` = 1  AND `title` = '其他'  AND `CreatTime` BETWEEN '2022-04-01 00:00:00' AND '2022-04-30 23:59:59' LIMIT 1 [ RunTime:0.000219s ]
[2022-08-23T16:05:28+08:00][sql] CONNECT:[ UseTime:0.000405s ] mysql:host=127.0.0.1;port=3306;dbname=jzapp_qingyunjia;charset=utf8
[2022-08-23T16:05:28+08:00][sql] SHOW FULL COLUMNS FROM `jz_record` [ RunTime:0.000722s ]
[2022-08-23T16:05:28+08:00][sql] SELECT * FROM `jz_record` WHERE  `userid` = '001001'  AND `type` = 1  AND `CreatTime` BETWEEN '2022-04-01 00:00:00' AND '2022-04-30 23:59:59' [ RunTime:0.000364s ]
[2022-08-23T16:05:28+08:00][sql] SELECT SUM(`money`) AS think_sum FROM `jz_record` WHERE  `userid` = '001001'  AND `type` = 1  AND `CreatTime` BETWEEN '2022-04-01 00:00:00' AND '2022-04-30 23:59:59' LIMIT 1 [ RunTime:0.000237s ]
[2022-08-23T16:05:28+08:00][sql] SELECT SUM(`money`) AS think_sum FROM `jz_record` WHERE  `userid` = '001001'  AND `type` = 2  AND `CreatTime` BETWEEN '2022-04-01 00:00:00' AND '2022-04-30 23:59:59' LIMIT 1 [ RunTime:0.000260s ]
[2022-08-23T16:05:29+08:00][sql] CONNECT:[ UseTime:0.000543s ] mysql:host=127.0.0.1;port=3306;dbname=jzapp_qingyunjia;charset=utf8
[2022-08-23T16:05:29+08:00][sql] SHOW FULL COLUMNS FROM `jz_record` [ RunTime:0.000738s ]
[2022-08-23T16:05:29+08:00][sql] SELECT SUM(`money`) AS think_sum FROM `jz_record` WHERE  `userid` = '001001'  AND `CreatTime` BETWEEN '2022-01-01 00:00:00' AND '2022-12-31 23:59:59' LIMIT 1 [ RunTime:0.000283s ]
[2022-08-23T16:05:29+08:00][sql] SELECT SUM(`money`) AS think_sum FROM `jz_record` WHERE  `userid` = '001001'  AND `CreatTime` BETWEEN '2022-08-01 00:00:00' AND '2022-08-31 23:59:59' LIMIT 1 [ RunTime:0.000205s ]
[2022-08-23T16:05:29+08:00][sql] SELECT SUM(`money`) AS think_sum FROM `jz_record` WHERE  `userid` = '001001'  AND `CreatTime` BETWEEN '2022-08-22 00:00:00' AND '2022-08-28 23:59:59' LIMIT 1 [ RunTime:0.000230s ]
[2022-08-23T16:05:29+08:00][sql] SELECT SUM(`money`) AS think_sum FROM `jz_record` WHERE  `userid` = '001001'  AND `CreatTime` BETWEEN '2022-08-23 00:00:00' AND '2022-08-23 23:59:59' LIMIT 1 [ RunTime:0.000204s ]
[2022-08-23T16:05:29+08:00][sql] SELECT * FROM `jz_record` WHERE  `userid` = '001001' ORDER BY `time` DESC LIMIT 6 [ RunTime:0.000242s ]
